=== Job info ===
Job ID:   3189202
Node:     adroit-15
Start:    2026-05-05T00:12:30-04:00
Project:  /scratch/network/gl2969/cos_598i_final

=== CPU ===
Model name:                              Intel(R) Xeon(R) Gold 6142 CPU @ 2.60GHz
Thread(s) per core:                      1
Core(s) per socket:                      16
Socket(s):                               2
CPU(s) scaling MHz:                      86%
CPU max MHz:                             3700.0000
CPU min MHz:                             1000.0000

=== NUMA ===
available: 2 nodes (0-1)
node 0 cpus: 0 2 4 6 8 10 12 14 16 18 20 22 24 26 28 30
node 0 size: 191395 MB
node 0 free: 57078 MB
node 1 cpus: 1 3 5 7 9 11 13 15 17 19 21 23 25 27 29 31
node 1 size: 193528 MB
node 1 free: 150220 MB
node distances:
node     0    1 
   0:   10   21 
   1:   21   10 

=== Kernel ===
randomize_va_space: 2
================

                name,      time,      CPUs,       IPC,       GHz, Bandwidth,    cycles,LLC-misses,LLC-misses2, l1-misses,    instr.,br. misses,    all_rd,br. misses,    stores,     loads, mem_stall,local_dram,remote_dram,task-clock,
       q4 hyper     ,  2320.768,     1.000,     0.718,     2.734,  2128.097,    84.623,     0.940,     0.309,     1.862,    60.789,     0.621,     1.079,     0.621,     7.972,    24.832,    40.200,     0.069,     0.000,    30.947,
       q4 vectorwise,  2513.447,     1.000,     1.372,     2.808,  1653.562,    94.099,     0.946,     0.333,     3.561,   129.081,     0.612,     0.908,     0.612,    15.035,    37.148,    33.301,     0.074,     0.000,    33.517,
       q5 hyper     ,   651.761,     1.000,     0.932,     3.136,  3521.713,    26.686,     0.142,     0.032,     0.601,    24.867,     0.180,     0.491,     0.180,     0.137,     8.421,    11.310,     0.007,     0.000,     8.510,
       q5 vectorwise,   538.775,     1.000,     1.602,     3.113,  4230.070,    21.898,     0.147,     0.030,     0.815,    35.089,     0.075,     0.488,     0.075,     1.743,     6.046,     8.176,     0.007,     0.000,     7.035,
      q10 hyper     ,   924.604,     1.000,     0.588,     3.033,  2984.157,    36.662,     0.371,     0.077,     0.730,    21.560,     0.374,     0.591,     0.374,     1.495,     9.969,    15.297,     0.017,     0.000,    12.088,
      q10 vectorwise,   772.956,     1.000,     1.129,     3.009,  3467.412,    30.406,     0.360,     0.086,     1.067,    34.319,     0.127,     0.574,     0.127,     4.769,     8.933,    11.944,     0.019,     0.000,    10.106,
      q11 hyper     ,   100.317,     1.000,     1.422,     3.119,  3355.525,    38.631,     0.343,     0.021,     1.486,    54.921,     0.197,     0.681,     0.197,     5.728,    19.224,    10.267,     0.005,     0.000,    12.386,
      q11 vectorwise,   121.619,     1.000,     1.741,     3.138,  2396.459,    47.118,     0.282,     0.086,     2.471,    82.026,     0.255,     0.590,     0.255,     9.025,    19.429,    11.535,     0.019,     0.000,    15.017,
      q12 hyper     ,  1744.574,     1.000,     0.623,     2.724,  2057.229,    63.364,     0.705,     0.189,     1.026,    39.502,     0.769,     0.784,     0.769,     2.965,    15.135,    25.832,     0.042,     0.000,    23.264,
      q12 vectorwise,  1664.327,     1.000,     0.745,     2.705,  2153.713,    60.042,     0.700,     0.217,     1.404,    44.714,     0.667,     0.783,     0.667,     4.032,    10.634,    26.380,     0.048,     0.000,    22.194,
      q13 hyper     ,  1572.876,     1.000,     1.221,     3.068,  2877.039,   292.448,     1.933,     0.123,     7.291,   356.995,     2.263,     4.493,     2.263,    37.819,   107.791,    73.300,     0.029,     0.000,    95.322,
      q13 vectorwise,  1706.220,     1.000,     1.543,     3.113,  2136.900,   321.923,     1.804,     0.111,    13.828,   496.627,     2.412,     3.620,     2.412,    53.740,   135.826,    71.410,     0.025,     0.000,   103.403,
      q14 hyper     ,   411.477,     1.000,     0.661,     3.068,  1777.128,    20.366,     0.184,     0.060,     0.244,    13.453,     0.223,     0.193,     0.223,     0.455,     5.028,     9.673,     0.013,     0.000,     6.638,
      q14 vectorwise,   268.709,     1.000,     1.405,     2.831,  2695.292,    12.273,     0.168,     0.049,     0.298,    17.240,     0.025,     0.191,     0.025,     1.955,     3.182,     5.849,     0.011,     0.000,     4.335,
      q15 hyper     ,   357.267,     1.000,     0.874,     3.119,  2832.765,    18.546,     0.265,     0.028,     0.377,    16.205,     0.303,     0.276,     0.303,     0.720,     9.098,     5.152,     0.006,     0.000,     5.946,
      q15 vectorwise,   270.427,     1.000,     2.499,     3.125,  2998.768,    14.067,     0.207,     0.051,     0.694,    35.149,     0.033,     0.221,     0.033,     5.094,     9.788,     2.685,     0.011,     0.000,     4.501,
      q17 hyper     ,  2917.029,     1.000,     1.201,     2.733,  5115.683,    65.358,     0.488,     0.023,     3.515,    78.493,     0.312,     2.004,     0.312,    10.370,    33.970,    20.655,     0.005,     0.000,    23.914,
      q17 vectorwise,  3695.456,     1.000,     1.783,     2.918,  3236.757,    88.409,     0.422,     0.019,     9.200,   157.592,     0.452,     1.607,     0.452,    17.909,    44.698,    19.428,     0.004,     0.000,    30.296,

End: 2026-05-05T00:14:49-04:00
