=== Job info ===
Job ID:   3189190
Node:     adroit-15
Start:    2026-05-05T00:11:00-04:00
Project:  /scratch/network/gl2969/cos_598i_final

=== CPU ===
Model name:                              Intel(R) Xeon(R) Gold 6142 CPU @ 2.60GHz
Thread(s) per core:                      1
Core(s) per socket:                      16
Socket(s):                               2
CPU(s) scaling MHz:                      94%
CPU max MHz:                             3700.0000
CPU min MHz:                             1000.0000

=== NUMA ===
available: 2 nodes (0-1)
node 0 cpus: 0 2 4 6 8 10 12 14 16 18 20 22 24 26 28 30
node 0 size: 191395 MB
node 0 free: 59158 MB
node 1 cpus: 1 3 5 7 9 11 13 15 17 19 21 23 25 27 29 31
node 1 size: 193528 MB
node 1 free: 150198 MB
node distances:
node     0    1 
   0:   10   21 
   1:   21   10 

=== Kernel ===
randomize_va_space: 2
================

                name,      time,      CPUs,       IPC,       GHz, Bandwidth,    cycles,LLC-misses,LLC-misses2, l1-misses,    instr.,br. misses,    all_rd,br. misses,    stores,     loads, mem_stall,local_dram,remote_dram,task-clock,
       q4 hyper     ,   185.088,     1.000,     0.905,     2.710,  2473.802,    66.879,     0.411,     0.060,     1.650,    60.516,     0.686,     1.000,     0.686,     7.837,    24.551,    20.815,     0.014,     0.000,    24.676,
       q4 vectorwise,   208.228,     1.000,     1.631,     2.810,  1705.682,    77.992,     0.374,     0.057,     3.231,   127.176,     0.623,     0.776,     0.623,    14.658,    36.486,    18.873,     0.013,     0.000,    27.761,
       q5 hyper     ,    53.544,     1.000,     1.169,     3.068,  2730.860,    21.446,     0.088,     0.010,     0.487,    25.066,     0.191,     0.313,     0.191,     0.150,     8.534,     6.547,     0.002,     0.000,     6.990,
       q5 vectorwise,    42.591,     1.000,     2.030,     3.088,  3238.683,    17.166,     0.089,     0.011,     0.647,    34.851,     0.071,     0.295,     0.071,     1.739,     6.005,     4.273,     0.003,     0.000,     5.560,
      q10 hyper     ,    74.349,     1.000,     0.687,     3.135,  2763.740,    30.464,     0.238,     0.035,     0.610,    20.937,     0.369,     0.440,     0.369,     1.381,     9.767,     9.678,     0.008,     0.000,     9.718,
      q10 vectorwise,    57.512,     1.000,     1.430,     3.136,  3372.871,    23.570,     0.220,     0.047,     0.911,    33.699,     0.118,     0.415,     0.118,     4.599,     8.707,     6.709,     0.010,     0.000,     7.517,
      q11 hyper     ,     7.957,     1.000,     1.884,     2.976,  2414.595,    29.231,     0.046,     0.002,     0.780,    55.064,     0.187,     0.389,     0.187,     5.618,    19.019,     3.683,     0.001,     0.000,     9.825,
      q11 vectorwise,     9.722,     1.000,     2.155,     3.133,  1502.326,    37.605,     0.023,     0.004,     1.619,    81.022,     0.239,     0.295,     0.239,     8.878,    19.298,     5.227,     0.001,     0.000,    12.003,
      q12 hyper     ,   170.853,     1.000,     0.670,     2.593,  1882.776,    59.051,     0.631,     0.119,     0.970,    39.551,     0.763,     0.703,     0.763,     3.008,    15.117,    21.326,     0.026,     0.000,    22.778,
      q12 vectorwise,   160.171,     1.000,     0.816,     2.571,  1990.997,    54.888,     0.614,     0.141,     1.351,    44.802,     0.668,     0.697,     0.668,     4.026,    10.673,    21.552,     0.031,     0.000,    21.354,
      q13 hyper     ,   135.071,     1.000,     1.431,     3.040,  1605.926,   248.874,     1.614,     0.025,     6.979,   356.169,     2.245,     2.154,     2.245,    37.842,   107.495,    36.305,     0.005,     0.000,    81.868,
      q13 vectorwise,   152.773,     1.000,     1.722,     3.111,  1436.976,   288.089,     1.486,     0.017,    13.564,   496.149,     2.506,     2.180,     2.506,    54.003,   135.943,    38.632,     0.004,     0.000,    92.597,
      q14 hyper     ,    32.079,     1.000,     0.888,     2.968,  2230.438,    15.353,     0.090,     0.021,     0.217,    13.634,     0.223,     0.189,     0.223,     0.464,     5.061,     4.883,     0.005,     0.000,     5.174,
      q14 vectorwise,    21.740,     1.000,     1.844,     2.657,  3129.361,     9.314,     0.088,     0.022,     0.257,    17.171,     0.023,     0.180,     0.023,     1.941,     3.159,     3.019,     0.005,     0.000,     3.506,
      q15 hyper     ,    35.155,     1.000,     0.876,     3.115,  2780.841,    18.219,     0.219,     0.024,     0.320,    15.966,     0.312,     0.266,     0.312,     0.677,     8.997,     4.723,     0.005,     0.000,     5.849,
      q15 vectorwise,    26.053,     1.000,     2.551,     3.182,  2968.844,    13.791,     0.162,     0.041,     0.621,    35.186,     0.040,     0.211,     0.040,     5.071,     9.746,     2.352,     0.009,     0.000,     4.335,
      q17 hyper     ,   263.881,     1.000,     1.344,     2.656,  3109.932,    57.444,     0.440,     0.005,     3.322,    77.194,     0.297,     1.102,     0.297,    10.086,    33.865,    14.157,     0.001,     0.000,    21.626,
      q17 vectorwise,   343.760,     1.000,     1.938,     2.880,  2271.701,    81.126,     0.387,     0.008,     8.786,   157.253,     0.379,     1.049,     0.379,    17.948,    44.579,    16.169,     0.002,     0.000,    28.172,

End: 2026-05-05T00:11:17-04:00
