=== Job info ===
Job ID:   3189203
Node:     adroit-15
Start:    2026-05-05T00:15:00-04:00
Project:  /scratch/network/gl2969/cos_598i_final

=== CPU ===
Model name:                              Intel(R) Xeon(R) Gold 6142 CPU @ 2.60GHz
Thread(s) per core:                      1
Core(s) per socket:                      16
Socket(s):                               2
CPU(s) scaling MHz:                      88%
CPU max MHz:                             3700.0000
CPU min MHz:                             1000.0000

=== NUMA ===
available: 2 nodes (0-1)
node 0 cpus: 0 2 4 6 8 10 12 14 16 18 20 22 24 26 28 30
node 0 size: 191395 MB
node 0 free: 51463 MB
node 1 cpus: 1 3 5 7 9 11 13 15 17 19 21 23 25 27 29 31
node 1 size: 193528 MB
node 1 free: 150231 MB
node distances:
node     0    1 
   0:   10   21 
   1:   21   10 

=== Kernel ===
randomize_va_space: 2
================
                name,      time,      CPUs,       IPC,       GHz, Bandwidth,    cycles,LLC-misses,LLC-misses2, l1-misses,    instr.,br. misses,    all_rd,br. misses,    stores,     loads, mem_stall,local_dram,remote_dram,task-clock,
       q4 hyper     ,  7432.056,     1.000,     0.638,     2.864,  2285.452,    94.603,     1.062,     0.343,     1.962,    60.400,     0.679,     1.237,     0.679,     7.807,    24.632,    47.676,     0.076,     0.000,    33.030,
       q4 vectorwise,  7310.410,     1.000,     1.327,     2.925,  1894.115,    95.042,     0.925,     0.313,     3.512,   126.101,     0.651,     1.008,     0.651,    14.399,    35.944,    34.319,     0.070,     0.000,    32.489,
       q5 hyper     ,  2566.536,     1.000,     0.705,     3.173,  2825.263,    35.437,     0.225,     0.086,     0.693,    24.985,     0.186,     0.517,     0.186,     0.139,     8.479,    19.388,     0.019,     0.000,    11.168,
       q5 vectorwise,  2009.647,     1.000,     1.286,     3.155,  3695.253,    27.591,     0.233,     0.067,     0.953,    35.492,     0.084,     0.529,     0.084,     1.763,     6.153,    12.934,     0.015,     0.000,     8.745,
      q10 hyper     ,  3367.809,     1.000,     0.475,     3.096,  2602.026,    45.438,     0.475,     0.133,     0.776,    21.604,     0.370,     0.626,     0.370,     1.498,     9.908,    23.801,     0.029,     0.000,    14.674,
      q10 vectorwise,  2639.218,     1.000,     0.979,     3.055,  3274.917,    35.127,     0.471,     0.126,     1.146,    34.396,     0.126,     0.617,     0.126,     4.784,     8.944,    16.438,     0.028,     0.000,    11.499,
      q11 hyper     ,   351.116,     1.000,     1.204,     3.152,  3300.993,    45.541,     0.423,     0.043,     1.711,    54.815,     0.174,     0.781,     0.174,     5.659,    19.042,    15.811,     0.010,     0.000,    14.448,
      q11 vectorwise,   413.394,     1.000,     1.540,     3.138,  2333.012,    53.388,     0.351,     0.111,     2.635,    82.239,     0.228,     0.650,     0.228,     9.130,    19.828,    17.571,     0.024,     0.000,    17.012,
      q12 hyper     ,  5150.880,     1.000,     0.611,     2.826,  2247.340,    64.703,     0.714,     0.199,     1.038,    39.521,     0.769,     0.843,     0.769,     2.969,    15.140,    27.301,     0.044,     0.000,    22.892,
      q12 vectorwise,  4910.953,     1.000,     0.729,     2.809,  2345.607,    61.318,     0.710,     0.229,     1.422,    44.692,     0.666,     0.839,     0.666,     4.033,    10.643,    27.621,     0.051,     0.000,    21.826,
      q13 hyper     ,  5285.550,     1.000,     1.083,     3.080,  2766.183,   328.838,     2.176,     0.267,     7.478,   356.160,     2.214,     4.839,     2.214,    37.835,   107.603,   110.324,     0.060,     0.000,   106.774,
      q13 vectorwise,  5605.410,     1.000,     1.408,     3.119,  2054.956,   353.150,     2.239,     0.388,    14.458,   497.360,     2.392,     3.813,     2.392,    53.864,   135.956,   102.792,     0.086,     0.000,   113.236,
      q14 hyper     ,  1399.021,     1.000,     0.607,     2.939,  1649.842,    22.109,     0.192,     0.075,     0.252,    13.430,     0.223,     0.203,     0.223,     0.452,     5.031,    11.363,     0.017,     0.000,     7.521,
      q14 vectorwise,   863.544,     1.000,     1.334,     2.779,  2600.019,    12.899,     0.181,     0.062,     0.309,    17.210,     0.022,     0.198,     0.022,     1.957,     3.181,     6.611,     0.014,     0.000,     4.643,
      q15 hyper     ,  1112.122,     1.000,     0.842,     3.124,  3174.411,    19.267,     0.265,     0.028,     0.386,    16.227,     0.307,     0.321,     0.307,     0.719,     9.113,     5.619,     0.006,     0.000,     6.168,
      q15 vectorwise,   844.853,     1.000,     2.404,     3.122,  3354.801,    14.628,     0.211,     0.051,     0.717,    35.171,     0.031,     0.258,     0.031,     5.095,     9.783,     3.183,     0.011,     0.000,     4.686,
      q17 hyper     , 20466.937,     1.000,     0.464,     3.022,  2285.083,   168.982,     1.300,     0.529,     4.070,    78.414,     0.292,     2.094,     0.292,    10.385,    33.960,   123.184,     0.117,     0.000,    55.918,
      q17 vectorwise, 14256.101,     1.000,     1.355,     2.984,  2609.759,   116.217,     1.034,     0.372,     9.736,   157.463,     0.415,     1.665,     0.415,    17.919,    44.637,    48.437,     0.083,     0.000,    38.950,

End: 2026-05-05T00:23:46-04:00
