=== Job info ===
Job ID:   3189204
Node:     adroit-13
Start:    2026-05-05T00:18:43-04:00
Project:  /scratch/network/gl2969/cos_598i_final

=== CPU ===
Model name:                              Intel(R) Xeon(R) Gold 6142 CPU @ 2.60GHz
Thread(s) per core:                      1
Core(s) per socket:                      16
Socket(s):                               2
CPU(s) scaling MHz:                      85%
CPU max MHz:                             3700.0000
CPU min MHz:                             1000.0000

=== NUMA ===
available: 2 nodes (0-1)
node 0 cpus: 0 2 4 6 8 10 12 14 16 18 20 22 24 26 28 30
node 0 size: 191395 MB
node 0 free: 98553 MB
node 1 cpus: 1 3 5 7 9 11 13 15 17 19 21 23 25 27 29 31
node 1 size: 193528 MB
node 1 free: 55271 MB
node distances:
node     0    1 
   0:   10   21 
   1:   21   10 

=== Kernel ===
randomize_va_space: 2
================

############################################
### vectorSize=1
############################################
                name,      time,      CPUs,       IPC,       GHz, Bandwidth,    cycles,LLC-misses,LLC-misses2, l1-misses,    instr.,br. misses,    all_rd,br. misses,    stores,     loads, mem_stall,local_dram,remote_dram,task-clock,
       q4 hyper     ,   186.392,     1.000,     0.899,     2.712,  2434.016,    67.391,     0.410,     0.058,     1.653,    60.561,     0.693,     0.991,     0.693,     7.831,    24.734,    21.121,     0.013,     0.000,    24.850,
       q4 vectorwise,  4720.195,     1.000,     3.025,     3.215,   130.326,  2022.897,     1.115,     0.155,     3.482,  6119.009,     1.088,     1.344,     1.088,  1209.777,  2402.799,    75.620,     0.032,     0.000,   629.230,
       q5 hyper     ,    53.413,     1.000,     1.160,     3.101,  2690.192,    21.620,     0.088,     0.010,     0.487,    25.079,     0.191,     0.307,     0.191,     0.141,     8.491,     6.687,     0.002,     0.000,     6.973,
       q5 vectorwise,   273.284,     1.000,     2.153,     3.228,   455.558,   115.153,     0.091,     0.023,     0.443,   247.875,     0.180,     0.266,     0.180,    33.144,    85.387,    16.384,     0.005,     0.000,    35.672,
      q10 hyper     ,    74.805,     1.000,     0.685,     3.143,  2770.852,    30.725,     0.241,     0.036,     0.613,    21.047,     0.369,     0.444,     0.369,     1.360,     9.667,     9.911,     0.008,     0.000,     9.778,
      q10 vectorwise,   341.686,     1.000,     2.379,     3.226,   595.132,   144.050,     0.236,     0.054,     0.840,   342.712,     0.386,     0.435,     0.386,    56.377,   129.335,    17.898,     0.012,     0.000,    44.658,
      q11 hyper     ,     8.018,     1.000,     1.873,     2.974,  2382.030,    29.437,     0.043,     0.002,     0.755,    55.138,     0.187,     0.386,     0.187,     5.633,    19.002,     3.599,     0.000,     0.000,     9.899,
      q11 vectorwise,    66.172,     1.000,     2.792,     3.217,   277.155,   262.811,     0.040,     0.002,     1.716,   733.784,     0.242,     0.371,     0.242,   128.839,   270.117,    12.386,     0.000,     0.000,    81.702,
      q12 hyper     ,   172.459,     1.000,     0.664,     2.588,  1854.283,    59.508,     0.625,     0.116,     0.967,    39.524,     0.767,     0.698,     0.767,     2.981,    15.134,    21.800,     0.026,     0.000,    22.992,
      q12 vectorwise,   422.848,     1.000,     2.076,     2.909,   971.592,   163.998,     0.892,     0.148,     1.380,   340.522,     0.758,     0.897,     0.758,    43.304,   125.461,    33.114,     0.032,     0.000,    56.370,
      q13 hyper     ,   136.097,     1.000,     1.423,     3.043,  1597.062,   250.988,     1.630,     0.026,     6.982,   357.035,     2.235,     2.158,     2.235,    37.981,   107.063,    38.693,     0.005,     0.000,    82.490,
      q13 vectorwise,  1920.085,     1.000,     2.890,     3.237,   122.024,  3766.725,     1.505,     0.017,     8.252, 10885.080,     2.750,     2.326,     2.750,  2137.856,  4244.755,   203.374,     0.004,     0.000,  1163.644,
      q14 hyper     ,    32.499,     1.000,     0.865,     2.966,  2142.284,    15.547,     0.090,     0.022,     0.217,    13.446,     0.224,     0.184,     0.224,     0.442,     5.044,     5.065,     0.005,     0.000,     5.241,
      q14 vectorwise,   135.824,     1.000,     2.498,     3.149,   631.513,    68.980,     0.131,     0.034,     0.285,   172.337,     0.164,     0.227,     0.164,    19.570,    63.287,    11.316,     0.008,     0.000,    21.905,
      q15 hyper     ,    34.562,     1.000,     0.879,     3.162,  2843.542,    18.180,     0.219,     0.023,     0.323,    15.983,     0.311,     0.268,     0.311,     0.685,     9.021,     4.720,     0.005,     0.000,     5.750,
      q15 vectorwise,   354.551,     1.000,     3.072,     3.244,   256.145,   191.356,     0.203,     0.022,     0.446,   587.821,     0.217,     0.248,     0.217,   102.846,   227.262,     6.757,     0.005,     0.000,    58.982,
      q17 hyper     ,   261.515,     1.000,     1.381,     2.652,  3185.922,    56.832,     0.448,     0.005,     3.324,    78.500,     0.301,     1.119,     0.301,    10.367,    33.889,    13.630,     0.001,     0.000,    21.432,
      q17 vectorwise,  7434.906,     1.000,     3.025,     3.232,   104.955,  1968.872,     0.412,     0.009,     2.573,  5954.862,     0.577,     1.048,     0.577,  1172.651,  2333.115,    88.452,     0.002,     0.000,   609.269,

############################################
### vectorSize=8
############################################
                name,      time,      CPUs,       IPC,       GHz, Bandwidth,    cycles,LLC-misses,LLC-misses2, l1-misses,    instr.,br. misses,    all_rd,br. misses,    stores,     loads, mem_stall,local_dram,remote_dram,task-clock,
       q4 hyper     ,   186.412,     1.000,     0.895,     2.715,  2455.374,    67.481,     0.411,     0.056,     1.651,    60.370,     0.692,     1.000,     0.692,     7.797,    24.804,    21.027,     0.013,     0.000,    24.853,
       q4 vectorwise,  1100.263,     1.000,     2.764,     3.154,   368.449,   462.579,     0.436,     0.067,     2.013,  1278.736,     0.902,     0.885,     0.902,   244.449,   492.990,    35.943,     0.016,     0.000,   146.673,
       q5 hyper     ,    53.736,     1.000,     1.157,     3.113,  2697.210,    21.834,     0.086,     0.010,     0.486,    25.265,     0.193,     0.310,     0.193,     0.147,     8.447,     6.730,     0.002,     0.000,     7.015,
       q5 vectorwise,    86.555,     1.000,     1.896,     3.164,  1486.571,    35.749,     0.085,     0.013,     0.476,    67.772,     0.128,     0.275,     0.128,     6.735,    18.240,     7.631,     0.003,     0.000,    11.299,
      q10 hyper     ,    74.983,     1.000,     0.688,     3.141,  2770.450,    30.786,     0.240,     0.035,     0.612,    21.189,     0.371,     0.445,     0.371,     1.409,     9.806,     9.966,     0.007,     0.000,     9.802,
      q10 vectorwise,   160.146,     1.000,     2.072,     3.193,  1237.631,    66.834,     0.231,     0.042,     0.785,   138.492,     0.247,     0.424,     0.247,    24.097,    50.003,    11.832,     0.009,     0.000,    20.932,
      q11 hyper     ,     7.971,     1.000,     1.897,     2.937,  2327.755,    28.900,     0.055,     0.002,     0.790,    54.819,     0.187,     0.375,     0.187,     5.612,    18.986,     3.762,     0.000,     0.000,     9.842,
      q11 vectorwise,    41.552,     1.000,     2.840,     3.209,   422.146,   164.591,     0.049,     0.002,     1.735,   467.456,     0.283,     0.355,     0.283,    84.605,   171.248,     8.130,     0.000,     0.000,    51.303,
      q12 hyper     ,   172.904,     1.000,     0.663,     2.583,  1857.581,    59.530,     0.626,     0.115,     0.967,    39.483,     0.768,     0.702,     0.768,     2.989,    15.132,    21.814,     0.025,     0.000,    23.052,
      q12 vectorwise,   212.493,     1.000,     1.092,     2.704,  1607.936,    76.600,     0.676,     0.120,     1.032,    83.644,     0.910,     0.746,     0.910,     9.314,    25.702,    25.756,     0.026,     0.000,    28.329,
      q13 hyper     ,   135.142,     1.000,     1.428,     3.037,  1592.982,   248.753,     1.628,     0.025,     7.036,   355.145,     2.241,     2.138,     2.241,    38.138,   107.389,    36.226,     0.006,     0.000,    81.912,
      q13 vectorwise,   365.583,     1.000,     2.567,     3.186,   576.220,   705.829,     1.488,     0.016,     6.026,  1811.636,     2.867,     2.092,     2.867,   317.546,   655.229,    44.841,     0.004,     0.000,   221.568,
      q14 hyper     ,    32.665,     1.000,     0.862,     2.965,  2137.254,    15.618,     0.093,     0.022,     0.214,    13.458,     0.222,     0.184,     0.222,     0.440,     5.019,     5.087,     0.005,     0.000,     5.268,
      q14 vectorwise,    48.393,     1.000,     1.736,     2.947,  1418.349,    23.002,     0.097,     0.024,     0.221,    39.930,     0.134,     0.181,     0.134,     4.491,    11.440,     7.941,     0.006,     0.000,     7.805,
      q15 hyper     ,    34.583,     1.000,     0.879,     3.159,  2838.917,    18.175,     0.219,     0.024,     0.322,    15.983,     0.311,     0.268,     0.311,     0.684,     9.008,     4.738,     0.005,     0.000,     5.754,
      q15 vectorwise,   158.684,     1.000,     2.919,     3.231,   564.467,    85.284,     0.199,     0.023,     0.351,   248.946,     0.176,     0.244,     0.176,    46.084,    94.419,     5.534,     0.005,     0.000,    26.400,
      q17 hyper     ,   262.211,     1.000,     1.394,     2.632,  3183.261,    56.556,     0.449,     0.005,     3.321,    78.843,     0.302,     1.121,     0.302,    10.434,    33.974,    13.659,     0.001,     0.000,    21.489,
      q17 vectorwise,  1199.208,     1.000,     2.855,     3.140,   666.181,   308.612,     0.402,     0.013,     2.457,   881.024,     0.394,     1.073,     0.394,   162.092,   330.047,    23.410,     0.003,     0.000,    98.273,

############################################
### vectorSize=16
############################################
                name,      time,      CPUs,       IPC,       GHz, Bandwidth,    cycles,LLC-misses,LLC-misses2, l1-misses,    instr.,br. misses,    all_rd,br. misses,    stores,     loads, mem_stall,local_dram,remote_dram,task-clock,
       q4 hyper     ,   186.463,     1.000,     0.897,     2.710,  2436.949,    67.369,     0.410,     0.057,     1.654,    60.405,     0.691,     0.992,     0.691,     7.779,    24.784,    21.139,     0.013,     0.000,    24.859,
       q4 vectorwise,   658.958,     1.000,     2.567,     3.105,   565.505,   272.748,     0.401,     0.063,     2.080,   700.111,     1.156,     0.814,     1.156,   128.743,   262.794,    27.443,     0.014,     0.000,    87.845,
       q5 hyper     ,    54.320,     1.000,     1.160,     3.070,  2634.050,    21.770,     0.088,     0.010,     0.486,    25.255,     0.190,     0.306,     0.190,     0.156,     8.432,     6.805,     0.002,     0.000,     7.091,
       q5 vectorwise,    69.926,     1.000,     1.864,     3.148,  1864.481,    28.736,     0.082,     0.013,     0.488,    53.551,     0.124,     0.279,     0.124,     4.612,    12.918,     6.752,     0.003,     0.000,     9.128,
      q10 hyper     ,    75.110,     1.000,     0.687,     3.129,  2755.935,    30.717,     0.236,     0.035,     0.615,    21.117,     0.371,     0.443,     0.371,     1.378,     9.873,     9.938,     0.008,     0.000,     9.818,
      q10 vectorwise,   133.092,     1.000,     2.063,     3.191,  1451.375,    55.506,     0.224,     0.042,     0.849,   114.529,     0.196,     0.414,     0.196,    20.096,    40.799,    10.228,     0.009,     0.000,    17.397,
      q11 hyper     ,     7.939,     1.000,     1.887,     2.971,  2348.964,    29.117,     0.046,     0.001,     0.779,    54.946,     0.187,     0.377,     0.187,     5.604,    19.009,     3.654,     0.000,     0.000,     9.801,
      q11 vectorwise,    36.105,     1.000,     2.887,     3.206,   512.311,   142.921,     0.036,     0.001,     1.649,   412.595,     0.313,     0.374,     0.313,    73.042,   144.869,     7.921,     0.000,     0.000,    44.580,
      q12 hyper     ,   172.437,     1.000,     0.665,     2.589,  1861.449,    59.505,     0.624,     0.115,     0.966,    39.597,     0.773,     0.701,     0.773,     2.952,    15.128,    21.990,     0.026,     0.000,    22.989,
      q12 vectorwise,   189.125,     1.000,     0.974,     2.657,  1756.227,    66.989,     0.646,     0.116,     1.003,    65.247,     0.827,     0.725,     0.827,     6.826,    18.388,    24.596,     0.026,     0.000,    25.214,
      q13 hyper     ,   135.968,     1.000,     1.420,     3.039,  1592.005,   250.455,     1.612,     0.027,     6.991,   355.621,     2.241,     2.149,     2.241,    37.635,   107.055,    37.813,     0.006,     0.000,    82.413,
      q13 vectorwise,   263.968,     1.000,     2.267,     3.166,   783.195,   506.494,     1.493,     0.017,     6.894,  1148.354,     2.940,     2.053,     2.940,   184.474,   394.681,    47.211,     0.004,     0.000,   159.985,
      q14 hyper     ,    32.373,     1.000,     0.871,     2.964,  2168.870,    15.473,     0.091,     0.021,     0.218,    13.474,     0.224,     0.186,     0.224,     0.453,     5.044,     4.996,     0.005,     0.000,     5.221,
      q14 vectorwise,    39.490,     1.000,     1.605,     2.895,  1814.202,    18.439,     0.091,     0.022,     0.217,    29.598,     0.090,     0.189,     0.090,     3.471,     7.891,     6.911,     0.005,     0.000,     6.369,
      q15 hyper     ,    35.382,     1.000,     0.872,     3.117,  2766.744,    18.349,     0.220,     0.024,     0.338,    15.993,     0.311,     0.267,     0.311,     0.676,     8.991,     4.830,     0.005,     0.000,     5.887,
      q15 vectorwise,   132.563,     1.000,     2.904,     3.238,   668.432,    71.409,     0.198,     0.025,     0.540,   207.375,     0.145,     0.242,     0.145,    38.476,    77.843,     5.021,     0.005,     0.000,    22.055,
      q17 hyper     ,   263.209,     1.000,     1.351,     2.649,  3155.218,    57.144,     0.444,     0.005,     3.317,    77.219,     0.298,     1.115,     0.298,    10.174,    33.968,    13.845,     0.001,     0.000,    21.571,
      q17 vectorwise,   768.638,     1.000,     2.669,     3.079,  1011.423,   193.951,     0.393,     0.012,     2.812,   517.671,     0.490,     1.044,     0.490,    89.709,   186.704,    19.198,     0.003,     0.000,    62.989,

############################################
### vectorSize=32
############################################
                name,      time,      CPUs,       IPC,       GHz, Bandwidth,    cycles,LLC-misses,LLC-misses2, l1-misses,    instr.,br. misses,    all_rd,br. misses,    stores,     loads, mem_stall,local_dram,remote_dram,task-clock,
       q4 hyper     ,   185.865,     1.000,     0.905,     2.691,  2486.740,    66.667,     0.414,     0.056,     1.639,    60.331,     0.677,     1.010,     0.677,     7.762,    24.736,    21.105,     0.013,     0.000,    24.780,
       q4 vectorwise,   423.836,     1.000,     2.396,     3.036,   859.944,   171.519,     0.383,     0.062,     1.655,   411.010,     0.885,     0.796,     0.885,    71.326,   148.397,    21.961,     0.013,     0.000,    56.501,
       q5 hyper     ,    53.856,     1.000,     1.164,     3.092,  2699.247,    21.739,     0.087,     0.010,     0.481,    25.300,     0.193,     0.311,     0.193,     0.145,     8.463,     6.600,     0.002,     0.000,     7.030,
       q5 vectorwise,    59.967,     1.000,     1.817,     3.152,  2200.220,    24.673,     0.079,     0.013,     0.489,    44.826,     0.116,     0.282,     0.116,     3.430,    10.081,     6.063,     0.003,     0.000,     7.828,
      q10 hyper     ,    74.588,     1.000,     0.683,     3.136,  2751.209,    30.574,     0.237,     0.035,     0.608,    20.871,     0.369,     0.439,     0.369,     1.373,     9.711,     9.743,     0.008,     0.000,     9.750,
      q10 vectorwise,   117.247,     1.000,     2.042,     3.179,  1654.856,    48.713,     0.227,     0.043,     0.840,    99.495,     0.172,     0.415,     0.172,    17.357,    34.759,     9.418,     0.009,     0.000,    15.326,
      q11 hyper     ,     7.900,     1.000,     1.898,     2.968,  2345.648,    28.948,     0.045,     0.001,     0.777,    54.934,     0.187,     0.375,     0.187,     5.649,    18.951,     3.550,     0.000,     0.000,     9.754,
      q11 vectorwise,    28.994,     1.000,     2.769,     3.209,   605.435,   114.862,     0.039,     0.002,     1.779,   318.023,     0.333,     0.355,     0.333,    55.881,   113.304,     6.106,     0.000,     0.000,    35.798,
      q12 hyper     ,   171.905,     1.000,     0.664,     2.598,  1863.199,    59.542,     0.623,     0.116,     0.971,    39.532,     0.767,     0.700,     0.767,     2.997,    15.132,    21.616,     0.026,     0.000,    22.918,
      q12 vectorwise,   177.385,     1.000,     0.893,     2.633,  1851.854,    62.268,     0.634,     0.114,     0.989,    55.593,     0.764,     0.717,     0.764,     5.583,    14.797,    23.593,     0.025,     0.000,    23.649,
      q13 hyper     ,   136.291,     1.000,     1.417,     3.035,  1619.868,   250.701,     1.611,     0.026,     6.993,   355.197,     2.249,     2.192,     2.249,    37.672,   107.379,    37.801,     0.006,     0.000,    82.607,
      q13 vectorwise,   207.145,     1.000,     2.075,     3.147,   987.616,   395.030,     1.497,     0.016,     6.495,   819.820,     2.801,     2.031,     2.801,   119.123,   264.234,    43.057,     0.003,     0.000,   125.548,
      q14 hyper     ,    32.248,     1.000,     0.873,     2.970,  2171.547,    15.445,     0.090,     0.021,     0.218,    13.479,     0.222,     0.185,     0.222,     0.462,     5.045,     4.936,     0.005,     0.000,     5.201,
      q14 vectorwise,    34.440,     1.000,     1.543,     2.867,  2081.730,    15.923,     0.089,     0.022,     0.216,    24.573,     0.065,     0.189,     0.065,     2.903,     5.975,     6.327,     0.005,     0.000,     5.555,
      q15 hyper     ,    35.207,     1.000,     0.876,     3.118,  2783.093,    18.262,     0.220,     0.024,     0.323,    15.990,     0.312,     0.267,     0.312,     0.680,     8.994,     4.774,     0.005,     0.000,     5.858,
      q15 vectorwise,   112.439,     1.000,     2.910,     3.232,   792.661,    60.451,     0.194,     0.029,     0.485,   175.892,     0.104,     0.243,     0.104,    32.689,    65.605,     4.647,     0.007,     0.000,    18.707,
      q17 hyper     ,   262.039,     1.000,     1.376,     2.641,  3182.497,    56.705,     0.449,     0.005,     3.319,    78.019,     0.299,     1.120,     0.299,    10.314,    33.775,    13.477,     0.001,     0.000,    21.475,
      q17 vectorwise,   544.711,     1.000,     2.492,     3.011,  1403.346,   134.408,     0.389,     0.009,     2.472,   334.995,     0.499,     1.026,     0.499,    53.391,   114.688,    17.381,     0.002,     0.000,    44.639,

############################################
### vectorSize=64
############################################
                name,      time,      CPUs,       IPC,       GHz, Bandwidth,    cycles,LLC-misses,LLC-misses2, l1-misses,    instr.,br. misses,    all_rd,br. misses,    stores,     loads, mem_stall,local_dram,remote_dram,task-clock,
       q4 hyper     ,   187.292,     1.000,     0.895,     2.694,  2450.919,    67.277,     0.409,     0.056,     1.650,    60.195,     0.687,     1.003,     0.687,     7.811,    24.576,    21.213,     0.012,     0.000,    24.970,
       q4 vectorwise,   315.382,     1.000,     2.130,     2.959,  1126.720,   124.409,     0.375,     0.058,     1.758,   264.981,     0.780,     0.776,     0.780,    42.373,    91.010,    21.461,     0.014,     0.000,    42.044,
       q5 hyper     ,    54.358,     1.000,     1.149,     3.060,  2630.524,    21.710,     0.089,     0.010,     0.489,    24.947,     0.190,     0.306,     0.190,     0.148,     8.508,     6.853,     0.002,     0.000,     7.096,
       q5 vectorwise,    56.372,     1.000,     1.783,     3.136,  2292.105,    23.072,     0.079,     0.013,     0.496,    41.140,     0.116,     0.276,     0.116,     2.678,     8.224,     6.426,     0.003,     0.000,     7.359,
      q10 hyper     ,    75.280,     1.000,     0.682,     3.146,  2761.326,    30.951,     0.242,     0.035,     0.609,    21.118,     0.371,     0.445,     0.371,     1.351,     9.829,    10.078,     0.008,     0.000,     9.840,
      q10 vectorwise,   104.898,     1.000,     1.982,     3.175,  1919.964,    43.527,     0.231,     0.043,     0.823,    86.285,     0.148,     0.431,     0.148,    14.984,    29.597,     9.194,     0.009,     0.000,    13.712,
      q11 hyper     ,     7.999,     1.000,     1.871,     2.963,  2355.626,    29.259,     0.048,     0.001,     0.808,    54.744,     0.187,     0.381,     0.187,     5.641,    18.977,     3.649,     0.001,     0.000,     9.876,
      q11 vectorwise,    22.073,     1.000,     2.612,     3.195,   807.718,    87.059,     0.038,     0.002,     2.167,   227.414,     0.329,     0.361,     0.329,    37.853,    76.963,     6.582,     0.001,     0.000,    27.253,
      q12 hyper     ,   172.585,     1.000,     0.664,     2.591,  1860.978,    59.624,     0.627,     0.116,     0.967,    39.586,     0.768,     0.702,     0.768,     2.973,    15.145,    21.976,     0.038,     0.000,    23.009,
      q12 vectorwise,   169.475,     1.000,     0.860,     2.621,  1940.019,    59.213,     0.631,     0.123,     1.003,    50.931,     0.704,     0.718,     0.704,     4.986,    12.869,    22.694,     0.039,     0.000,    22.595,
      q13 hyper     ,   135.781,     1.000,     1.426,     3.027,  1582.436,   249.094,     1.623,     0.026,     7.028,   355.291,     2.254,     2.134,     2.254,    37.726,   107.246,    36.626,     0.008,     0.000,    82.300,
      q13 vectorwise,   179.085,     1.000,     1.915,     3.125,  1181.929,   339.144,     1.490,     0.015,     7.845,   649.617,     2.715,     2.102,     2.715,    85.211,   197.546,    39.810,     0.005,     0.000,   108.541,
      q14 hyper     ,    32.276,     1.000,     0.872,     2.969,  2175.570,    15.454,     0.090,     0.021,     0.216,    13.471,     0.223,     0.186,     0.223,     0.460,     5.045,     4.964,     0.007,     0.000,     5.205,
      q14 vectorwise,    31.121,     1.000,     1.525,     2.838,  2255.242,    14.243,     0.088,     0.021,     0.215,    21.720,     0.044,     0.185,     0.044,     2.561,     4.874,     5.876,     0.007,     0.000,     5.019,
      q15 hyper     ,    35.004,     1.000,     0.873,     3.136,  2822.395,    18.262,     0.221,     0.024,     0.309,    15.945,     0.310,     0.269,     0.310,     0.682,     9.011,     4.774,     0.008,     0.000,     5.824,
      q15 vectorwise,    90.829,     1.000,     2.884,     3.219,   965.281,    48.641,     0.195,     0.035,     0.548,   140.274,     0.068,     0.239,     0.068,    25.976,    51.724,     4.213,     0.012,     0.000,    15.111,
      q17 hyper     ,   264.298,     1.000,     1.384,     2.622,  3174.264,    56.780,     0.448,     0.005,     3.304,    78.611,     0.302,     1.126,     0.302,    10.324,    34.586,    13.931,     0.002,     0.000,    21.660,
      q17 vectorwise,   431.183,     1.000,     2.364,     2.933,  1738.652,   103.635,     0.389,     0.009,     2.834,   245.011,     0.445,     1.007,     0.445,    35.274,    78.705,    16.546,     0.003,     0.000,    35.336,

############################################
### vectorSize=128
############################################
                name,      time,      CPUs,       IPC,       GHz, Bandwidth,    cycles,LLC-misses,LLC-misses2, l1-misses,    instr.,br. misses,    all_rd,br. misses,    stores,     loads, mem_stall,local_dram,remote_dram,task-clock,
       q4 hyper     ,   184.651,     1.000,     0.907,     2.708,  2461.242,    66.669,     0.410,     0.057,     1.646,    60.487,     0.686,     0.993,     0.686,     7.787,    24.786,    20.553,     0.012,     0.000,    24.618,
       q4 vectorwise,   252.357,     1.000,     1.958,     2.903,  1377.117,    97.668,     0.366,     0.058,     1.997,   191.240,     0.653,     0.759,     0.653,    27.527,    61.589,    19.492,     0.015,     0.000,    33.642,
       q5 hyper     ,    52.324,     1.000,     1.180,     3.122,  2751.860,    21.320,     0.087,     0.010,     0.490,    25.157,     0.191,     0.308,     0.191,     0.142,     8.479,     6.405,     0.002,     0.000,     6.831,
       q5 vectorwise,    51.670,     1.000,     1.827,     3.109,  2497.735,    20.967,     0.080,     0.013,     0.500,    38.303,     0.103,     0.276,     0.103,     2.251,     7.240,     5.559,     0.003,     0.000,     6.745,
      q10 hyper     ,    73.722,     1.000,     0.692,     3.159,  2789.898,    30.439,     0.238,     0.035,     0.610,    21.066,     0.371,     0.440,     0.371,     1.377,     9.782,     9.710,     0.008,     0.000,     9.636,
      q10 vectorwise,    92.579,     1.000,     1.865,     3.164,  2067.558,    38.291,     0.225,     0.044,     0.876,    71.430,     0.147,     0.410,     0.147,    12.058,    23.603,     8.716,     0.010,     0.000,    12.102,
      q11 hyper     ,     7.611,     1.000,     1.906,     3.067,  2501.211,    28.820,     0.054,     0.001,     0.775,    54.923,     0.187,     0.385,     0.187,     5.629,    18.970,     3.515,     0.000,     0.000,     9.397,
      q11 vectorwise,    16.042,     1.000,     2.471,     3.146,  1097.101,    62.298,     0.044,     0.003,     2.157,   153.934,     0.287,     0.356,     0.287,    23.425,    48.237,     5.642,     0.001,     0.000,    19.807,
      q12 hyper     ,   171.546,     1.000,     0.670,     2.583,  1863.480,    59.070,     0.623,     0.115,     0.962,    39.574,     0.776,     0.698,     0.776,     2.947,    15.176,    21.630,     0.026,     0.000,    22.871,
      q12 vectorwise,   165.399,     1.000,     0.846,     2.591,  1954.562,    57.127,     0.620,     0.127,     0.992,    48.305,     0.695,     0.706,     0.695,     4.596,    11.988,    22.249,     0.028,     0.000,    22.051,
      q13 hyper     ,   134.561,     1.000,     1.428,     3.066,  1614.646,   250.055,     1.619,     0.025,     6.984,   357.161,     2.252,     2.157,     2.252,    37.659,   107.767,    36.738,     0.006,     0.000,    81.559,
      q13 vectorwise,   163.555,     1.000,     1.843,     3.122,  1247.906,   309.498,     1.490,     0.017,     8.131,   570.504,     2.632,     2.027,     2.632,    68.418,   164.536,    39.058,     0.004,     0.000,    99.130,
      q14 hyper     ,    32.108,     1.000,     0.879,     2.983,  2151.076,    15.446,     0.090,     0.021,     0.224,    13.577,     0.223,     0.182,     0.223,     0.441,     5.020,     4.842,     0.005,     0.000,     5.179,
      q14 vectorwise,    27.262,     1.000,     1.593,     2.863,  2548.046,    12.585,     0.084,     0.021,     0.211,    20.047,     0.043,     0.184,     0.043,     2.349,     4.237,     4.891,     0.005,     0.000,     4.397,
      q15 hyper     ,    34.413,     1.000,     0.878,     3.177,  2860.013,    18.188,     0.221,     0.024,     0.322,    15.978,     0.312,     0.268,     0.312,     0.681,     8.989,     4.737,     0.005,     0.000,     5.725,
      q15 vectorwise,    67.324,     1.000,     2.830,     3.204,  1302.319,    35.886,     0.191,     0.038,     0.519,   101.564,     0.055,     0.239,     0.055,    18.118,    36.031,     3.614,     0.004,     0.000,    11.201,
      q17 hyper     ,   259.377,     1.000,     1.388,     2.656,  3209.605,    56.464,     0.449,     0.005,     3.316,    78.353,     0.301,     1.118,     0.301,    10.352,    33.892,    13.258,     0.001,     0.000,    21.257,
      q17 vectorwise,   374.870,     1.000,     2.217,     2.911,  2015.731,    89.434,     0.392,     0.008,     3.546,   198.239,     0.460,     1.015,     0.460,    26.190,    60.588,    15.882,     0.001,     0.000,    30.721,

############################################
### vectorSize=256
############################################
                name,      time,      CPUs,       IPC,       GHz, Bandwidth,    cycles,LLC-misses,LLC-misses2, l1-misses,    instr.,br. misses,    all_rd,br. misses,    stores,     loads, mem_stall,local_dram,remote_dram,task-clock,
       q4 hyper     ,   185.919,     1.000,     0.908,     2.691,  2504.032,    66.698,     0.414,     0.056,     1.630,    60.548,     0.683,     1.017,     0.683,     7.803,    24.750,    20.994,     0.013,     0.000,    24.787,
       q4 vectorwise,   227.773,     1.000,     1.830,     2.831,  1519.059,    85.962,     0.371,     0.056,     2.254,   157.313,     0.637,     0.756,     0.637,    20.889,    48.954,    18.984,     0.012,     0.000,    30.366,
       q5 hyper     ,    53.695,     1.000,     1.145,     3.100,  2708.696,    21.730,     0.088,     0.010,     0.485,    24.882,     0.194,     0.311,     0.194,     0.130,     8.556,     6.606,     0.002,     0.000,     7.010,
       q5 vectorwise,    48.186,     1.000,     1.884,     3.080,  2646.042,    19.376,     0.076,     0.011,     0.503,    36.507,     0.084,     0.273,     0.084,     2.066,     6.718,     5.286,     0.003,     0.000,     6.291,
      q10 hyper     ,    74.905,     1.000,     0.692,     3.130,  2773.766,    30.641,     0.240,     0.035,     0.607,    21.197,     0.371,     0.445,     0.371,     1.377,     9.899,     9.875,     0.008,     0.000,     9.791,
      q10 vectorwise,    79.199,     1.000,     1.704,     3.148,  2471.383,    32.581,     0.229,     0.046,     0.918,    55.523,     0.137,     0.419,     0.137,     8.959,    17.418,     8.274,     0.010,     0.000,    10.352,
      q11 hyper     ,     8.092,     1.000,     1.879,     2.933,  2347.534,    29.297,     0.055,     0.002,     0.778,    55.043,     0.187,     0.384,     0.187,     5.643,    18.981,     3.666,     0.000,     0.000,     9.992,
      q11 vectorwise,    12.641,     1.000,     2.314,     3.125,  1313.721,    48.769,     0.037,     0.004,     2.063,   112.875,     0.272,     0.336,     0.272,    15.202,    32.103,     5.359,     0.001,     0.000,    15.608,
      q12 hyper     ,   172.221,     1.000,     0.661,     2.594,  1864.197,    59.554,     0.626,     0.115,     0.967,    39.347,     0.767,     0.701,     0.767,     2.972,    15.171,    21.729,     0.025,     0.000,    22.960,
      q12 vectorwise,   164.989,     1.000,     0.819,     2.583,  1957.462,    56.821,     0.616,     0.133,     0.997,    46.559,     0.678,     0.705,     0.678,     4.360,    11.365,    22.548,     0.029,     0.000,    21.996,
      q13 hyper     ,   135.291,     1.000,     1.427,     3.036,  1593.692,   248.951,     1.622,     0.026,     7.020,   355.153,     2.253,     2.141,     2.253,    37.695,   107.102,    36.365,     0.006,     0.000,    82.003,
      q13 vectorwise,   156.755,     1.000,     1.808,     3.110,  1300.921,   295.492,     1.479,     0.017,     8.889,   534.388,     2.558,     2.025,     2.558,    61.607,   149.633,    38.822,     0.003,     0.000,    95.008,
      q14 hyper     ,    32.199,     1.000,     0.877,     2.974,  2171.684,    15.441,     0.090,     0.021,     0.220,    13.545,     0.223,     0.185,     0.223,     0.453,     5.031,     4.920,     0.005,     0.000,     5.193,
      q14 vectorwise,    24.911,     1.000,     1.664,     2.784,  2716.332,    11.185,     0.086,     0.022,     0.215,    18.611,     0.031,     0.179,     0.031,     2.123,     3.654,     4.011,     0.004,     0.000,     4.018,
      q15 hyper     ,    34.702,     1.000,     0.876,     3.154,  2858.423,    18.206,     0.220,     0.024,     0.317,    15.948,     0.311,     0.270,     0.311,     0.676,     8.981,     4.702,     0.005,     0.000,     5.774,
      q15 vectorwise,    45.792,     1.000,     2.773,     3.191,  1842.009,    24.306,     0.184,     0.040,     0.537,    67.393,     0.042,     0.230,     0.042,    11.471,    22.554,     2.920,     0.009,     0.000,     7.619,
      q17 hyper     ,   261.502,     1.000,     1.386,     2.638,  3191.707,    56.540,     0.449,     0.005,     3.314,    78.344,     0.301,     1.121,     0.301,    10.354,    33.974,    13.556,     0.001,     0.000,    21.431,
      q17 vectorwise,   351.646,     1.000,     2.107,     2.880,  2149.055,    83.004,     0.387,     0.008,     4.736,   174.903,     0.413,     1.015,     0.413,    21.510,    51.408,    16.203,     0.002,     0.000,    28.818,

############################################
### vectorSize=512
############################################
                name,      time,      CPUs,       IPC,       GHz, Bandwidth,    cycles,LLC-misses,LLC-misses2, l1-misses,    instr.,br. misses,    all_rd,br. misses,    stores,     loads, mem_stall,local_dram,remote_dram,task-clock,
       q4 hyper     ,   185.923,     1.000,     0.900,     2.703,  2490.345,    67.000,     0.414,     0.056,     1.639,    60.276,     0.688,     1.011,     0.688,     7.808,    24.787,    20.862,     0.013,     0.000,    24.788,
       q4 vectorwise,   215.535,     1.000,     1.681,     2.814,  1612.843,    80.854,     0.371,     0.056,     2.567,   135.933,     0.633,     0.759,     0.633,    16.514,    40.403,    19.405,     0.012,     0.000,    28.735,
       q5 hyper     ,    53.322,     1.000,     1.170,     3.087,  2686.296,    21.484,     0.088,     0.010,     0.488,    25.130,     0.191,     0.306,     0.191,     0.143,     8.507,     6.597,     0.002,     0.000,     6.961,
       q5 vectorwise,    45.113,     1.000,     1.948,     3.102,  2885.116,    18.267,     0.081,     0.012,     0.542,    35.585,     0.078,     0.278,     0.078,     1.833,     6.226,     4.775,     0.003,     0.000,     5.889,
      q10 hyper     ,    74.871,     1.000,     0.684,     3.131,  2729.008,    30.643,     0.241,     0.035,     0.606,    20.956,     0.369,     0.438,     0.369,     1.329,     9.752,     9.847,     0.008,     0.000,     9.787,
      q10 vectorwise,    66.876,     1.000,     1.522,     3.161,  2877.102,    27.625,     0.217,     0.045,     0.939,    42.058,     0.128,     0.412,     0.128,     6.230,    11.939,     7.650,     0.011,     0.000,     8.742,
      q11 hyper     ,     7.921,     1.000,     1.888,     2.977,  2374.442,    29.115,     0.047,     0.002,     0.779,    54.970,     0.187,     0.380,     0.187,     5.636,    18.958,     3.562,     0.000,     0.000,     9.780,
      q11 vectorwise,    10.660,     1.000,     2.213,     3.141,  1391.132,    41.343,     0.019,     0.002,     1.854,    91.491,     0.256,     0.300,     0.256,    10.946,    23.604,     5.192,     0.000,     0.000,    13.162,
      q12 hyper     ,   172.289,     1.000,     0.666,     2.584,  1863.748,    59.343,     0.626,     0.115,     0.970,    39.545,     0.765,     0.701,     0.765,     2.988,    15.132,    21.817,     0.026,     0.000,    22.970,
      q12 vectorwise,   163.100,     1.000,     0.812,     2.578,  1967.834,    56.044,     0.613,     0.137,     1.049,    45.535,     0.671,     0.701,     0.671,     4.152,    10.926,    22.361,     0.030,     0.000,    21.745,
      q13 hyper     ,   135.250,     1.000,     1.425,     3.032,  1602.500,   248.560,     1.627,     0.025,     7.033,   354.314,     2.246,     2.152,     2.246,    38.080,   107.343,    36.100,     0.005,     0.000,    81.977,
      q13 vectorwise,   153.111,     1.000,     1.753,     3.105,  1397.180,   288.144,     1.490,     0.016,    11.270,   505.203,     2.520,     2.124,     2.520,    55.772,   139.323,    37.575,     0.003,     0.000,    92.801,
      q14 hyper     ,    32.148,     1.000,     0.879,     2.969,  2212.391,    15.390,     0.090,     0.021,     0.215,    13.533,     0.223,     0.188,     0.223,     0.464,     5.054,     4.933,     0.005,     0.000,     5.185,
      q14 vectorwise,    22.949,     1.000,     1.753,     2.735,  2960.146,    10.122,     0.087,     0.022,     0.221,    17.749,     0.027,     0.179,     0.027,     2.048,     3.413,     3.559,     0.005,     0.000,     3.701,
      q15 hyper     ,    34.790,     1.000,     0.873,     3.154,  2834.223,    18.255,     0.220,     0.024,     0.315,    15.933,     0.311,     0.269,     0.311,     0.674,     8.989,     4.742,     0.005,     0.000,     5.788,
      q15 vectorwise,    33.355,     1.000,     2.606,     3.179,  2389.112,    17.643,     0.172,     0.041,     0.625,    45.985,     0.042,     0.217,     0.042,     7.242,    14.101,     2.733,     0.009,     0.000,     5.550,
      q17 hyper     ,   261.452,     1.000,     1.382,     2.641,  3201.974,    56.582,     0.449,     0.005,     3.316,    78.177,     0.301,     1.124,     0.301,    10.341,    33.914,    13.509,     0.001,     0.000,    21.427,
      q17 vectorwise,   339.706,     1.000,     2.050,     2.868,  2264.608,    79.849,     0.390,     0.007,     6.447,   163.686,     0.392,     1.033,     0.392,    19.177,    46.949,    15.837,     0.002,     0.000,    27.840,

############################################
### vectorSize=1024
############################################
                name,      time,      CPUs,       IPC,       GHz, Bandwidth,    cycles,LLC-misses,LLC-misses2, l1-misses,    instr.,br. misses,    all_rd,br. misses,    stores,     loads, mem_stall,local_dram,remote_dram,task-clock,
       q4 hyper     ,   184.700,     1.000,     0.902,     2.710,  2467.889,    66.727,     0.409,     0.057,     1.646,    60.169,     0.686,     0.996,     0.686,     7.775,    24.756,    20.667,     0.012,     0.000,    24.624,
       q4 vectorwise,   207.573,     1.000,     1.635,     2.823,  1700.367,    78.115,     0.374,     0.054,     3.239,   127.751,     0.624,     0.771,     0.624,    14.703,    36.448,    19.007,     0.012,     0.000,    27.673,
       q5 hyper     ,    52.185,     1.000,     1.174,     3.125,  2778.075,    21.284,     0.086,     0.010,     0.489,    24.984,     0.193,     0.310,     0.193,     0.146,     8.493,     6.370,     0.002,     0.000,     6.812,
       q5 vectorwise,    42.745,     1.000,     2.034,     3.075,  3191.249,    17.158,     0.090,     0.011,     0.645,    34.907,     0.071,     0.292,     0.071,     1.732,     5.989,     4.289,     0.002,     0.000,     5.580,
      q10 hyper     ,    73.385,     1.000,     0.688,     3.160,  2795.628,    30.306,     0.237,     0.035,     0.614,    20.849,     0.371,     0.439,     0.371,     1.359,     9.813,     9.594,     0.007,     0.000,     9.593,
      q10 vectorwise,    58.443,     1.000,     1.405,     3.125,  3297.430,    23.874,     0.222,     0.047,     0.913,    33.549,     0.118,     0.413,     0.118,     4.600,     8.702,     6.894,     0.010,     0.000,     7.639,
      q11 hyper     ,     7.477,     1.000,     1.918,     3.104,  2511.427,    28.654,     0.056,     0.001,     0.784,    54.958,     0.187,     0.380,     0.187,     5.616,    19.017,     3.432,     0.000,     0.000,     9.232,
      q11 vectorwise,     9.756,     1.000,     2.164,     3.107,  1450.756,    37.424,     0.024,     0.002,     1.623,    80.986,     0.238,     0.286,     0.238,     8.880,    19.307,     5.073,     0.001,     0.000,    12.046,
      q12 hyper     ,   171.658,     1.000,     0.669,     2.583,  1869.058,    59.119,     0.626,     0.115,     0.964,    39.573,     0.774,     0.701,     0.774,     2.946,    15.164,    21.797,     0.025,     0.000,    22.885,
      q12 vectorwise,   161.752,     1.000,     0.802,     2.593,  1977.128,    55.923,     0.611,     0.135,     1.353,    44.848,     0.660,     0.699,     0.660,     4.034,    10.576,    21.871,     0.030,     0.000,    21.565,
      q13 hyper     ,   134.621,     1.000,     1.423,     3.050,  1607.047,   248.845,     1.615,     0.025,     7.009,   354.065,     2.241,     2.148,     2.241,    37.742,   106.772,    36.945,     0.005,     0.000,    81.597,
      q13 vectorwise,   151.865,     1.000,     1.734,     3.114,  1370.846,   286.608,     1.500,     0.018,    13.623,   496.897,     2.508,     2.067,     2.508,    53.690,   135.771,    37.582,     0.004,     0.000,    92.047,
      q14 hyper     ,    32.167,     1.000,     0.867,     2.973,  2167.958,    15.419,     0.090,     0.021,     0.216,    13.369,     0.222,     0.184,     0.222,     0.462,     5.030,     4.887,     0.005,     0.000,     5.188,
      q14 vectorwise,    21.010,     1.000,     1.858,     2.735,  3214.705,     9.266,     0.088,     0.022,     0.260,    17.217,     0.024,     0.178,     0.024,     1.938,     3.170,     3.082,     0.005,     0.000,     3.389,
      q15 hyper     ,    34.293,     1.000,     0.879,     3.185,  2873.610,    18.171,     0.221,     0.024,     0.323,    15.967,     0.312,     0.269,     0.312,     0.679,     8.997,     4.726,     0.005,     0.000,     5.706,
      q15 vectorwise,    26.753,     1.000,     2.505,     3.148,  2903.719,    14.009,     0.165,     0.041,     0.626,    35.089,     0.040,     0.212,     0.040,     5.066,     9.752,     2.542,     0.009,     0.000,     4.451,
      q17 hyper     ,   258.889,     1.000,     1.387,     2.654,  3225.953,    56.313,     0.450,     0.005,     3.324,    78.119,     0.300,     1.121,     0.300,    10.340,    33.901,    13.285,     0.001,     0.000,    21.217,
      q17 vectorwise,   340.440,     1.000,     1.961,     2.878,  2257.155,    80.306,     0.392,     0.009,     8.756,   157.444,     0.378,     1.032,     0.378,    17.919,    44.641,    15.677,     0.002,     0.000,    27.900,

############################################
### vectorSize=2048
############################################
                name,      time,      CPUs,       IPC,       GHz, Bandwidth,    cycles,LLC-misses,LLC-misses2, l1-misses,    instr.,br. misses,    all_rd,br. misses,    stores,     loads, mem_stall,local_dram,remote_dram,task-clock,
       q4 hyper     ,   189.666,     0.999,     0.896,     2.674,  2395.061,    67.527,     0.413,     0.059,     1.664,    60.516,     0.686,     0.992,     0.686,     7.874,    24.769,    21.220,     0.012,     0.000,    25.259,
       q4 vectorwise,   206.331,     1.000,     1.586,     2.819,  1721.257,    77.545,     0.375,     0.054,     3.652,   122.964,     0.615,     0.776,     0.615,    13.737,    34.665,    19.509,     0.012,     0.000,    27.507,
       q5 hyper     ,    53.577,     1.000,     1.149,     3.122,  2705.035,    21.832,     0.087,     0.010,     0.489,    25.082,     0.192,     0.310,     0.192,     0.135,     8.555,     6.892,     0.002,     0.000,     6.994,
       q5 vectorwise,    42.633,     1.000,     2.026,     3.071,  3264.965,    17.089,     0.091,     0.011,     0.759,    34.622,     0.067,     0.298,     0.067,     1.667,     5.858,     4.380,     0.002,     0.000,     5.566,
      q10 hyper     ,    74.602,     1.000,     0.692,     3.160,  2803.988,    30.814,     0.237,     0.035,     0.611,    21.309,     0.373,     0.448,     0.373,     1.388,     9.918,    10.077,     0.008,     0.000,     9.752,
      q10 vectorwise,    54.710,     1.000,     1.319,     3.114,  3543.139,    22.266,     0.222,     0.047,     0.840,    29.378,     0.112,     0.415,     0.112,     3.743,     7.013,     6.783,     0.010,     0.000,     7.151,
      q11 hyper     ,     7.529,     1.000,     1.902,     3.108,  2529.741,    28.891,     0.053,     0.001,     0.784,    54.946,     0.187,     0.385,     0.187,     5.643,    18.994,     3.554,     0.000,     0.000,     9.296,
      q11 vectorwise,     9.285,     1.000,     2.129,     3.108,  1498.477,    35.622,     0.020,     0.002,     1.453,    75.841,     0.237,     0.281,     0.237,     7.771,    17.165,     5.272,     0.000,     0.000,    11.464,
      q12 hyper     ,   173.042,     1.000,     0.661,     2.588,  1858.025,    59.699,     0.627,     0.116,     0.968,    39.482,     0.768,     0.702,     0.768,     2.966,    15.156,    22.018,     0.026,     0.000,    23.070,
      q12 vectorwise,   162.498,     1.000,     0.797,     2.578,  1943.608,    55.853,     0.603,     0.139,     1.347,    44.501,     0.664,     0.690,     0.664,     3.961,    10.485,    22.475,     0.031,     0.000,    21.664,
      q13 hyper     ,   134.734,     1.000,     1.424,     3.054,  1612.645,   249.398,     1.624,     0.025,     7.010,   355.245,     2.242,     2.158,     2.242,    38.042,   107.094,    37.001,     0.005,     0.000,    81.665,
      q13 vectorwise,   152.289,     1.000,     1.700,     3.112,  1360.436,   287.205,     1.494,     0.018,    15.052,   488.198,     2.496,     2.057,     2.496,    52.253,   133.073,    38.276,     0.004,     0.000,    92.303,
      q14 hyper     ,    32.348,     1.000,     0.871,     2.957,  2153.006,    15.427,     0.090,     0.021,     0.214,    13.430,     0.223,     0.184,     0.223,     0.452,     5.049,     5.000,     0.005,     0.000,     5.217,
      q14 vectorwise,    20.657,     1.000,     1.868,     2.721,  3293.532,     9.066,     0.088,     0.022,     0.287,    16.934,     0.020,     0.180,     0.020,     1.910,     3.073,     3.030,     0.007,     0.000,     3.332,
      q15 hyper     ,    34.574,     1.000,     0.873,     3.181,  2856.079,    18.293,     0.221,     0.024,     0.323,    15.965,     0.313,     0.269,     0.313,     0.679,     9.009,     4.821,     0.008,     0.000,     5.752,
      q15 vectorwise,    23.582,     1.000,     2.407,     3.139,  3252.768,    12.313,     0.161,     0.041,     0.571,    29.643,     0.038,     0.209,     0.038,     4.002,     7.559,     2.481,     0.014,     0.000,     3.923,
      q17 hyper     ,   262.099,     1.000,     1.362,     2.664,  3207.374,    57.221,     0.450,     0.005,     3.338,    77.912,     0.299,     1.129,     0.299,    10.321,    33.754,    13.984,     0.002,     0.000,    21.480,
      q17 vectorwise,   342.964,     1.000,     1.910,     2.878,  2243.874,    80.898,     0.390,     0.010,     9.386,   154.552,     0.373,     1.033,     0.373,    17.397,    43.444,    16.337,     0.003,     0.000,    28.106,

############################################
### vectorSize=4096
############################################
                name,      time,      CPUs,       IPC,       GHz, Bandwidth,    cycles,LLC-misses,LLC-misses2, l1-misses,    instr.,br. misses,    all_rd,br. misses,    stores,     loads, mem_stall,local_dram,remote_dram,task-clock,
       q4 hyper     ,   187.182,     1.000,     0.893,     2.709,  2449.757,    67.609,     0.412,     0.058,     1.654,    60.405,     0.687,     1.002,     0.687,     7.788,    24.542,    21.464,     0.013,     0.000,    24.955,
       q4 vectorwise,   207.949,     1.000,     1.549,     2.809,  1703.543,    77.863,     0.377,     0.055,     4.004,   120.597,     0.609,     0.774,     0.609,    13.327,    33.843,    19.558,     0.013,     0.000,    27.723,
       q5 hyper     ,    54.462,     1.000,     1.137,     3.090,  2639.258,    21.967,     0.088,     0.010,     0.483,    24.967,     0.194,     0.307,     0.194,     0.137,     8.529,     6.867,     0.002,     0.000,     7.109,
       q5 vectorwise,    42.324,     1.000,     2.033,     3.066,  3334.330,    16.937,     0.090,     0.011,     0.802,    34.432,     0.064,     0.302,     0.064,     1.630,     5.771,     4.267,     0.002,     0.000,     5.525,
      q10 hyper     ,    75.177,     1.000,     0.684,     3.141,  2758.253,    30.862,     0.236,     0.035,     0.617,    21.101,     0.371,     0.444,     0.371,     1.372,     9.774,    10.032,     0.008,     0.000,     9.827,
      q10 vectorwise,    52.457,     1.000,     1.265,     3.124,  3710.202,    21.421,     0.219,     0.046,     0.802,    27.088,     0.108,     0.417,     0.108,     3.291,     6.087,     6.644,     0.011,     0.000,     6.857,
      q11 hyper     ,     7.982,     1.000,     1.869,     2.968,  2374.434,    29.245,     0.045,     0.002,     0.780,    54.665,     0.186,     0.383,     0.186,     5.654,    18.985,     3.906,     0.000,     0.000,     9.856,
      q11 vectorwise,     9.228,     1.000,     2.090,     3.072,  1515.194,    34.994,     0.018,     0.002,     1.441,    73.123,     0.243,     0.283,     0.243,     7.217,    16.118,     5.408,     0.000,     0.000,    11.394,
      q12 hyper     ,   172.796,     1.000,     0.661,     2.591,  1853.980,    59.680,     0.627,     0.116,     0.965,    39.470,     0.770,     0.700,     0.770,     2.966,    15.149,    21.986,     0.026,     0.000,    23.037,
      q12 vectorwise,   163.460,     1.000,     0.781,     2.579,  1929.281,    56.196,     0.605,     0.145,     1.419,    43.879,     0.649,     0.689,     0.649,     3.913,    10.408,    23.001,     0.032,     0.000,    21.793,
      q13 hyper     ,   136.378,     1.000,     1.417,     3.023,  1575.978,   249.849,     1.617,     0.025,     7.001,   353.939,     2.247,     2.134,     2.247,    37.602,   107.212,    37.602,     0.006,     0.000,    82.660,
      q13 vectorwise,   154.144,     1.000,     1.668,     3.113,  1385.107,   290.838,     1.488,     0.016,    15.717,   485.038,     2.502,     2.120,     2.502,    51.236,   131.376,    40.197,     0.004,     0.000,    93.427,
      q14 hyper     ,    32.546,     1.000,     0.869,     2.974,  2155.999,    15.607,     0.090,     0.021,     0.217,    13.555,     0.223,     0.185,     0.223,     0.479,     5.072,     5.066,     0.005,     0.000,     5.249,
      q14 vectorwise,    20.662,     1.000,     1.904,     2.647,  3338.213,     8.821,     0.086,     0.021,     0.312,    16.795,     0.018,     0.182,     0.018,     1.894,     3.023,     2.874,     0.005,     0.000,     3.333,
      q15 hyper     ,    35.259,     1.000,     0.871,     3.129,  2792.774,    18.352,     0.221,     0.024,     0.325,    15.992,     0.313,     0.268,     0.313,     0.680,     9.003,     4.806,     0.005,     0.000,     5.866,
      q15 vectorwise,    22.099,     1.000,     2.320,     3.140,  3251.109,    11.544,     0.150,     0.041,     0.542,    26.777,     0.036,     0.196,     0.036,     3.440,     6.480,     2.656,     0.010,     0.000,     3.677,
      q17 hyper     ,   264.866,     1.000,     1.390,     2.625,  3147.880,    56.984,     0.456,     0.005,     3.327,    79.234,     0.304,     1.119,     0.304,    10.470,    34.352,    14.326,     0.001,     0.000,    21.707,
      q17 vectorwise,   346.814,     1.000,     1.863,     2.877,  2243.220,    81.764,     0.389,     0.009,     9.887,   152.328,     0.371,     1.045,     0.371,    17.062,    42.956,    16.348,     0.002,     0.000,    28.422,

############################################
### vectorSize=8192
############################################
                name,      time,      CPUs,       IPC,       GHz, Bandwidth,    cycles,LLC-misses,LLC-misses2, l1-misses,    instr.,br. misses,    all_rd,br. misses,    stores,     loads, mem_stall,local_dram,remote_dram,task-clock,
       q4 hyper     ,   185.845,     1.000,     0.908,     2.694,  2486.134,    66.739,     0.414,     0.057,     1.637,    60.570,     0.679,     1.009,     0.679,     7.765,    24.666,    21.131,     0.013,     0.000,    24.777,
       q4 vectorwise,   202.990,     1.000,     1.569,     2.813,  1753.449,    76.131,     0.377,     0.054,     4.290,   119.419,     0.550,     0.777,     0.550,    13.217,    33.636,    18.857,     0.011,     0.000,    27.062,
       q5 hyper     ,    53.705,     1.000,     1.162,     3.100,  2677.371,    21.728,     0.087,     0.010,     0.481,    25.252,     0.194,     0.308,     0.194,     0.137,     8.482,     6.557,     0.002,     0.000,     7.011,
       q5 vectorwise,    41.397,     1.000,     2.072,     3.055,  3521.027,    16.510,     0.090,     0.011,     0.828,    34.206,     0.060,     0.312,     0.060,     1.612,     5.730,     4.035,     0.002,     0.000,     5.404,
      q10 hyper     ,    74.939,     1.000,     0.682,     3.142,  2739.011,    30.771,     0.242,     0.036,     0.606,    20.983,     0.370,     0.440,     0.370,     1.331,     9.764,     9.920,     0.008,     0.000,     9.795,
      q10 vectorwise,    51.509,     1.000,     1.241,     3.108,  3760.497,    20.923,     0.220,     0.046,     0.814,    25.970,     0.107,     0.415,     0.107,     3.073,     5.684,     6.453,     0.011,     0.000,     6.733,
      q11 hyper     ,     7.934,     1.000,     1.887,     2.971,  2369.792,    29.106,     0.048,     0.002,     0.779,    54.916,     0.186,     0.380,     0.186,     5.647,    19.020,     3.620,     0.000,     0.000,     9.796,
      q11 vectorwise,     9.101,     1.000,     2.084,     3.063,  1453.978,    34.418,     0.015,     0.002,     1.406,    71.724,     0.238,     0.268,     0.238,     6.995,    15.604,     5.155,     0.000,     0.000,    11.237,
      q12 hyper     ,   172.232,     1.000,     0.665,     2.589,  1863.108,    59.439,     0.627,     0.115,     0.963,    39.550,     0.773,     0.701,     0.773,     2.946,    15.185,    21.915,     0.026,     0.000,    22.962,
      q12 vectorwise,   161.801,     1.000,     0.790,     2.582,  1941.743,    55.698,     0.604,     0.141,     1.446,    44.029,     0.644,     0.686,     0.644,     3.895,    10.322,    22.416,     0.032,     0.000,    21.572,
      q13 hyper     ,   135.713,     1.000,     1.420,     3.040,  1598.545,   250.011,     1.615,     0.027,     7.000,   354.897,     2.254,     2.154,     2.254,    37.594,   107.255,    38.056,     0.006,     0.000,    82.258,
      q13 vectorwise,   154.762,     1.000,     1.638,     3.109,  1454.837,   291.641,     1.501,     0.015,    16.338,   477.690,     2.549,     2.236,     2.549,    50.338,   129.583,    39.519,     0.003,     0.000,    93.801,
      q14 hyper     ,    32.069,     1.000,     0.868,     2.964,  2109.927,    15.328,     0.090,     0.021,     0.218,    13.298,     0.223,     0.179,     0.223,     0.443,     5.020,     4.821,     0.005,     0.000,     5.172,
      q14 vectorwise,    20.397,     1.000,     1.911,     2.669,  3350.986,     8.779,     0.086,     0.021,     0.409,    16.774,     0.016,     0.181,     0.016,     1.894,     3.010,     2.856,     0.005,     0.000,     3.290,
      q15 hyper     ,    35.038,     1.000,     0.873,     3.129,  2807.940,    18.237,     0.219,     0.024,     0.312,    15.925,     0.311,     0.268,     0.311,     0.675,     8.998,     4.759,     0.005,     0.000,     5.829,
      q15 vectorwise,    20.718,     1.000,     2.349,     3.135,  3198.588,    10.805,     0.135,     0.041,     0.616,    25.384,     0.035,     0.181,     0.035,     3.139,     5.921,     2.415,     0.009,     0.000,     3.447,
      q17 hyper     ,   262.219,     1.000,     1.396,     2.629,  3178.361,    56.487,     0.452,     0.005,     3.318,    78.836,     0.301,     1.119,     0.301,    10.388,    34.080,    13.674,     0.001,     0.000,    21.489,
      q17 vectorwise,   348.898,     1.000,     1.834,     2.889,  2386.940,    82.608,     0.393,     0.008,    10.055,   151.465,     0.385,     1.118,     0.385,    17.049,    42.404,    16.602,     0.001,     0.000,    28.593,

############################################
### vectorSize=16384
############################################
                name,      time,      CPUs,       IPC,       GHz, Bandwidth,    cycles,LLC-misses,LLC-misses2, l1-misses,    instr.,br. misses,    all_rd,br. misses,    stores,     loads, mem_stall,local_dram,remote_dram,task-clock,
       q4 hyper     ,   185.992,     1.000,     0.898,     2.700,  2486.382,    66.943,     0.414,     0.055,     1.637,    60.143,     0.681,     1.010,     0.681,     7.814,    24.744,    21.015,     0.013,     0.000,    24.796,
       q4 vectorwise,   201.038,     1.000,     1.593,     2.801,  1777.272,    75.068,     0.373,     0.054,     4.590,   119.587,     0.526,     0.780,     0.526,    13.176,    33.402,    18.643,     0.012,     0.000,    26.802,
       q5 hyper     ,    53.543,     1.000,     1.162,     3.097,  2697.959,    21.645,     0.088,     0.010,     0.489,    25.149,     0.190,     0.309,     0.190,     0.149,     8.458,     6.722,     0.002,     0.000,     6.990,
       q5 vectorwise,    42.029,     1.000,     2.068,     3.017,  3613.711,    16.550,     0.095,     0.011,     0.849,    34.232,     0.057,     0.325,     0.057,     1.618,     5.727,     3.999,     0.002,     0.000,     5.487,
      q10 hyper     ,    74.773,     1.000,     0.679,     3.141,  2750.115,    30.699,     0.240,     0.035,     0.615,    20.839,     0.369,     0.440,     0.369,     1.384,     9.764,     9.881,     0.007,     0.000,     9.774,
      q10 vectorwise,    51.472,     1.000,     1.226,     3.075,  3763.781,    20.684,     0.226,     0.046,     0.815,    25.356,     0.106,     0.415,     0.106,     2.963,     5.428,     6.489,     0.010,     0.000,     6.728,
      q11 hyper     ,     7.976,     1.000,     1.888,     2.953,  2306.920,    29.077,     0.053,     0.002,     0.795,    54.894,     0.187,     0.372,     0.187,     5.627,    18.996,     3.520,     0.000,     0.000,     9.848,
      q11 vectorwise,     9.149,     1.000,     2.066,     3.043,  1470.376,    34.372,     0.018,     0.002,     1.434,    70.997,     0.236,     0.272,     0.236,     6.835,    15.321,     5.150,     0.001,     0.000,    11.297,
      q12 hyper     ,   172.601,     1.000,     0.666,     2.584,  1861.105,    59.452,     0.625,     0.115,     0.967,    39.576,     0.770,     0.702,     0.770,     2.964,    15.142,    21.877,     0.025,     0.000,    23.011,
      q12 vectorwise,   161.529,     1.000,     0.793,     2.580,  1960.205,    55.556,     0.606,     0.138,     1.445,    44.029,     0.645,     0.692,     0.645,     3.891,    10.311,    22.149,     0.031,     0.000,    21.535,
      q13 hyper     ,   135.606,     1.000,     1.418,     3.036,  1585.182,   249.493,     1.615,     0.025,     7.040,   353.811,     2.250,     2.134,     2.250,    37.494,   106.711,    38.069,     0.006,     0.000,    82.192,
      q13 vectorwise,   157.779,     1.000,     1.599,     3.118,  1712.262,   298.174,     1.497,     0.015,    15.993,   476.748,     2.621,     2.683,     2.621,    50.007,   128.424,    42.530,     0.003,     0.000,    95.632,
      q14 hyper     ,    32.300,     1.000,     0.871,     2.964,  2169.269,    15.439,     0.090,     0.021,     0.217,    13.455,     0.223,     0.185,     0.223,     0.457,     5.048,     4.972,     0.005,     0.000,     5.209,
      q14 vectorwise,    20.143,     1.000,     1.908,     2.694,  3436.474,     8.750,     0.089,     0.022,     0.420,    16.693,     0.015,     0.183,     0.015,     1.877,     2.981,     2.854,     0.005,     0.000,     3.249,
      q15 hyper     ,    34.688,     1.000,     0.876,     3.158,  2839.793,    18.225,     0.217,     0.024,     0.323,    15.969,     0.313,     0.268,     0.313,     0.676,     8.979,     4.762,     0.005,     0.000,     5.771,
      q15 vectorwise,    21.828,     1.000,     2.167,     3.117,  3205.983,    11.320,     0.144,     0.040,     0.629,    24.536,     0.046,     0.191,     0.046,     2.972,     5.620,     2.731,     0.009,     0.000,     3.632,
      q17 hyper     ,   261.683,     1.000,     1.383,     2.639,  3187.579,    56.598,     0.449,     0.005,     3.321,    78.296,     0.300,     1.120,     0.300,    10.332,    33.870,    13.624,     0.001,     0.000,    21.446,
      q17 vectorwise,   366.918,     1.000,     1.705,     2.897,  3211.225,    87.117,     0.391,     0.010,    10.200,   148.522,     0.404,     1.582,     0.404,    16.496,    41.672,    18.840,     0.002,     0.000,    30.069,

############################################
### vectorSize=32768
############################################
                name,      time,      CPUs,       IPC,       GHz, Bandwidth,    cycles,LLC-misses,LLC-misses2, l1-misses,    instr.,br. misses,    all_rd,br. misses,    stores,     loads, mem_stall,local_dram,remote_dram,task-clock,
       q4 hyper     ,   187.141,     1.000,     0.898,     2.698,  2440.633,    67.299,     0.409,     0.056,     1.655,    60.434,     0.687,     0.998,     0.687,     7.797,    24.647,    21.032,     0.012,     0.000,    24.949,
       q4 vectorwise,   204.276,     1.000,     1.505,     2.856,  2080.093,    77.779,     0.392,     0.058,     4.518,   117.026,     0.519,     0.928,     0.519,    12.905,    32.972,    19.211,     0.012,     0.000,    27.234,
       q5 hyper     ,    54.088,     1.000,     1.157,     3.046,  2650.702,    21.509,     0.090,     0.010,     0.492,    24.885,     0.187,     0.307,     0.187,     0.148,     8.576,     6.890,     0.002,     0.000,     7.061,
       q5 vectorwise,    43.051,     1.000,     2.050,     2.962,  4055.409,    16.646,     0.111,     0.013,     0.877,    34.118,     0.056,     0.373,     0.056,     1.599,     5.699,     4.070,     0.003,     0.000,     5.620,
      q10 hyper     ,    75.058,     1.000,     0.688,     3.138,  2775.584,    30.785,     0.237,     0.035,     0.618,    21.184,     0.373,     0.446,     0.373,     1.366,     9.885,    10.001,     0.008,     0.000,     9.811,
      q10 vectorwise,    49.742,     1.000,     1.258,     3.067,  3943.389,    19.939,     0.221,     0.045,     0.819,    25.081,     0.107,     0.420,     0.107,     2.893,     5.315,     5.911,     0.010,     0.000,     6.502,
      q11 hyper     ,     7.924,     1.000,     1.895,     2.966,  2359.384,    29.011,     0.048,     0.002,     0.792,    54.967,     0.186,     0.378,     0.186,     5.647,    19.004,     3.616,     0.000,     0.000,     9.783,
      q11 vectorwise,     9.394,     1.000,     2.043,     2.984,  1511.016,    34.603,     0.025,     0.005,     1.525,    70.694,     0.235,     0.287,     0.235,     6.749,    15.180,     5.359,     0.001,     0.000,    11.598,
      q12 hyper     ,   172.528,     1.000,     0.663,     2.590,  1858.018,    59.570,     0.626,     0.116,     0.969,    39.518,     0.766,     0.700,     0.766,     2.984,    15.123,    21.943,     0.026,     0.000,    23.002,
      q12 vectorwise,   165.502,     1.000,     0.773,     2.570,  1969.148,    56.699,     0.620,     0.139,     1.439,    43.814,     0.644,     0.712,     0.644,     3.878,    10.330,    23.118,     0.030,     0.000,    22.065,
      q13 hyper     ,   136.026,     1.000,     1.427,     3.031,  1593.261,   249.872,     1.628,     0.025,     7.005,   356.614,     2.241,     2.152,     2.241,    38.031,   107.283,    37.215,     0.004,     0.000,    82.448,
      q13 vectorwise,   166.445,     1.000,     1.468,     3.127,  2656.598,   315.418,     1.480,     0.021,    15.814,   462.962,     2.773,     4.391,     2.773,    49.359,   125.508,    51.291,     0.004,     0.000,   100.885,
      q14 hyper     ,    32.315,     1.000,     0.872,     2.958,  2158.733,    15.417,     0.090,     0.021,     0.214,    13.445,     0.223,     0.184,     0.223,     0.458,     5.034,     4.932,     0.005,     0.000,     5.212,
      q14 vectorwise,    20.441,     1.000,     1.888,     2.670,  3604.609,     8.802,     0.097,     0.022,     0.433,    16.622,     0.014,     0.195,     0.014,     1.875,     2.981,     2.929,     0.005,     0.000,     3.297,
      q15 hyper     ,    35.052,     1.000,     0.877,     3.126,  2812.870,    18.229,     0.219,     0.024,     0.327,    15.988,     0.313,     0.269,     0.313,     0.675,     8.984,     4.764,     0.005,     0.000,     5.832,
      q15 vectorwise,    21.422,     1.000,     2.201,     3.070,  3113.977,    10.940,     0.138,     0.041,     0.720,    24.084,     0.047,     0.182,     0.047,     2.890,     5.419,     2.406,     0.009,     0.000,     3.564,
      q17 hyper     ,   264.464,     1.000,     1.397,     2.620,  3141.594,    56.776,     0.454,     0.005,     3.349,    79.336,     0.304,     1.116,     0.304,    10.536,    33.678,    13.812,     0.001,     0.000,    21.674,
      q17 vectorwise,   408.164,     1.000,     1.487,     2.943,  5213.417,    98.441,     0.375,     0.012,    10.048,   146.350,     0.451,     2.857,     0.451,    15.938,    40.700,    24.189,     0.003,     0.000,    33.449,

############################################
### vectorSize=65536
############################################
                name,      time,      CPUs,       IPC,       GHz, Bandwidth,    cycles,LLC-misses,LLC-misses2, l1-misses,    instr.,br. misses,    all_rd,br. misses,    stores,     loads, mem_stall,local_dram,remote_dram,task-clock,
       q4 hyper     ,   186.462,     1.000,     0.896,     2.713,  2456.102,    67.429,     0.411,     0.056,     1.650,    60.410,     0.692,     1.000,     0.692,     7.800,    24.791,    20.904,     0.013,     0.000,    24.859,
       q4 vectorwise,   211.672,     1.000,     1.520,     2.772,  3091.583,    78.234,     0.407,     0.058,     4.884,   118.892,     0.506,     1.429,     0.506,    13.017,    32.984,    21.029,     0.013,     0.000,    28.220,
       q5 hyper     ,    53.546,     1.000,     1.158,     3.098,  2693.405,    21.654,     0.087,     0.010,     0.484,    25.084,     0.192,     0.308,     0.192,     0.136,     8.555,     6.631,     0.002,     0.000,     6.990,
       q5 vectorwise,    45.772,     1.000,     2.014,     2.831,  4638.060,    16.917,     0.127,     0.017,     0.884,    34.067,     0.056,     0.454,     0.056,     1.587,     5.689,     4.302,     0.004,     0.000,     5.975,
      q10 hyper     ,    74.527,     1.000,     0.694,     3.143,  2780.958,    30.617,     0.238,     0.034,     0.611,    21.245,     0.373,     0.444,     0.373,     1.342,     9.770,     9.873,     0.008,     0.000,     9.742,
      q10 vectorwise,    50.554,     1.000,     1.244,     3.028,  3995.746,    20.009,     0.235,     0.046,     0.837,    24.892,     0.105,     0.433,     0.105,     2.874,     5.255,     5.981,     0.010,     0.000,     6.608,
      q11 hyper     ,     7.919,     1.000,     1.895,     2.969,  2337.536,    29.030,     0.045,     0.001,     0.774,    55.016,     0.187,     0.374,     0.187,     5.658,    18.950,     3.613,     0.000,     0.000,     9.778,
      q11 vectorwise,     9.764,     1.000,     2.058,     2.854,  1522.274,    34.399,     0.048,     0.011,     1.593,    70.810,     0.224,     0.301,     0.224,     6.764,    15.214,     5.586,     0.003,     0.000,    12.055,
      q12 hyper     ,   172.831,     1.000,     0.663,     2.588,  1854.561,    59.632,     0.625,     0.115,     0.967,    39.529,     0.770,     0.700,     0.770,     2.973,    15.149,    21.810,     0.026,     0.000,    23.042,
      q12 vectorwise,   166.679,     1.000,     0.763,     2.565,  2046.321,    57.006,     0.633,     0.145,     1.440,    43.517,     0.638,     0.745,     0.638,     3.862,    10.308,    23.160,     0.032,     0.000,    22.222,
      q13 hyper     ,   135.997,     1.000,     1.417,     3.039,  1603.192,   250.451,     1.613,     0.025,     6.989,   354.916,     2.247,     2.165,     2.247,    37.490,   106.894,    37.665,     0.006,     0.000,    82.429,
      q13 vectorwise,   170.872,     1.000,     1.369,     3.134,  3470.861,   324.563,     1.496,     0.025,    15.522,   444.256,     2.871,     5.889,     2.871,    46.392,   119.365,    60.144,     0.006,     0.000,   103.565,
      q14 hyper     ,    32.377,     1.000,     0.864,     2.973,  2165.158,    15.524,     0.090,     0.021,     0.220,    13.407,     0.223,     0.185,     0.223,     0.449,     5.039,     4.950,     0.005,     0.000,     5.222,
      q14 vectorwise,    20.398,     1.000,     1.952,     2.610,  3660.973,     8.587,     0.100,     0.022,     0.442,    16.766,     0.014,     0.197,     0.014,     1.878,     2.977,     2.741,     0.005,     0.000,     3.290,
      q15 hyper     ,    34.907,     1.000,     0.873,     3.148,  2820.002,    18.284,     0.219,     0.024,     0.322,    15.962,     0.313,     0.268,     0.313,     0.673,     8.995,     4.745,     0.005,     0.000,     5.808,
      q15 vectorwise,    21.951,     1.000,     2.150,     3.008,  3226.507,    10.986,     0.151,     0.043,     0.752,    23.622,     0.050,     0.193,     0.050,     2.816,     5.265,     2.442,     0.009,     0.000,     3.652,
      q17 hyper     ,   265.040,     1.000,     1.340,     2.663,  3156.040,    57.844,     0.452,     0.005,     3.327,    77.506,     0.298,     1.123,     0.298,    10.287,    33.449,    14.125,     0.001,     0.000,    21.721,
      q17 vectorwise,   441.636,     1.000,     1.306,     2.954,  6202.393,   106.923,     0.381,     0.019,     9.892,   139.649,     0.539,     3.678,     0.539,    15.268,    38.787,    28.849,     0.004,     0.000,    36.192,

############################################
### vectorSize=131072
############################################
                name,      time,      CPUs,       IPC,       GHz, Bandwidth,    cycles,LLC-misses,LLC-misses2, l1-misses,    instr.,br. misses,    all_rd,br. misses,    stores,     loads, mem_stall,local_dram,remote_dram,task-clock,
       q4 hyper     ,   184.850,     1.000,     0.904,     2.716,  2457.831,    66.924,     0.410,     0.057,     1.647,    60.529,     0.686,     0.992,     0.686,     7.776,    24.786,    20.642,     0.012,     0.000,    24.644,
       q4 vectorwise,   223.448,     1.000,     1.431,     2.786,  3952.696,    82.988,     0.440,     0.064,     4.970,   118.793,     0.505,     1.929,     0.505,    13.027,    32.971,    23.776,     0.014,     0.000,    29.789,
       q5 hyper     ,    52.508,     1.000,     1.178,     3.118,  2754.696,    21.368,     0.087,     0.010,     0.489,    25.167,     0.192,     0.309,     0.192,     0.141,     8.505,     6.436,     0.002,     0.000,     6.855,
       q5 vectorwise,    49.472,     1.000,     2.040,     2.602,  4554.197,    16.802,     0.139,     0.020,     0.880,    34.279,     0.057,     0.482,     0.057,     1.628,     5.785,     4.445,     0.005,     0.000,     6.458,
      q10 hyper     ,    73.909,     1.000,     0.692,     3.157,  2800.876,    30.497,     0.238,     0.035,     0.607,    21.093,     0.370,     0.443,     0.370,     1.371,     9.807,     9.735,     0.008,     0.000,     9.661,
      q10 vectorwise,    52.446,     1.000,     1.243,     2.941,  4089.472,    20.163,     0.252,     0.050,     0.846,    25.063,     0.104,     0.459,     0.104,     2.901,     5.270,     6.034,     0.012,     0.000,     6.855,
      q11 hyper     ,     7.664,     1.000,     1.910,     3.037,  2435.761,    28.739,     0.057,     0.002,     0.778,    54.896,     0.187,     0.378,     0.187,     5.619,    18.962,     3.441,     0.000,     0.000,     9.463,
      q11 vectorwise,    11.722,     1.000,     2.033,     2.411,  1948.709,    34.893,     0.135,     0.041,     1.658,    70.925,     0.220,     0.462,     0.220,     6.863,    15.307,     6.506,     0.010,     0.000,    14.473,
      q12 hyper     ,   171.580,     1.000,     0.663,     2.597,  1870.001,    59.413,     0.627,     0.116,     0.971,    39.410,     0.761,     0.701,     0.761,     3.001,    15.114,    21.549,     0.026,     0.000,    22.875,
      q12 vectorwise,   169.106,     1.000,     0.770,     2.521,  2181.194,    56.831,     0.644,     0.152,     1.447,    43.755,     0.650,     0.806,     0.650,     3.907,    10.458,    23.721,     0.017,     0.000,    22.545,
      q13 hyper     ,   134.794,     1.000,     1.424,     3.050,  1614.751,   249.187,     1.622,     0.024,     7.001,   354.867,     2.242,     2.161,     2.242,    37.797,   107.514,    35.975,     0.003,     0.000,    81.701,
      q13 vectorwise,   172.204,     1.000,     1.301,     3.119,  3991.581,   325.542,     1.478,     0.026,    15.449,   423.630,     3.081,     6.825,     3.081,    42.466,   111.943,    64.439,     0.004,     0.000,   104.373,
      q14 hyper     ,    32.255,     1.000,     0.871,     2.973,  2181.931,    15.466,     0.090,     0.022,     0.212,    13.469,     0.223,     0.186,     0.223,     0.460,     5.037,     4.930,     0.002,     0.000,     5.202,
      q14 vectorwise,    21.825,     1.000,     1.910,     2.473,  3649.968,     8.705,     0.114,     0.026,     0.441,    16.626,     0.014,     0.210,     0.014,     1.867,     2.965,     2.835,     0.003,     0.000,     3.520,
      q15 hyper     ,    34.580,     1.000,     0.877,     3.171,  2837.702,    18.239,     0.222,     0.024,     0.331,    15.994,     0.312,     0.267,     0.312,     0.684,     9.008,     4.772,     0.003,     0.000,     5.753,
      q15 vectorwise,    23.489,     1.000,     2.049,     2.874,  3328.361,    11.229,     0.159,     0.048,     0.773,    23.006,     0.056,     0.213,     0.056,     2.739,     5.062,     2.658,     0.005,     0.000,     3.908,
      q17 hyper     ,   259.570,     1.000,     1.390,     2.647,  3203.321,    56.308,     0.451,     0.005,     3.318,    78.285,     0.300,     1.116,     0.300,    10.364,    33.908,    13.459,     0.001,     0.000,    21.273,
      q17 vectorwise,   442.291,     1.000,     1.211,     2.967,  7086.042,   107.531,     0.383,     0.032,     9.461,   130.175,     0.611,     4.208,     0.611,    13.931,    35.926,    31.862,     0.004,     0.000,    36.239,

############################################
### vectorSize=262144
############################################
                name,      time,      CPUs,       IPC,       GHz, Bandwidth,    cycles,LLC-misses,LLC-misses2, l1-misses,    instr.,br. misses,    all_rd,br. misses,    stores,     loads, mem_stall,local_dram,remote_dram,task-clock,
       q4 hyper     ,   185.009,     1.000,     0.902,     2.716,  2460.578,    66.982,     0.410,     0.057,     1.652,    60.406,     0.686,     0.994,     0.686,     7.795,    24.603,    20.858,     0.013,     0.000,    24.665,
       q4 vectorwise,   236.483,     1.000,     1.361,     2.767,  4434.043,    87.221,     0.460,     0.067,     4.932,   118.693,     0.505,     2.290,     0.505,    13.107,    33.380,    26.068,     0.015,     0.000,    31.528,
       q5 hyper     ,    52.538,     1.000,     1.174,     3.112,  2746.343,    21.342,     0.086,     0.010,     0.487,    25.056,     0.193,     0.309,     0.193,     0.146,     8.510,     6.427,     0.002,     0.000,     6.859,
       q5 vectorwise,    57.301,     1.000,     1.934,     2.347,  4082.604,    17.552,     0.163,     0.025,     0.883,    33.950,     0.056,     0.500,     0.056,     1.589,     5.671,     5.139,     0.005,     0.000,     7.480,
      q10 hyper     ,    73.681,     1.000,     0.695,     3.153,  2796.177,    30.361,     0.239,     0.036,     0.605,    21.099,     0.372,     0.441,     0.372,     1.376,     9.781,     9.621,     0.008,     0.000,     9.631,
      q10 vectorwise,    55.531,     1.000,     1.231,     2.776,  4181.192,    20.147,     0.265,     0.053,     0.856,    24.801,     0.101,     0.497,     0.101,     2.891,     5.236,     6.206,     0.012,     0.000,     7.259,
      q11 hyper     ,     7.646,     1.000,     1.928,     3.024,  2367.756,    28.541,     0.054,     0.002,     0.784,    55.027,     0.187,     0.366,     0.187,     5.663,    19.022,     3.259,     0.000,     0.000,     9.440,
      q11 vectorwise,    14.541,     1.000,     1.967,     2.016,  1729.456,    36.189,     0.245,     0.084,     1.703,    71.192,     0.218,     0.509,     0.218,     6.730,    15.170,     7.707,     0.021,     0.000,    17.955,
      q12 hyper     ,   171.803,     1.000,     0.666,     2.592,  1873.506,    59.360,     0.630,     0.118,     0.972,    39.539,     0.763,     0.703,     0.763,     3.005,    15.149,    21.736,     0.026,     0.000,    22.904,
      q12 vectorwise,   172.781,     1.000,     0.759,     2.499,  2218.188,    57.564,     0.712,     0.160,     1.458,    43.678,     0.644,     0.837,     0.644,     3.882,    10.334,    23.805,     0.020,     0.000,    23.035,
      q13 hyper     ,   134.251,     1.000,     1.428,     3.047,  1612.309,   247.909,     1.617,     0.023,     7.029,   354.032,     2.235,     2.149,     2.235,    38.070,   107.915,    35.740,     0.002,     0.000,    81.373,
      q13 vectorwise,   171.756,     1.000,     1.227,     3.122,  4359.802,   324.875,     1.517,     0.028,    14.904,   398.604,     3.032,     7.436,     3.032,    39.411,   104.149,    69.814,     0.004,     0.000,   104.072,
      q14 hyper     ,    31.754,     1.000,     0.882,     2.977,  2222.242,    15.245,     0.089,     0.021,     0.207,    13.443,     0.222,     0.186,     0.222,     0.482,     5.046,     4.729,     0.002,     0.000,     5.121,
      q14 vectorwise,    25.735,     1.000,     1.797,     2.237,  4276.464,     9.285,     0.148,     0.030,     0.447,    16.685,     0.014,     0.291,     0.014,     1.873,     2.976,     3.424,     0.003,     0.000,     4.150,
      q15 hyper     ,    34.730,     1.000,     0.874,     3.165,  2823.588,    18.286,     0.223,     0.025,     0.325,    15.981,     0.311,     0.267,     0.311,     0.685,     9.010,     4.836,     0.003,     0.000,     5.778,
      q15 vectorwise,    25.643,     1.000,     1.956,     2.641,  4243.257,    11.267,     0.201,     0.051,     0.777,    22.041,     0.056,     0.297,     0.056,     2.619,     4.778,     3.093,     0.006,     0.000,     4.266,
      q17 hyper     ,   259.837,     1.000,     1.387,     2.655,  3208.398,    56.537,     0.451,     0.005,     3.310,    78.390,     0.301,     1.119,     0.301,    10.370,    34.054,    13.325,     0.001,     0.000,    21.294,
      q17 vectorwise,   456.189,     1.000,     1.036,     2.982,  7444.786,   111.488,     0.538,     0.048,     9.123,   115.553,     0.739,     4.560,     0.739,    11.793,    32.181,    35.562,     0.005,     0.000,    37.385,

############################################
### vectorSize=524288
############################################
                name,      time,      CPUs,       IPC,       GHz, Bandwidth,    cycles,LLC-misses,LLC-misses2, l1-misses,    instr.,br. misses,    all_rd,br. misses,    stores,     loads, mem_stall,local_dram,remote_dram,task-clock,
       q4 hyper     ,   185.331,     1.000,     0.903,     2.713,  2467.154,    67.023,     0.409,     0.057,     1.646,    60.499,     0.685,     0.999,     0.685,     7.791,    24.569,    20.893,     0.013,     0.000,    24.708,
       q4 vectorwise,   250.124,     1.000,     1.288,     2.723,  4641.364,    90.764,     0.586,     0.079,     5.119,   116.882,     0.502,     2.536,     0.502,    12.872,    32.699,    28.944,     0.018,     0.000,    33.340,
       q5 hyper     ,    53.425,     1.000,     1.161,     3.085,  2703.733,    21.513,     0.087,     0.010,     0.485,    24.986,     0.193,     0.309,     0.193,     0.141,     8.484,     6.514,     0.002,     0.000,     6.974,
       q5 vectorwise,    62.316,     1.000,     1.937,     2.170,  3800.705,    17.652,     0.174,     0.028,     0.879,    34.198,     0.054,     0.507,     0.054,     1.632,     5.663,     5.343,     0.008,     0.000,     8.135,
      q10 hyper     ,    74.435,     1.000,     0.690,     3.144,  2786.959,    30.591,     0.239,     0.035,     0.601,    21.121,     0.371,     0.444,     0.371,     1.337,     9.717,     9.763,     0.008,     0.000,     9.730,
      q10 vectorwise,    58.304,     1.000,     1.233,     2.668,  4058.818,    20.334,     0.267,     0.053,     0.857,    25.074,     0.101,     0.507,     0.101,     2.869,     5.259,     6.407,     0.012,     0.000,     7.621,
      q11 hyper     ,     7.827,     1.000,     1.911,     2.973,  2267.445,    28.728,     0.045,     0.001,     0.774,    54.902,     0.186,     0.359,     0.186,     5.663,    18.944,     3.327,     0.000,     0.000,     9.663,
      q11 vectorwise,    16.934,     1.000,     1.901,     1.774,  1644.833,    37.095,     0.345,     0.106,     1.744,    70.521,     0.210,     0.563,     0.210,     6.747,    14.997,     8.510,     0.019,     0.000,    20.908,
      q12 hyper     ,   171.742,     1.000,     0.664,     2.600,  1871.496,    59.539,     0.629,     0.116,     0.970,    39.511,     0.762,     0.702,     0.762,     3.022,    15.094,    21.722,     0.026,     0.000,    22.897,
      q12 vectorwise,   177.739,     1.000,     0.754,     2.465,  2192.174,    58.402,     0.756,     0.162,     1.467,    44.060,     0.656,     0.851,     0.656,     3.884,    10.396,    24.595,     0.039,     0.000,    23.696,
      q13 hyper     ,   135.479,     1.000,     1.428,     3.031,  1592.196,   248.840,     1.621,     0.030,     7.021,   355.362,     2.253,     2.142,     2.253,    37.631,   107.227,    36.134,     0.007,     0.000,    82.117,
      q13 vectorwise,   163.652,     1.000,     1.227,     3.076,  4682.489,   305.070,     1.818,     0.051,    13.714,   374.364,     2.489,     7.609,     2.489,    35.803,    96.329,    71.983,     0.011,     0.000,    99.189,
      q14 hyper     ,    31.839,     1.000,     0.883,     2.966,  2162.237,    15.230,     0.089,     0.021,     0.211,    13.443,     0.224,     0.182,     0.224,     0.462,     5.057,     4.771,     0.005,     0.000,     5.135,
      q14 vectorwise,    27.871,     1.000,     1.684,     2.178,  4187.712,     9.790,     0.167,     0.035,     0.439,    16.489,     0.014,     0.308,     0.014,     1.886,     2.985,     3.846,     0.008,     0.000,     4.495,
      q15 hyper     ,    35.080,     1.000,     0.873,     3.131,  2796.966,    18.275,     0.220,     0.025,     0.324,    15.947,     0.311,     0.267,     0.311,     0.674,     8.999,     4.793,     0.006,     0.000,     5.837,
      q15 vectorwise,    27.188,     1.000,     1.871,     2.478,  4160.745,    11.206,     0.219,     0.050,     0.765,    20.965,     0.056,     0.308,     0.056,     2.423,     4.394,     3.197,     0.011,     0.000,     4.524,
      q17 hyper     ,   261.405,     1.000,     1.390,     2.639,  3183.367,    56.536,     0.451,     0.005,     3.318,    78.596,     0.300,     1.117,     0.300,    10.369,    33.905,    13.447,     0.001,     0.000,    21.423,
      q17 vectorwise,   417.317,     1.000,     0.999,     2.958,  8229.945,   101.159,     0.884,     0.062,     8.203,   101.097,     0.533,     4.611,     0.533,     9.733,    26.918,    36.418,     0.013,     0.000,    34.199,

############################################
### vectorSize=1048576
############################################
                name,      time,      CPUs,       IPC,       GHz, Bandwidth,    cycles,LLC-misses,LLC-misses2, l1-misses,    instr.,br. misses,    all_rd,br. misses,    stores,     loads, mem_stall,local_dram,remote_dram,task-clock,
       q4 hyper     ,   186.624,     1.000,     0.898,     2.706,  2451.592,    67.324,     0.414,     0.058,     1.651,    60.438,     0.691,     0.999,     0.691,     7.809,    24.745,    21.250,     0.013,     0.000,    24.881,
       q4 vectorwise,   276.483,     1.000,     1.193,     2.743,  4508.857,   101.090,     1.131,     0.129,     5.052,   120.567,     0.484,     2.723,     0.484,    13.085,    33.694,    36.731,     0.024,     0.000,    36.859,
       q5 hyper     ,    54.172,     1.000,     1.167,     3.060,  2629.338,    21.638,     0.087,     0.010,     0.489,    25.252,     0.189,     0.305,     0.189,     0.168,     8.420,     6.817,     0.002,     0.000,     7.072,
       q5 vectorwise,    65.190,     1.000,     1.834,     2.185,  3700.101,    18.596,     0.194,     0.030,     0.868,    34.106,     0.054,     0.516,     0.054,     1.612,     5.731,     6.068,     0.007,     0.000,     8.510,
      q10 hyper     ,    74.770,     1.000,     0.685,     3.142,  2752.408,    30.703,     0.237,     0.035,     0.601,    21.018,     0.369,     0.441,     0.369,     1.351,     9.685,     9.874,     0.008,     0.000,     9.774,
      q10 vectorwise,    59.882,     1.000,     1.248,     2.581,  3917.626,    20.201,     0.274,     0.063,     0.875,    25.216,     0.103,     0.502,     0.103,     2.980,     5.069,     6.585,     0.017,     0.000,     7.827,
      q11 hyper     ,     7.830,     1.000,     1.919,     2.964,  2290.357,    28.648,     0.043,     0.001,     0.791,    54.969,     0.187,     0.363,     0.187,     5.649,    19.003,     3.295,     0.000,     0.000,     9.667,
      q11 vectorwise,    18.377,     1.000,     1.871,     1.692,  1737.773,    38.393,     0.377,     0.115,     1.818,    71.814,     0.217,     0.646,     0.217,     6.754,    15.303,     9.292,     0.025,     0.000,    22.690,
      q12 hyper     ,   172.460,     1.000,     0.663,     2.590,  1855.773,    59.534,     0.627,     0.116,     0.968,    39.442,     0.766,     0.699,     0.766,     3.003,    15.116,    21.892,     0.026,     0.000,    22.992,
      q12 vectorwise,   183.708,     1.000,     0.737,     2.428,  2137.629,    59.461,     0.840,     0.174,     1.482,    43.841,     0.647,     0.858,     0.647,     3.978,    10.442,    25.421,     0.038,     0.000,    24.492,
      q13 hyper     ,   136.367,     1.000,     1.413,     3.036,  1575.936,   250.958,     1.605,     0.024,     6.998,   354.696,     2.244,     2.134,     2.244,    37.533,   107.122,    36.242,     0.006,     0.000,    82.655,
      q13 vectorwise,   166.928,     1.000,     1.211,     3.020,  4721.232,   305.492,     1.954,     0.058,    13.954,   369.962,     2.316,     7.826,     2.316,    33.471,    91.912,    75.432,     0.010,     0.000,   101.177,
      q14 hyper     ,    32.039,     1.000,     0.878,     2.990,  2134.519,    15.449,     0.089,     0.021,     0.220,    13.570,     0.223,     0.181,     0.223,     0.447,     5.015,     4.783,     0.005,     0.000,     5.167,
      q14 vectorwise,    29.041,     1.000,     1.642,     2.170,  4213.288,    10.162,     0.182,     0.038,     0.444,    16.686,     0.013,     0.323,     0.013,     1.865,     2.959,     4.168,     0.009,     0.000,     4.684,
      q15 hyper     ,    35.212,     1.000,     0.874,     3.121,  2786.130,    18.281,     0.221,     0.024,     0.321,    15.979,     0.312,     0.267,     0.312,     0.680,     9.004,     4.788,     0.005,     0.000,     5.858,
      q15 vectorwise,    26.881,     1.000,     1.841,     2.423,  4371.401,    10.834,     0.231,     0.050,     0.755,    19.942,     0.047,     0.320,     0.047,     2.292,     4.103,     3.304,     0.011,     0.000,     4.472,
      q17 hyper     ,   263.198,     1.000,     1.409,     2.622,  3170.506,    56.554,     0.448,     0.005,     3.318,    79.675,     0.306,     1.120,     0.306,    10.508,    34.402,    13.739,     0.001,     0.000,    21.570,
      q17 vectorwise,   395.740,     1.000,     0.917,     2.950,  8832.556,    95.660,     0.820,     0.066,     7.664,    87.729,     0.426,     4.693,     0.426,     7.957,    23.347,    37.863,     0.014,     0.000,    32.431,

############################################
### vectorSize=8388608
############################################
                name,      time,      CPUs,       IPC,       GHz, Bandwidth,    cycles,LLC-misses,LLC-misses2, l1-misses,    instr.,br. misses,    all_rd,br. misses,    stores,     loads, mem_stall,local_dram,remote_dram,task-clock,
       q4 hyper     ,   186.188,     1.000,     0.901,     2.710,  2483.236,    67.268,     0.412,     0.057,     1.643,    60.588,     0.686,     1.010,     0.686,     7.812,    24.800,    21.151,     0.013,     0.000,    24.822,
       q4 vectorwise,   407.088,     1.000,     0.859,     2.636,  3507.502,   143.025,     1.817,     0.372,     5.580,   122.812,     0.522,     3.119,     0.522,    13.612,    34.921,    74.365,     0.086,     0.000,    54.269,
       q5 hyper     ,    53.151,     1.000,     1.164,     3.121,  2713.888,    21.650,     0.087,     0.010,     0.492,    25.196,     0.192,     0.308,     0.192,     0.149,     8.508,     6.766,     0.002,     0.000,     6.938,
       q5 vectorwise,    86.730,     1.000,     1.617,     1.870,  2843.001,    21.176,     0.292,     0.038,     0.867,    34.232,     0.052,     0.527,     0.052,     1.611,     5.707,     8.286,     0.009,     0.000,    11.323,
      q10 hyper     ,    74.063,     1.000,     0.685,     3.164,  2807.824,    30.628,     0.238,     0.035,     0.610,    20.986,     0.370,     0.445,     0.370,     1.350,     9.713,     9.875,     0.008,     0.000,     9.681,
      q10 vectorwise,    72.006,     1.000,     1.025,     2.321,  3264.019,    21.848,     0.298,     0.070,     0.912,    22.396,     0.114,     0.503,     0.114,     2.158,     4.860,     8.212,     0.023,     0.000,     9.412,
      q11 hyper     ,     7.482,     1.000,     1.913,     3.111,  2524.430,    28.732,     0.057,     0.001,     0.788,    54.954,     0.187,     0.382,     0.187,     5.640,    18.978,     3.491,     0.000,     0.000,     9.238,
      q11 vectorwise,    24.622,     1.000,     1.973,     1.248,  1355.049,    37.920,     0.385,     0.137,     1.888,    74.834,     0.237,     0.675,     0.237,     6.904,    14.971,     8.710,     0.012,     0.000,    30.401,
      q12 hyper     ,   172.348,     1.000,     0.663,     2.589,  1860.958,    59.480,     0.629,     0.116,     0.972,    39.455,     0.764,     0.701,     0.764,     2.995,    15.094,    21.937,     0.026,     0.000,    22.978,
      q12 vectorwise,   197.190,     1.000,     0.695,     2.413,  2102.248,    63.426,     0.940,     0.186,     1.472,    44.095,     0.646,     0.905,     0.646,     3.913,    10.468,    28.268,     0.042,     0.000,    26.289,
      q13 hyper     ,   134.457,     1.000,     1.430,     3.068,  1612.296,   249.984,     1.616,     0.024,     7.000,   357.522,     2.244,     2.153,     2.244,    37.683,   107.853,    36.802,     0.006,     0.000,    81.497,
      q13 vectorwise,   168.899,     1.000,     1.194,     2.928,  4809.586,   299.738,     1.845,     0.061,    13.036,   357.849,     2.317,     8.066,     2.317,    34.783,    93.332,    77.735,     0.008,     0.000,   102.369,
      q14 hyper     ,    31.990,     1.000,     0.897,     2.959,  2248.353,    15.263,     0.090,     0.021,     0.203,    13.693,     0.224,     0.190,     0.224,     0.449,     5.028,     4.857,     0.005,     0.000,     5.159,
      q14 vectorwise,    34.943,     1.000,     1.570,     1.895,  3746.887,    10.676,     0.210,     0.042,     0.448,    16.766,     0.015,     0.346,     0.015,     1.903,     2.948,     4.631,     0.008,     0.000,     5.636,
      q15 hyper     ,    34.367,     1.000,     0.878,     3.183,  2863.775,    18.199,     0.222,     0.024,     0.322,    15.981,     0.312,     0.268,     0.312,     0.679,     9.010,     4.748,     0.005,     0.000,     5.718,
      q15 vectorwise,    30.517,     1.000,     1.781,     2.058,  4075.200,    10.448,     0.249,     0.050,     0.729,    18.611,     0.028,     0.339,     0.028,     2.111,     3.689,     3.376,     0.012,     0.000,     5.077,
      q17 hyper     ,   262.630,     1.000,     1.358,     2.665,  3198.783,    57.357,     0.450,     0.005,     3.337,    77.906,     0.299,     1.128,     0.299,    10.360,    33.605,    14.312,     0.001,     0.000,    21.523,
      q17 vectorwise,   459.624,     1.000,     0.690,     2.836,  7622.226,   106.819,     1.121,     0.109,     6.861,    73.746,     0.266,     4.704,     0.266,     5.956,    18.913,    45.712,     0.023,     0.000,    37.666,

End: 2026-05-05T00:26:18-04:00
