=== Job info ===
Job ID:   3189201
Node:     adroit-15
Start:    2026-05-05T00:11:30-04:00
Project:  /scratch/network/gl2969/cos_598i_final

=== CPU ===
Model name:                              Intel(R) Xeon(R) Gold 6142 CPU @ 2.60GHz
Thread(s) per core:                      1
Core(s) per socket:                      16
Socket(s):                               2
CPU(s) scaling MHz:                      85%
CPU max MHz:                             3700.0000
CPU min MHz:                             1000.0000

=== NUMA ===
available: 2 nodes (0-1)
node 0 cpus: 0 2 4 6 8 10 12 14 16 18 20 22 24 26 28 30
node 0 size: 191395 MB
node 0 free: 58880 MB
node 1 cpus: 1 3 5 7 9 11 13 15 17 19 21 23 25 27 29 31
node 1 size: 193528 MB
node 1 free: 150202 MB
node distances:
node     0    1 
   0:   10   21 
   1:   21   10 

=== Kernel ===
randomize_va_space: 2
================
                name,      time,      CPUs,       IPC,       GHz, Bandwidth,    cycles,LLC-misses,LLC-misses2, l1-misses,    instr.,br. misses,    all_rd,br. misses,    stores,     loads, mem_stall,local_dram,remote_dram,task-clock,
       q4 hyper     ,   643.575,     1.000,     0.773,     2.741,  2249.525,    78.416,     0.711,     0.181,     1.771,    60.649,     0.676,     1.054,     0.676,     7.890,    24.807,    31.613,     0.040,     0.000,    28.607,
       q4 vectorwise,   698.487,     1.000,     1.465,     2.820,  1602.590,    87.554,     0.727,     0.228,     3.416,   128.262,     0.614,     0.815,     0.614,    14.827,    36.703,    27.453,     0.051,     0.000,    31.048,
       q5 hyper     ,   179.334,     1.000,     1.030,     3.108,  3344.436,    24.259,     0.103,     0.014,     0.529,    24.986,     0.200,     0.428,     0.200,     0.105,     8.596,     8.476,     0.003,     0.000,     7.805,
       q5 vectorwise,   139.867,     1.000,     1.864,     3.114,  4033.778,    18.954,     0.111,     0.015,     0.688,    35.339,     0.082,     0.402,     0.082,     1.752,     6.091,     5.320,     0.003,     0.000,     6.088,
      q10 hyper     ,   249.626,     1.000,     0.639,     3.084,  2956.065,    33.552,     0.292,     0.049,     0.655,    21.429,     0.377,     0.527,     0.377,     1.438,     9.926,    11.995,     0.011,     0.000,    10.879,
      q10 vectorwise,   196.751,     1.000,     1.293,     3.067,  3555.548,    26.300,     0.275,     0.059,     0.968,    33.994,     0.127,     0.499,     0.127,     4.698,     8.867,     8.282,     0.013,     0.000,     8.575,
      q11 hyper     ,    27.863,     1.000,     1.542,     3.091,  2838.224,    35.443,     0.219,     0.016,     0.935,    54.642,     0.213,     0.533,     0.213,     5.602,    19.067,     8.142,     0.004,     0.000,    11.468,
      q11 vectorwise,    33.226,     1.000,     1.901,     3.162,  2027.402,    43.233,     0.169,     0.056,     1.895,    82.195,     0.270,     0.454,     0.270,     9.051,    19.743,     8.722,     0.012,     0.000,    13.675,
      q12 hyper     ,   504.323,     1.000,     0.647,     2.740,  1929.812,    61.412,     0.668,     0.150,     1.002,    39.726,     0.770,     0.709,     0.770,     3.003,    15.038,    23.371,     0.033,     0.000,    22.418,
      q12 vectorwise,   469.513,     1.000,     0.784,     2.725,  2060.298,    56.873,     0.660,     0.177,     1.368,    44.579,     0.668,     0.704,     0.668,     4.039,    10.672,    23.335,     0.039,     0.000,    20.870,
      q13 hyper     ,   436.415,     1.000,     1.327,     3.045,  2325.387,   268.467,     1.747,     0.029,     7.291,   356.371,     2.341,     3.359,     2.341,    37.710,   107.340,    50.720,     0.007,     0.000,    88.165,
      q13 vectorwise,   479.867,     1.000,     1.660,     3.104,  1934.818,   300.911,     1.608,     0.020,    13.865,   499.522,     2.435,     3.073,     2.435,    54.437,   136.407,    49.678,     0.006,     0.000,    96.942,
      q14 hyper     ,   104.090,     1.000,     0.761,     3.088,  2048.790,    17.285,     0.139,     0.033,     0.223,    13.153,     0.222,     0.188,     0.222,     0.437,     5.009,     6.649,     0.007,     0.000,     5.598,
      q14 vectorwise,    71.290,     1.000,     1.646,     2.798,  3004.522,    10.726,     0.129,     0.032,     0.287,    17.652,     0.029,     0.189,     0.029,     1.991,     3.179,     4.183,     0.007,     0.000,     3.834,
      q15 hyper     ,   105.377,     1.000,     0.880,     3.140,  2803.196,    18.353,     0.252,     0.027,     0.371,    16.157,     0.305,     0.268,     0.305,     0.711,     9.079,     4.980,     0.006,     0.000,     5.846,
      q15 vectorwise,    78.831,     1.000,     2.538,     3.171,  2942.865,    13.866,     0.195,     0.050,     0.672,    35.195,     0.035,     0.211,     0.035,     5.081,     9.766,     2.532,     0.011,     0.000,     4.374,
      q17 hyper     ,   855.982,     1.000,     1.239,     2.718,  4635.282,    63.584,     0.462,     0.005,     3.461,    78.771,     0.359,     1.776,     0.359,    10.368,    33.988,    17.818,     0.001,     0.000,    23.391,
      q17 vectorwise,  1098.675,     1.000,     1.800,     2.920,  2858.549,    87.654,     0.400,     0.006,     8.951,   157.801,     0.486,     1.406,     0.486,    17.926,    44.779,    17.421,     0.001,     0.000,    30.023,

End: 2026-05-05T00:12:11-04:00
