=== Job info ===
Job ID:   3179967
Node:     adroit-15
Start:    2026-05-03T00:57:15-04:00
Project:  /scratch/network/hp6068/db-engine-paradigms

=== CPU ===
Model name:                              Intel(R) Xeon(R) Gold 6142 CPU @ 2.60GHz
Thread(s) per core:                      1
Core(s) per socket:                      16
Socket(s):                               2
CPU(s) scaling MHz:                      84%
CPU max MHz:                             3700.0000
CPU min MHz:                             1000.0000

=== NUMA ===
available: 2 nodes (0-1)
node 0 cpus: 0 2 4 6 8 10 12 14 16 18 20 22 24 26 28 30
node 0 size: 191395 MB
node 0 free: 113614 MB
node 1 cpus: 1 3 5 7 9 11 13 15 17 19 21 23 25 27 29 31
node 1 size: 193528 MB
node 1 free: 118499 MB
node distances:
node     0    1 
   0:   10   21 
   1:   21   10 

=== Kernel ===
randomize_va_space: 2
================

############################################
### vectorSize=1
############################################
                name,      time,      CPUs,       IPC,       GHz, Bandwidth,    cycles,LLC-misses,LLC-misses2, l1-misses,    instr.,br. misses,    all_rd,br. misses,    stores,     loads, mem_stall,local_dram,remote_dram,task-clock,
     q1.1 hyper     ,  1702.574,     1.000,     0.689,     3.243,  2005.018,    30.675,     0.309,     0.009,     0.332,    21.128,     0.689,     0.311,     0.689,     0.151,     8.258,     6.084,     0.002,     0.000,     9.458,
     q1.1 vectorwise,  5348.467,     1.000,     2.253,     3.249,   616.166,    96.546,     0.296,     0.014,     0.332,   217.506,     0.711,     0.300,     0.711,    23.548,    80.723,    11.024,     0.003,     0.000,    29.712,
     q1.2 hyper     ,   765.730,     1.000,     1.517,     3.239,  3618.826,    13.777,     0.251,     0.004,     0.230,    20.897,     0.204,     0.252,     0.204,     0.055,     8.735,     2.499,     0.001,     0.000,     4.254,
     q1.2 vectorwise,  5345.399,     1.000,     2.373,     3.251,   519.176,    96.533,     0.250,     0.004,     0.220,   229.113,     0.713,     0.253,     0.713,    22.650,    87.433,     8.506,     0.001,     0.000,    29.695,
     q1.3 hyper     ,   702.795,     1.000,     1.648,     3.237,  3919.237,    12.640,     0.249,     0.003,     0.228,    20.833,     0.172,     0.251,     0.172,     0.055,     8.690,     2.125,     0.001,     0.000,     3.904,
     q1.3 vectorwise,  5320.423,     1.000,     2.382,     3.251,   518.344,    96.084,     0.249,     0.004,     0.214,   228.842,     0.714,     0.251,     0.714,    22.617,    87.358,     8.160,     0.001,     0.000,    29.557,
     q2.1 hyper     ,  1991.421,     1.000,     0.946,     3.238,  1785.317,    35.616,     0.122,     0.029,     1.311,    33.693,     0.178,     0.322,     0.178,     0.091,    14.845,    14.073,     0.007,     0.000,    10.998,
     q2.1 vectorwise,  7731.569,     1.000,     1.947,     3.247,   536.502,   138.637,     0.111,     0.045,     1.393,   269.866,     0.188,     0.375,     0.188,    37.464,    92.620,    25.401,     0.010,     0.000,    42.700,
     q2.2 hyper     ,   985.082,     1.000,     1.807,     3.237,  1115.382,    17.613,     0.076,     0.009,     0.957,    31.829,     0.072,     0.099,     0.072,     0.033,    14.251,     4.120,     0.002,     0.000,     5.440,
     q2.2 vectorwise,  5935.155,     1.000,     2.364,     3.252,   213.706,   106.602,     0.074,     0.011,     1.054,   251.956,     0.073,     0.115,     0.073,    34.719,    86.596,    11.163,     0.002,     0.000,    32.778,
     q2.3 hyper     ,   680.703,     1.000,     2.575,     3.238,  1149.861,    12.174,     0.066,     0.001,     0.126,    31.351,     0.053,     0.071,     0.053,     0.014,    14.105,     1.110,     0.000,     0.000,     3.759,
     q2.3 vectorwise,  5585.375,     1.000,     2.470,     3.253,   141.723,   100.339,     0.066,     0.003,     0.205,   247.858,     0.052,     0.072,     0.052,    34.045,    85.180,     8.537,     0.001,     0.000,    30.847,
     q3.1 hyper     ,  2493.360,     1.000,     0.994,     3.233,  3441.828,    44.545,     0.188,     0.036,     1.153,    44.299,     0.229,     0.777,     0.229,     1.448,    17.786,    15.723,     0.008,     0.000,    13.778,
     q3.1 vectorwise, 11032.313,     1.000,     1.839,     3.247,   729.136,   197.960,     0.180,     0.071,     1.074,   364.054,     0.392,     0.728,     0.392,    52.027,   124.656,    38.801,     0.016,     0.000,    60.963,
     q3.2 hyper     ,  1050.083,     1.000,     1.791,     3.234,  2038.911,    18.763,     0.104,     0.008,     0.465,    33.611,     0.058,     0.194,     0.058,     1.021,    14.541,     4.385,     0.002,     0.000,     5.803,
     q3.2 vectorwise,  6412.491,     1.000,     2.285,     3.251,   313.380,   115.182,     0.090,     0.019,     0.455,   263.244,     0.072,     0.182,     0.072,    36.468,    90.442,    14.070,     0.004,     0.000,    35.434,
     q3.3 hyper     ,   686.022,     1.000,     2.658,     3.238,  1384.995,    12.275,     0.072,     0.002,     0.302,    32.629,     0.023,     0.086,     0.023,     1.006,    14.185,     0.969,     0.000,     0.000,     3.791,
     q3.3 vectorwise,  5657.247,     1.000,     2.460,     3.252,   155.364,   101.676,     0.067,     0.008,     0.318,   250.128,     0.028,     0.080,     0.028,    34.409,    85.972,     9.246,     0.002,     0.000,    31.261,
     q3.4 hyper     ,   636.599,     1.000,     2.864,     3.237,  1499.071,    11.388,     0.072,     0.002,     0.301,    32.613,     0.023,     0.086,     0.023,     1.005,    14.176,     0.918,     0.000,     0.000,     3.518,
     q3.4 vectorwise,  5638.343,     1.000,     2.468,     3.253,   155.274,   101.341,     0.067,     0.008,     0.314,   250.088,     0.027,     0.079,     0.027,    34.398,    85.944,     8.955,     0.002,     0.000,    31.157,
     q4.1 hyper     ,  3355.806,     1.000,     0.755,     3.225,  1964.010,    59.477,     0.267,     0.099,     1.804,    44.910,     0.368,     0.593,     0.368,     0.184,    19.846,    27.211,     0.022,     0.000,    18.442,
     q4.1 vectorwise, 12456.561,     1.000,     1.606,     3.242,   715.474,   221.960,     0.273,     0.160,     2.082,   356.493,     0.504,     0.802,     0.504,    51.629,   123.838,    58.643,     0.036,     0.000,    68.455,
     q4.2 hyper     ,  3282.454,     1.000,     0.736,     3.225,  2005.100,    58.166,     0.228,     0.077,     1.743,    42.812,     0.368,     0.593,     0.368,     0.107,    20.561,    26.145,     0.017,     0.000,    18.039,
     q4.2 vectorwise, 12125.916,     1.000,     1.658,     3.242,   699.915,   216.027,     0.257,     0.138,     2.090,   358.093,     0.510,     0.764,     0.510,    50.933,   124.842,    54.953,     0.031,     0.000,    66.638,
     q4.3 hyper     ,  1538.881,     1.000,     1.339,     3.232,  1338.183,    27.331,     0.127,     0.020,     0.623,    36.602,     0.161,     0.185,     0.161,     0.020,    18.508,     9.077,     0.004,     0.000,     8.457,
     q4.3 vectorwise,  7256.493,     1.000,     2.201,     3.250,   281.050,   129.601,     0.120,     0.032,     0.831,   285.266,     0.185,     0.184,     0.185,    39.621,    99.757,    18.030,     0.007,     0.000,    39.878,

############################################
### vectorSize=8
############################################
                name,      time,      CPUs,       IPC,       GHz, Bandwidth,    cycles,LLC-misses,LLC-misses2, l1-misses,    instr.,br. misses,    all_rd,br. misses,    stores,     loads, mem_stall,local_dram,remote_dram,task-clock,
     q1.1 hyper     ,  1698.911,     1.000,     0.690,     3.244,  2010.349,    30.616,     0.310,     0.009,     0.332,    21.127,     0.689,     0.311,     0.689,     0.151,     8.258,     6.016,     0.002,     0.000,     9.438,
     q1.1 vectorwise,  1743.993,     1.000,     1.896,     3.241,  1891.443,    31.405,     0.298,     0.015,     0.334,    59.528,     0.274,     0.300,     0.274,     7.174,    18.273,     6.607,     0.003,     0.000,     9.688,
     q1.2 hyper     ,   764.679,     1.000,     1.519,     3.239,  3624.609,    13.761,     0.251,     0.004,     0.230,    20.899,     0.204,     0.252,     0.204,     0.055,     8.734,     2.477,     0.001,     0.000,     4.248,
     q1.2 vectorwise,  1405.667,     1.000,     2.062,     3.242,  1973.235,    25.317,     0.250,     0.005,     0.221,    52.197,     0.299,     0.252,     0.299,     5.740,    16.101,     4.119,     0.001,     0.000,     7.809,
     q1.3 hyper     ,   701.248,     1.000,     1.651,     3.239,  3928.041,    12.617,     0.249,     0.003,     0.228,    20.835,     0.172,     0.251,     0.172,     0.055,     8.691,     2.099,     0.001,     0.000,     3.896,
     q1.3 vectorwise,  1400.765,     1.000,     2.059,     3.242,  1969.524,    25.231,     0.249,     0.005,     0.217,    51.954,     0.298,     0.251,     0.298,     5.707,    16.036,     4.006,     0.001,     0.000,     7.782,
     q2.1 hyper     ,  1914.329,     1.000,     0.983,     3.239,  1747.036,    34.244,     0.123,     0.029,     1.313,    33.678,     0.178,     0.303,     0.178,     0.092,    14.854,    12.934,     0.007,     0.000,    10.572,
     q2.1 vectorwise,  3180.385,     1.000,     1.413,     3.241,  1193.435,    56.922,     0.111,     0.045,     1.394,    80.425,     0.233,     0.343,     0.233,     8.228,    21.939,    18.116,     0.010,     0.000,    17.565,
     q2.2 hyper     ,   959.009,     1.000,     1.854,     3.241,  1137.295,    17.165,     0.076,     0.009,     0.958,    31.822,     0.071,     0.099,     0.071,     0.031,    14.251,     3.883,     0.002,     0.000,     5.296,
     q2.2 vectorwise,  1667.489,     1.000,     2.164,     3.244,   747.110,    29.873,     0.074,     0.011,     1.051,    64.638,     0.081,     0.113,     0.081,     5.813,    16.639,     5.378,     0.002,     0.000,     9.208,
     q2.3 hyper     ,   679.365,     1.000,     2.581,     3.239,  1152.642,    12.154,     0.066,     0.001,     0.126,    31.366,     0.053,     0.071,     0.053,     0.013,    14.099,     1.094,     0.000,     0.000,     3.752,
     q2.3 vectorwise,  1284.669,     1.000,     2.649,     3.247,   614.687,    23.039,     0.066,     0.001,     0.174,    61.036,     0.055,     0.071,     0.055,     5.245,    15.401,     2.073,     0.000,     0.000,     7.095,
     q3.1 hyper     ,  2418.087,     1.000,     1.025,     3.234,  3587.619,    43.211,     0.187,     0.037,     1.167,    44.298,     0.229,     0.785,     0.229,     1.447,    17.786,    14.693,     0.008,     0.000,    13.362,
     q3.1 vectorwise,  5131.389,     1.000,     1.376,     3.237,  1612.694,    91.795,     0.179,     0.062,     1.144,   126.308,     0.625,     0.749,     0.625,    14.426,    36.471,    26.422,     0.014,     0.000,    28.355,
     q3.2 hyper     ,  1032.198,     1.000,     1.820,     3.237,  2117.372,    18.460,     0.104,     0.008,     0.468,    33.590,     0.058,     0.198,     0.058,     1.022,    14.547,     4.111,     0.002,     0.000,     5.704,
     q3.2 vectorwise,  1804.375,     1.000,     2.127,     3.239,  1179.951,    32.295,     0.093,     0.010,     0.519,    68.686,     0.107,     0.193,     0.107,     6.360,    17.891,     6.032,     0.002,     0.000,     9.971,
     q3.3 hyper     ,   682.876,     1.000,     2.671,     3.238,  1389.492,    12.217,     0.072,     0.002,     0.303,    32.633,     0.023,     0.086,     0.023,     1.007,    14.187,     0.928,     0.000,     0.000,     3.773,
     q3.3 vectorwise,  1287.812,     1.000,     2.675,     3.244,   716.585,    23.087,     0.068,     0.002,     0.411,    61.765,     0.033,     0.084,     0.033,     5.362,    15.656,     2.280,     0.000,     0.000,     7.116,
     q3.4 hyper     ,   632.879,     1.000,     2.881,     3.237,  1511.893,    11.320,     0.073,     0.002,     0.302,    32.615,     0.023,     0.087,     0.023,     1.004,    14.180,     0.875,     0.000,     0.000,     3.497,
     q3.4 vectorwise,  1280.941,     1.000,     2.687,     3.245,   718.213,    22.967,     0.068,     0.002,     0.406,    61.708,     0.033,     0.083,     0.033,     5.349,    15.626,     2.228,     0.000,     0.000,     7.078,
     q4.1 hyper     ,  3288.980,     1.000,     0.771,     3.225,  2023.942,    58.293,     0.268,     0.100,     1.798,    44.946,     0.369,     0.599,     0.369,     0.189,    19.853,    26.175,     0.022,     0.000,    18.075,
     q4.1 vectorwise,  6627.303,     1.000,     1.043,     3.235,  1170.038,   117.802,     0.263,     0.148,     2.079,   122.881,     0.773,     0.698,     0.773,    14.724,    36.053,    45.536,     0.033,     0.000,    36.420,
     q4.2 hyper     ,  3206.705,     1.000,     0.753,     3.226,  2047.150,    56.850,     0.228,     0.077,     1.739,    42.796,     0.368,     0.591,     0.368,     0.105,    20.563,    24.969,     0.017,     0.000,    17.622,
     q4.2 vectorwise,  6279.664,     1.000,     1.090,     3.233,  1238.070,   111.573,     0.235,     0.121,     2.073,   121.629,     0.745,     0.700,     0.745,    14.032,    35.832,    41.907,     0.027,     0.000,    34.510,
     q4.3 hyper     ,  1516.736,     1.000,     1.358,     3.234,  1357.134,    26.954,     0.127,     0.020,     0.623,    36.607,     0.161,     0.185,     0.161,     0.021,    18.501,     8.710,     0.004,     0.000,     8.335,
     q4.3 vectorwise,  2576.425,     1.000,     1.700,     3.241,   790.847,    45.882,     0.117,     0.029,     0.795,    78.014,     0.227,     0.183,     0.227,     7.825,    21.434,    11.872,     0.006,     0.000,    14.159,

############################################
### vectorSize=16
############################################
                name,      time,      CPUs,       IPC,       GHz, Bandwidth,    cycles,LLC-misses,LLC-misses2, l1-misses,    instr.,br. misses,    all_rd,br. misses,    stores,     loads, mem_stall,local_dram,remote_dram,task-clock,
     q1.1 hyper     ,  1699.806,     1.000,     0.690,     3.244,  2008.626,    30.636,     0.309,     0.009,     0.332,    21.128,     0.689,     0.311,     0.689,     0.151,     8.258,     6.042,     0.002,     0.000,     9.443,
     q1.1 vectorwise,  1291.788,     1.000,     1.887,     3.239,  2571.660,    23.246,     0.300,     0.017,     0.335,    43.869,     0.195,     0.302,     0.195,     5.270,    12.328,     5.738,     0.004,     0.000,     7.176,
     q1.2 hyper     ,   764.183,     1.000,     1.519,     3.240,  3627.194,    13.756,     0.250,     0.004,     0.230,    20.897,     0.204,     0.252,     0.204,     0.055,     8.735,     2.484,     0.001,     0.000,     4.245,
     q1.2 vectorwise,  1001.426,     1.000,     2.112,     3.240,  2771.928,    18.027,     0.250,     0.006,     0.221,    38.075,     0.194,     0.253,     0.194,     4.326,    10.592,     3.172,     0.001,     0.000,     5.563,
     q1.3 hyper     ,   701.823,     1.000,     1.649,     3.240,  3924.363,    12.630,     0.249,     0.003,     0.228,    20.832,     0.172,     0.251,     0.172,     0.055,     8.690,     2.116,     0.001,     0.000,     3.899,
     q1.3 vectorwise,   989.339,     1.000,     2.125,     3.240,  2788.739,    17.808,     0.249,     0.006,     0.217,    37.848,     0.192,     0.251,     0.192,     4.293,    10.529,     3.083,     0.001,     0.000,     5.496,
     q2.1 hyper     ,  1946.315,     1.000,     0.967,     3.241,  1851.420,    34.835,     0.122,     0.030,     1.311,    33.695,     0.178,     0.326,     0.178,     0.092,    14.848,    13.396,     0.007,     0.000,    10.749,
     q2.1 vectorwise,  2809.789,     1.000,     1.306,     3.241,  1335.152,    50.287,     0.111,     0.044,     1.406,    65.657,     0.281,     0.339,     0.281,     5.928,    16.442,    17.565,     0.010,     0.000,    15.517,
     q2.2 hyper     ,   959.121,     1.000,     1.853,     3.241,  1138.070,    17.167,     0.076,     0.009,     0.957,    31.819,     0.071,     0.099,     0.071,     0.031,    14.257,     3.883,     0.002,     0.000,     5.297,
     q2.2 vectorwise,  1357.606,     1.000,     2.106,     3.243,   909.882,    24.318,     0.074,     0.011,     1.049,    51.202,     0.104,     0.112,     0.104,     3.739,    11.624,     5.108,     0.002,     0.000,     7.498,
     q2.3 hyper     ,   679.202,     1.000,     2.580,     3.240,  1152.504,    12.153,     0.066,     0.001,     0.126,    31.357,     0.053,     0.071,     0.053,     0.014,    14.102,     1.095,     0.000,     0.000,     3.751,
     q2.3 vectorwise,   960.376,     1.000,     2.770,     3.244,   822.058,    17.204,     0.066,     0.002,     0.170,    47.664,     0.072,     0.071,     0.072,     3.187,    10.417,     1.607,     0.000,     0.000,     5.304,
     q3.1 hyper     ,  2418.510,     1.000,     1.025,     3.234,  3581.444,    43.223,     0.188,     0.037,     1.166,    44.298,     0.229,     0.784,     0.229,     1.447,    17.785,    14.715,     0.008,     0.000,    13.364,
     q3.1 vectorwise,  4564.327,     1.000,     1.292,     3.238,  1912.233,    81.660,     0.176,     0.061,     1.224,   105.469,     0.674,     0.790,     0.674,    11.041,    28.756,    25.628,     0.014,     0.000,    25.221,
     q3.2 hyper     ,  1026.628,     1.000,     1.831,     3.236,  2094.862,    18.358,     0.104,     0.008,     0.466,    33.613,     0.058,     0.195,     0.058,     1.022,    14.537,     4.056,     0.002,     0.000,     5.673,
     q3.2 vectorwise,  1495.228,     1.000,     2.043,     3.239,  1362.412,    26.763,     0.092,     0.011,     0.532,    54.672,     0.131,     0.184,     0.131,     4.196,    12.669,     5.764,     0.004,     0.000,     8.262,
     q3.3 hyper     ,   682.420,     1.000,     2.670,     3.240,  1387.985,    12.217,     0.072,     0.002,     0.303,    32.617,     0.023,     0.086,     0.023,     1.006,    14.184,     0.927,     0.001,     0.000,     3.771,
     q3.3 vectorwise,   969.657,     1.000,     2.779,     3.243,   952.670,    17.375,     0.068,     0.002,     0.419,    48.285,     0.045,     0.084,     0.045,     3.281,    10.616,     1.923,     0.001,     0.000,     5.358,
     q3.4 hyper     ,   632.750,     1.000,     2.880,     3.238,  1509.875,    11.322,     0.073,     0.002,     0.302,    32.608,     0.023,     0.086,     0.023,     1.005,    14.182,     0.877,     0.001,     0.000,     3.496,
     q3.4 vectorwise,   964.810,     1.000,     2.790,     3.244,   954.489,    17.293,     0.068,     0.002,     0.415,    48.243,     0.045,     0.083,     0.045,     3.275,    10.605,     1.843,     0.001,     0.000,     5.331,
     q4.1 hyper     ,  3293.458,     1.000,     0.769,     3.227,  2012.302,    58.396,     0.268,     0.100,     1.798,    44.921,     0.369,     0.597,     0.369,     0.186,    19.848,    26.247,     0.033,     0.000,    18.098,
     q4.1 vectorwise,  5830.392,     1.000,     0.943,     3.233,  1278.565,   103.595,     0.258,     0.138,     2.107,    97.653,     0.857,     0.671,     0.857,    10.425,    26.718,    41.818,     0.046,     0.000,    32.039,
     q4.2 hyper     ,  3217.456,     1.000,     0.750,     3.227,  2048.596,    57.059,     0.228,     0.077,     1.737,    42.792,     0.368,     0.593,     0.368,     0.105,    20.560,    25.129,     0.026,     0.000,    17.681,
     q4.2 vectorwise,  5536.926,     1.000,     0.968,     3.233,  1370.978,    98.362,     0.228,     0.111,     2.112,    95.171,     0.858,     0.684,     0.858,     9.730,    25.926,    38.755,     0.037,     0.000,    30.427,
     q4.3 hyper     ,  1517.909,     1.000,     1.356,     3.234,  1358.547,    26.972,     0.127,     0.020,     0.623,    36.581,     0.161,     0.186,     0.161,     0.021,    18.508,     8.733,     0.007,     0.000,     8.341,
     q4.3 vectorwise,  2205.914,     1.000,     1.580,     3.239,   930.079,    39.266,     0.118,     0.028,     0.791,    62.042,     0.274,     0.185,     0.274,     5.353,    15.408,    11.345,     0.009,     0.000,    12.122,

############################################
### vectorSize=32
############################################
                name,      time,      CPUs,       IPC,       GHz, Bandwidth,    cycles,LLC-misses,LLC-misses2, l1-misses,    instr.,br. misses,    all_rd,br. misses,    stores,     loads, mem_stall,local_dram,remote_dram,task-clock,
     q1.1 hyper     ,  1700.732,     1.000,     0.689,     3.244,  2006.741,    30.648,     0.309,     0.009,     0.331,    21.128,     0.689,     0.311,     0.689,     0.151,     8.258,     6.047,     0.002,     0.000,     9.448,
     q1.1 vectorwise,  1028.858,     1.000,     1.847,     3.237,  3228.932,    18.503,     0.300,     0.019,     0.335,    34.182,     0.159,     0.302,     0.159,     3.982,     8.675,     4.895,     0.004,     0.000,     5.716,
     q1.2 hyper     ,   764.242,     1.000,     1.519,     3.240,  3626.522,    13.755,     0.251,     0.004,     0.230,    20.893,     0.204,     0.252,     0.204,     0.055,     8.734,     2.479,     0.001,     0.000,     4.246,
     q1.2 vectorwise,   759.331,     1.000,     2.188,     3.237,  3654.978,    13.657,     0.250,     0.009,     0.223,    29.876,     0.135,     0.253,     0.135,     3.428,     7.449,     2.468,     0.002,     0.000,     4.218,
     q1.3 hyper     ,   701.663,     1.000,     1.650,     3.238,  3924.725,    12.624,     0.249,     0.003,     0.228,    20.835,     0.172,     0.251,     0.172,     0.055,     8.689,     2.110,     0.001,     0.000,     3.898,
     q1.3 vectorwise,   740.542,     1.000,     2.226,     3.238,  3725.901,    13.320,     0.249,     0.009,     0.218,    29.657,     0.131,     0.251,     0.131,     3.395,     7.387,     2.271,     0.002,     0.000,     4.114,
     q2.1 hyper     ,  1977.239,     1.000,     0.953,     3.238,  1755.473,    35.361,     0.123,     0.030,     1.311,    33.689,     0.178,     0.314,     0.178,     0.092,    14.856,    13.733,     0.007,     0.000,    10.919,
     q2.1 vectorwise,  2500.305,     1.000,     1.270,     3.240,  1524.192,    44.746,     0.111,     0.045,     1.415,    56.817,     0.296,     0.345,     0.296,     4.528,    13.158,    15.838,     0.015,     0.000,    13.809,
     q2.2 hyper     ,   982.299,     1.000,     1.811,     3.240,  1122.984,    17.578,     0.076,     0.009,     0.957,    31.828,     0.072,     0.100,     0.072,     0.033,    14.251,     4.071,     0.003,     0.000,     5.425,
     q2.2 vectorwise,  1197.765,     1.000,     2.069,     3.243,  1019.225,    21.453,     0.074,     0.011,     1.055,    44.378,     0.121,     0.110,     0.121,     2.685,     9.079,     4.942,     0.004,     0.000,     6.615,
     q2.3 hyper     ,   680.159,     1.000,     2.576,     3.241,  1150.110,    12.174,     0.066,     0.002,     0.127,    31.363,     0.053,     0.071,     0.053,     0.014,    14.095,     1.112,     0.001,     0.000,     3.756,
     q2.3 vectorwise,   816.796,     1.000,     2.799,     3.244,   965.925,    14.634,     0.066,     0.001,     0.168,    40.962,     0.087,     0.071,     0.087,     2.157,     7.919,     1.405,     0.000,     0.000,     4.511,
     q3.1 hyper     ,  2457.172,     1.000,     1.009,     3.234,  3484.548,    43.910,     0.188,     0.037,     1.150,    44.299,     0.229,     0.775,     0.229,     1.448,    17.783,    15.163,     0.012,     0.000,    13.578,
     q3.1 vectorwise,  4116.794,     1.000,     1.244,     3.238,  2160.185,    73.653,     0.176,     0.065,     1.277,    91.635,     0.658,     0.805,     0.658,     8.722,    23.622,    24.161,     0.022,     0.000,    22.749,
     q3.2 hyper     ,  1044.904,     1.000,     1.798,     3.236,  2033.310,    18.682,     0.104,     0.008,     0.463,    33.591,     0.058,     0.192,     0.058,     1.021,    14.533,     4.254,     0.003,     0.000,     5.774,
     q3.2 vectorwise,  1335.987,     1.000,     1.989,     3.239,  1565.914,    23.915,     0.092,     0.011,     0.546,    47.563,     0.132,     0.189,     0.132,     3.093,    10.019,     5.778,     0.004,     0.000,     7.382,
     q3.3 hyper     ,   685.239,     1.000,     2.659,     3.240,  1387.535,    12.269,     0.072,     0.002,     0.303,    32.624,     0.023,     0.086,     0.023,     1.006,    14.187,     0.963,     0.001,     0.000,     3.787,
     q3.3 vectorwise,   799.417,     1.000,     2.902,     3.242,  1156.685,    14.323,     0.068,     0.002,     0.426,    41.561,     0.048,     0.084,     0.048,     2.244,     8.104,     1.718,     0.001,     0.000,     4.418,
     q3.4 hyper     ,   634.447,     1.000,     2.872,     3.239,  1505.558,    11.357,     0.072,     0.002,     0.302,    32.619,     0.023,     0.086,     0.023,     1.005,    14.172,     0.901,     0.001,     0.000,     3.506,
     q3.4 vectorwise,   792.980,     1.000,     2.922,     3.242,  1162.285,    14.208,     0.068,     0.002,     0.421,    41.516,     0.047,     0.083,     0.047,     2.240,     8.103,     1.647,     0.001,     0.000,     4.382,
     q4.1 hyper     ,  3315.519,     1.000,     0.764,     3.227,  2011.495,    58.800,     0.268,     0.099,     1.801,    44.928,     0.369,     0.600,     0.369,     0.187,    19.844,    26.567,     0.033,     0.000,    18.220,
     q4.1 vectorwise,  4979.520,     1.000,     0.926,     3.233,  1450.168,    88.458,     0.254,     0.137,     2.197,    81.946,     0.815,     0.650,     0.815,     7.705,    20.914,    35.432,     0.046,     0.000,    27.365,
     q4.2 hyper     ,  3242.332,     1.000,     0.744,     3.228,  2036.241,    57.515,     0.228,     0.077,     1.741,    42.782,     0.367,     0.594,     0.367,     0.104,    20.549,    25.476,     0.026,     0.000,    17.818,
     q4.2 vectorwise,  4666.079,     1.000,     0.952,     3.232,  1600.457,    82.873,     0.222,     0.108,     2.177,    78.907,     0.815,     0.672,     0.815,     7.071,    19.883,    32.228,     0.036,     0.000,    25.642,
     q4.3 hyper     ,  1529.100,     1.000,     1.348,     3.233,  1346.568,    27.169,     0.127,     0.020,     0.623,    36.611,     0.161,     0.185,     0.161,     0.021,    18.498,     8.910,     0.007,     0.000,     8.403,
     q4.3 vectorwise,  1917.789,     1.000,     1.547,     3.238,  1061.891,    34.126,     0.117,     0.029,     0.804,    52.785,     0.284,     0.183,     0.284,     3.902,    11.926,     9.847,     0.010,     0.000,    10.539,

############################################
### vectorSize=64
############################################
                name,      time,      CPUs,       IPC,       GHz, Bandwidth,    cycles,LLC-misses,LLC-misses2, l1-misses,    instr.,br. misses,    all_rd,br. misses,    stores,     loads, mem_stall,local_dram,remote_dram,task-clock,
     q1.1 hyper     ,  1698.010,     1.000,     0.691,     3.243,  2010.919,    30.593,     0.309,     0.009,     0.331,    21.128,     0.689,     0.311,     0.689,     0.151,     8.258,     6.002,     0.002,     0.000,     9.433,
     q1.1 vectorwise,   848.176,     1.000,     1.877,     3.235,  3908.038,    15.243,     0.299,     0.021,     0.333,    28.610,     0.114,     0.302,     0.114,     3.203,     6.580,     4.256,     0.005,     0.000,     4.712,
     q1.2 hyper     ,   763.274,     1.000,     1.521,     3.239,  3630.896,    13.734,     0.251,     0.004,     0.230,    20.894,     0.204,     0.252,     0.204,     0.055,     8.733,     2.452,     0.001,     0.000,     4.240,
     q1.2 vectorwise,   592.851,     1.000,     2.340,     3.234,  4685.894,    10.652,     0.250,     0.017,     0.223,    24.928,     0.070,     0.253,     0.070,     2.828,     5.569,     2.048,     0.004,     0.000,     3.294,
     q1.3 hyper     ,   700.321,     1.000,     1.654,     3.238,  3933.187,    12.599,     0.249,     0.003,     0.228,    20.834,     0.172,     0.251,     0.172,     0.055,     8.691,     2.082,     0.001,     0.000,     3.891,
     q1.3 vectorwise,   577.824,     1.000,     2.381,     3.234,  4776.864,    10.382,     0.249,     0.017,     0.219,    24.719,     0.066,     0.251,     0.066,     2.796,     5.509,     1.911,     0.004,     0.000,     3.210,
     q2.1 hyper     ,  1973.234,     1.000,     0.955,     3.238,  1805.210,    35.286,     0.122,     0.029,     1.310,    33.693,     0.178,     0.322,     0.178,     0.093,    14.854,    13.621,     0.007,     0.000,    10.898,
     q2.1 vectorwise,  2225.483,     1.000,     1.275,     3.238,  1849.818,    39.803,     0.111,     0.045,     1.425,    50.768,     0.272,     0.373,     0.272,     3.549,    10.941,    14.378,     0.010,     0.000,    12.291,
     q2.2 hyper     ,   980.799,     1.000,     1.814,     3.239,  1128.731,    17.547,     0.076,     0.009,     0.957,    31.835,     0.072,     0.100,     0.072,     0.033,    14.256,     4.050,     0.002,     0.000,     5.417,
     q2.2 vectorwise,  1081.281,     1.000,     2.107,     3.241,  1110.451,    19.354,     0.075,     0.011,     1.054,    40.782,     0.111,     0.109,     0.111,     2.129,     7.741,     4.587,     0.002,     0.000,     5.972,
     q2.3 hyper     ,   679.498,     1.000,     2.579,     3.240,  1151.921,    12.160,     0.066,     0.001,     0.126,    31.362,     0.053,     0.071,     0.053,     0.014,    14.100,     1.098,     0.000,     0.000,     3.753,
     q2.3 vectorwise,   722.121,     1.000,     2.908,     3.242,  1095.089,    12.931,     0.066,     0.001,     0.167,    37.605,     0.081,     0.072,     0.081,     1.641,     6.667,     1.243,     0.000,     0.000,     3.988,
     q3.1 hyper     ,  2436.204,     1.000,     1.018,     3.233,  3509.187,    43.517,     0.188,     0.037,     1.148,    44.280,     0.229,     0.774,     0.229,     1.447,    17.783,    14.847,     0.008,     0.000,    13.462,
     q3.1 vectorwise,  3765.300,     1.000,     1.205,     3.236,  2366.420,    67.323,     0.174,     0.067,     1.337,    81.126,     0.625,     0.807,     0.625,     6.908,    19.738,    23.174,     0.015,     0.000,    20.806,
     q3.2 hyper     ,  1040.928,     1.000,     1.807,     3.234,  2061.538,    18.604,     0.104,     0.008,     0.463,    33.623,     0.058,     0.194,     0.058,     1.022,    14.536,     4.187,     0.002,     0.000,     5.752,
     q3.2 vectorwise,  1250.189,     1.000,     1.958,     3.238,  1682.509,    22.367,     0.092,     0.012,     0.553,    43.794,     0.125,     0.190,     0.125,     2.502,     8.615,     5.936,     0.003,     0.000,     6.908,
     q3.3 hyper     ,   684.968,     1.000,     2.661,     3.239,  1389.396,    12.259,     0.072,     0.002,     0.303,    32.619,     0.023,     0.086,     0.023,     1.005,    14.195,     0.960,     0.000,     0.000,     3.785,
     q3.3 vectorwise,   721.316,     1.000,     2.956,     3.241,  1283.419,    12.920,     0.068,     0.003,     0.429,    38.185,     0.052,     0.084,     0.052,     1.726,     6.850,     1.689,     0.001,     0.000,     3.986,
     q3.4 hyper     ,   634.791,     1.000,     2.871,     3.238,  1510.296,    11.359,     0.072,     0.002,     0.302,    32.614,     0.023,     0.087,     0.023,     1.005,    14.186,     0.906,     0.000,     0.000,     3.508,
     q3.4 vectorwise,   714.427,     1.000,     2.979,     3.242,  1290.594,    12.798,     0.068,     0.002,     0.424,    38.132,     0.052,     0.083,     0.052,     1.717,     6.834,     1.613,     0.001,     0.000,     3.948,
     q4.1 hyper     ,  3295.554,     1.000,     0.769,     3.226,  2012.672,    58.429,     0.267,     0.099,     1.804,    44.909,     0.368,     0.597,     0.368,     0.185,    19.849,    26.244,     0.022,     0.000,    18.111,
     q4.1 vectorwise,  4376.044,     1.000,     0.927,     3.230,  1605.367,    77.665,     0.251,     0.127,     2.252,    71.967,     0.771,     0.633,     0.771,     5.971,    17.251,    30.719,     0.028,     0.000,    24.048,
     q4.2 hyper     ,  3228.203,     1.000,     0.749,     3.224,  2052.873,    57.197,     0.228,     0.077,     1.741,    42.814,     0.368,     0.597,     0.368,     0.108,    20.557,    25.248,     0.017,     0.000,    17.741,
     q4.2 vectorwise,  4081.686,     1.000,     0.954,     3.230,  1802.911,    72.442,     0.218,     0.100,     2.257,    69.126,     0.754,     0.663,     0.754,     5.475,    16.279,    28.020,     0.022,     0.000,    22.431,
     q4.3 hyper     ,  1525.059,     1.000,     1.352,     3.231,  1353.307,    27.082,     0.127,     0.020,     0.622,    36.610,     0.161,     0.186,     0.161,     0.019,    18.516,     8.847,     0.005,     0.000,     8.381,
     q4.3 vectorwise,  1661.445,     1.000,     1.584,     3.236,  1210.720,    29.542,     0.117,     0.031,     0.799,    46.808,     0.262,     0.181,     0.262,     2.950,     9.701,     8.415,     0.007,     0.000,     9.130,

############################################
### vectorSize=128
############################################
                name,      time,      CPUs,       IPC,       GHz, Bandwidth,    cycles,LLC-misses,LLC-misses2, l1-misses,    instr.,br. misses,    all_rd,br. misses,    stores,     loads, mem_stall,local_dram,remote_dram,task-clock,
     q1.1 hyper     ,  1697.718,     1.000,     0.691,     3.244,  2011.168,    30.592,     0.309,     0.009,     0.332,    21.128,     0.689,     0.311,     0.689,     0.151,     8.259,     5.996,     0.002,     0.000,     9.431,
     q1.1 vectorwise,   729.556,     1.000,     1.942,     3.234,  4540.156,    13.108,     0.299,     0.024,     0.332,    25.457,     0.096,     0.301,     0.096,     2.744,     5.399,     3.559,     0.005,     0.000,     4.053,
     q1.2 hyper     ,   763.616,     1.000,     1.520,     3.240,  3629.372,    13.745,     0.251,     0.004,     0.230,    20.894,     0.204,     0.252,     0.204,     0.055,     8.734,     2.465,     0.001,     0.000,     4.242,
     q1.2 vectorwise,   528.530,     1.000,     2.333,     3.233,  5250.969,     9.493,     0.250,     0.026,     0.221,    22.148,     0.049,     0.253,     0.049,     2.472,     4.517,     2.174,     0.006,     0.000,     2.936,
     q1.3 hyper     ,   700.715,     1.000,     1.653,     3.239,  3930.218,    12.609,     0.249,     0.003,     0.228,    20.837,     0.172,     0.251,     0.172,     0.055,     8.692,     2.090,     0.001,     0.000,     3.893,
     q1.3 vectorwise,   515.636,     1.000,     2.368,     3.234,  5349.811,     9.263,     0.249,     0.026,     0.218,    21.938,     0.046,     0.251,     0.046,     2.440,     4.457,     2.041,     0.006,     0.000,     2.865,
     q2.1 hyper     ,  1936.240,     1.000,     0.972,     3.239,  1805.306,    34.641,     0.123,     0.030,     1.312,    33.678,     0.178,     0.316,     0.178,     0.091,    14.850,    13.271,     0.007,     0.000,    10.693,
     q2.1 vectorwise,  1920.395,     1.000,     1.354,     3.239,  1915.269,    34.348,     0.111,     0.045,     1.476,    46.521,     0.270,     0.333,     0.270,     2.839,     9.368,    11.292,     0.010,     0.000,    10.606,
     q2.2 hyper     ,   959.030,     1.000,     1.854,     3.241,  1136.830,    17.166,     0.076,     0.009,     0.957,    31.821,     0.071,     0.099,     0.071,     0.031,    14.250,     3.885,     0.002,     0.000,     5.297,
     q2.2 vectorwise,   994.963,     1.000,     2.174,     3.240,  1173.328,    17.802,     0.074,     0.011,     1.073,    38.697,     0.107,     0.106,     0.107,     1.806,     6.976,     4.055,     0.002,     0.000,     5.495,
     q2.3 hyper     ,   679.071,     1.000,     2.581,     3.240,  1152.575,    12.150,     0.066,     0.001,     0.126,    31.359,     0.053,     0.071,     0.053,     0.014,    14.099,     1.093,     0.000,     0.000,     3.750,
     q2.3 vectorwise,   675.029,     1.000,     2.971,     3.241,  1172.777,    12.083,     0.066,     0.001,     0.174,    35.894,     0.076,     0.072,     0.076,     1.380,     6.030,     1.131,     0.000,     0.000,     3.728,
     q3.1 hyper     ,  2421.546,     1.000,     1.024,     3.234,  3585.197,    43.278,     0.187,     0.037,     1.164,    44.316,     0.229,     0.786,     0.229,     1.448,    17.781,    14.708,     0.008,     0.000,    13.381,
     q3.1 vectorwise,  3320.265,     1.000,     1.236,     3.236,  2684.450,    59.368,     0.175,     0.067,     1.450,    73.361,     0.570,     0.807,     0.570,     5.539,    16.871,    19.655,     0.015,     0.000,    18.347,
     q3.2 hyper     ,  1025.345,     1.000,     1.834,     3.236,  2085.888,    18.333,     0.104,     0.008,     0.466,    33.619,     0.058,     0.194,     0.058,     1.021,    14.536,     4.049,     0.002,     0.000,     5.666,
     q3.2 vectorwise,  1169.577,     1.000,     1.986,     3.239,  1750.365,    20.934,     0.091,     0.012,     0.562,    41.569,     0.116,     0.185,     0.116,     2.152,     7.784,     5.551,     0.003,     0.000,     6.463,
     q3.3 hyper     ,   682.642,     1.000,     2.671,     3.239,  1391.742,    12.217,     0.072,     0.002,     0.302,    32.636,     0.023,     0.086,     0.023,     1.006,    14.191,     0.929,     0.000,     0.000,     3.772,
     q3.3 vectorwise,   676.930,     1.000,     3.008,     3.241,  1364.251,    12.124,     0.069,     0.002,     0.440,    36.465,     0.051,     0.084,     0.051,     1.462,     6.216,     1.534,     0.001,     0.000,     3.741,
     q3.4 hyper     ,   633.483,     1.000,     2.878,     3.237,  1512.681,    11.333,     0.072,     0.002,     0.302,    32.612,     0.023,     0.087,     0.023,     1.005,    14.179,     0.882,     0.000,     0.000,     3.501,
     q3.4 vectorwise,   672.015,     1.000,     3.025,     3.241,  1372.346,    12.037,     0.069,     0.002,     0.431,    36.412,     0.051,     0.083,     0.051,     1.452,     6.185,     1.482,     0.001,     0.000,     3.714,
     q4.1 hyper     ,  3298.329,     1.000,     0.769,     3.225,  2026.490,    58.455,     0.268,     0.099,     1.797,    44.937,     0.369,     0.602,     0.369,     0.188,    19.845,    26.283,     0.022,     0.000,    18.126,
     q4.1 vectorwise,  3881.265,     1.000,     0.943,     3.229,  1794.853,    68.876,     0.250,     0.116,     2.435,    64.959,     0.739,     0.627,     0.739,     4.756,    14.707,    25.599,     0.026,     0.000,    21.329,
     q4.2 hyper     ,  3214.499,     1.000,     0.751,     3.227,  2042.434,    57.001,     0.227,     0.077,     1.738,    42.780,     0.368,     0.591,     0.368,     0.103,    20.565,    25.067,     0.017,     0.000,    17.665,
     q4.2 vectorwise,  3605.283,     1.000,     0.986,     3.227,  2045.920,    63.943,     0.216,     0.089,     2.394,    63.025,     0.698,     0.664,     0.698,     4.473,    14.028,    23.726,     0.020,     0.000,    19.813,
     q4.3 hyper     ,  1516.742,     1.000,     1.358,     3.233,  1356.475,    26.951,     0.127,     0.020,     0.622,    36.605,     0.161,     0.185,     0.161,     0.021,    18.501,     8.717,     0.004,     0.000,     8.335,
     q4.3 vectorwise,  1450.796,     1.000,     1.665,     3.236,  1380.201,    25.804,     0.117,     0.032,     0.834,    42.957,     0.255,     0.180,     0.255,     2.331,     8.274,     6.791,     0.007,     0.000,     7.973,

############################################
### vectorSize=256
############################################
                name,      time,      CPUs,       IPC,       GHz, Bandwidth,    cycles,LLC-misses,LLC-misses2, l1-misses,    instr.,br. misses,    all_rd,br. misses,    stores,     loads, mem_stall,local_dram,remote_dram,task-clock,
     q1.1 hyper     ,  1699.970,     1.000,     0.690,     3.243,  2008.311,    30.626,     0.309,     0.009,     0.331,    21.129,     0.689,     0.311,     0.689,     0.151,     8.257,     6.034,     0.002,     0.000,     9.444,
     q1.1 vectorwise,   653.109,     1.000,     2.016,     3.232,  5041.177,    11.726,     0.297,     0.032,     0.334,    23.634,     0.070,     0.300,     0.070,     2.469,     4.721,     3.164,     0.007,     0.000,     3.628,
     q1.2 hyper     ,   764.488,     1.000,     1.519,     3.239,  3625.474,    13.754,     0.251,     0.004,     0.230,    20.895,     0.204,     0.252,     0.204,     0.055,     8.734,     2.475,     0.001,     0.000,     4.247,
     q1.2 vectorwise,   534.849,     1.000,     2.158,     3.232,  5183.594,     9.603,     0.250,     0.052,     0.221,    20.722,     0.029,     0.252,     0.029,     2.290,     3.982,     2.985,     0.012,     0.000,     2.971,
     q1.3 hyper     ,   701.773,     1.000,     1.651,     3.238,  3925.331,    12.623,     0.249,     0.003,     0.228,    20.836,     0.172,     0.251,     0.172,     0.055,     8.690,     2.106,     0.001,     0.000,     3.899,
     q1.3 vectorwise,   523.276,     1.000,     2.184,     3.232,  5266.588,     9.396,     0.249,     0.052,     0.217,    20.517,     0.027,     0.251,     0.027,     2.259,     3.923,     2.876,     0.011,     0.000,     2.907,
     q2.1 hyper     ,  1975.782,     1.000,     0.954,     3.237,  1744.076,    35.326,     0.122,     0.029,     1.311,    33.691,     0.178,     0.312,     0.178,     0.093,    14.855,    13.681,     0.006,     0.000,    10.912,
     q2.1 vectorwise,  1732.831,     1.000,     1.405,     3.237,  2132.512,    30.977,     0.113,     0.044,     1.599,    43.529,     0.258,     0.334,     0.258,     2.335,     8.298,     9.622,     0.010,     0.000,     9.570,
     q2.2 hyper     ,   983.097,     1.000,     1.809,     3.240,  1122.460,    17.592,     0.076,     0.009,     0.957,    31.821,     0.072,     0.100,     0.072,     0.032,    14.252,     4.078,     0.002,     0.000,     5.430,
     q2.2 vectorwise,   917.545,     1.000,     2.273,     3.239,  1238.048,    16.415,     0.075,     0.011,     1.119,    37.314,     0.096,     0.103,     0.096,     1.588,     6.468,     3.454,     0.002,     0.000,     5.067,
     q2.3 hyper     ,   680.508,     1.000,     2.575,     3.240,  1150.763,    12.177,     0.066,     0.002,     0.127,    31.362,     0.053,     0.071,     0.053,     0.012,    14.108,     1.117,     0.000,     0.000,     3.758,
     q2.3 vectorwise,   637.963,     1.000,     3.063,     3.241,  1240.445,    11.419,     0.066,     0.001,     0.177,    34.980,     0.066,     0.072,     0.066,     1.246,     5.699,     1.042,     0.000,     0.000,     3.523,
     q3.1 hyper     ,  2464.213,     1.000,     1.007,     3.232,  3472.225,    44.007,     0.188,     0.036,     1.150,    44.306,     0.229,     0.775,     0.229,     1.448,    17.782,    15.247,     0.008,     0.000,    13.617,
     q3.1 vectorwise,  2904.354,     1.000,     1.322,     3.234,  3117.081,    51.896,     0.182,     0.059,     1.619,    68.583,     0.490,     0.820,     0.490,     4.697,    15.118,    15.510,     0.013,     0.000,    16.049,
     q3.2 hyper     ,  1037.546,     1.000,     1.813,     3.234,  2000.628,    18.541,     0.104,     0.007,     0.460,    33.623,     0.058,     0.188,     0.058,     1.021,    14.535,     4.169,     0.002,     0.000,     5.733,
     q3.2 vectorwise,  1103.396,     1.000,     2.032,     3.237,  1878.867,    19.734,     0.094,     0.012,     0.574,    40.102,     0.102,     0.188,     0.102,     1.915,     7.255,     5.181,     0.003,     0.000,     6.097,
     q3.3 hyper     ,   685.451,     1.000,     2.659,     3.239,  1386.412,    12.268,     0.072,     0.002,     0.303,    32.624,     0.023,     0.086,     0.023,     1.006,    14.186,     0.963,     0.000,     0.000,     3.788,
     q3.3 vectorwise,   643.221,     1.000,     3.088,     3.240,  1434.575,    11.518,     0.069,     0.002,     0.442,    35.570,     0.042,     0.084,     0.042,     1.322,     5.877,     1.436,     0.001,     0.000,     3.554,
     q3.4 hyper     ,   634.515,     1.000,     2.873,     3.237,  1505.358,    11.351,     0.072,     0.002,     0.302,    32.614,     0.023,     0.086,     0.023,     1.005,    14.173,     0.899,     0.000,     0.000,     3.506,
     q3.4 vectorwise,   638.453,     1.000,     3.108,     3.240,  1443.366,    11.430,     0.069,     0.002,     0.438,    35.522,     0.042,     0.083,     0.042,     1.313,     5.864,     1.374,     0.001,     0.000,     3.528,
     q4.1 hyper     ,  3322.583,     1.000,     0.762,     3.226,  2014.534,    58.912,     0.268,     0.100,     1.803,    44.898,     0.368,     0.603,     0.368,     0.185,    19.852,    26.645,     0.022,     0.000,    18.259,
     q4.1 vectorwise,  3331.508,     1.000,     1.020,     3.226,  2096.355,    59.060,     0.251,     0.100,     2.667,    60.258,     0.693,     0.629,     0.693,     3.927,    12.976,    19.609,     0.022,     0.000,    18.308,
     q4.2 hyper     ,  3245.362,     1.000,     0.744,     3.224,  2048.583,    57.500,     0.228,     0.077,     1.742,    42.797,     0.368,     0.599,     0.368,     0.106,    20.569,    25.476,     0.017,     0.000,    17.835,
     q4.2 vectorwise,  3104.376,     1.000,     1.074,     3.226,  2394.016,    55.029,     0.217,     0.073,     2.649,    59.104,     0.643,     0.669,     0.643,     3.828,    12.583,    18.164,     0.016,     0.000,    17.060,
     q4.3 hyper     ,  1530.936,     1.000,     1.347,     3.231,  1345.759,    27.187,     0.127,     0.020,     0.624,    36.608,     0.161,     0.186,     0.161,     0.021,    18.500,     8.934,     0.005,     0.000,     8.413,
     q4.3 vectorwise,  1300.841,     1.000,     1.758,     3.233,  1544.384,    23.109,     0.119,     0.032,     0.919,    40.618,     0.236,     0.181,     0.236,     1.960,     7.427,     5.671,     0.007,     0.000,     7.149,

############################################
### vectorSize=512
############################################
                name,      time,      CPUs,       IPC,       GHz, Bandwidth,    cycles,LLC-misses,LLC-misses2, l1-misses,    instr.,br. misses,    all_rd,br. misses,    stores,     loads, mem_stall,local_dram,remote_dram,task-clock,
     q1.1 hyper     ,  1701.702,     1.000,     0.689,     3.243,  2005.606,    30.651,     0.309,     0.009,     0.332,    21.128,     0.689,     0.311,     0.689,     0.151,     8.258,     6.061,     0.002,     0.000,     9.452,
     q1.1 vectorwise,   631.005,     1.000,     1.999,     3.231,  5150.039,    11.324,     0.294,     0.038,     0.356,    22.641,     0.056,     0.296,     0.056,     2.317,     4.354,     3.244,     0.008,     0.000,     3.505,
     q1.2 hyper     ,   764.913,     1.000,     1.518,     3.239,  3623.209,    13.760,     0.251,     0.004,     0.230,    20.893,     0.204,     0.252,     0.204,     0.055,     8.734,     2.485,     0.001,     0.000,     4.249,
     q1.2 vectorwise,   538.353,     1.000,     2.069,     3.232,  5151.922,     9.664,     0.250,     0.072,     0.223,    19.998,     0.018,     0.252,     0.018,     2.197,     3.711,     3.353,     0.016,     0.000,     2.990,
     q1.3 hyper     ,   702.108,     1.000,     1.650,     3.238,  3922.864,    12.627,     0.249,     0.003,     0.228,    20.837,     0.172,     0.251,     0.172,     0.055,     8.690,     2.111,     0.001,     0.000,     3.900,
     q1.3 vectorwise,   526.293,     1.000,     2.096,     3.232,  5237.267,     9.449,     0.249,     0.072,     0.219,    19.800,     0.016,     0.251,     0.016,     2.168,     3.653,     3.228,     0.016,     0.000,     2.923,
     q2.1 hyper     ,  1976.328,     1.000,     0.954,     3.238,  1751.564,    35.330,     0.122,     0.029,     1.311,    33.698,     0.178,     0.313,     0.178,     0.093,    14.854,    13.767,     0.006,     0.000,    10.913,
     q2.1 vectorwise,  1553.830,     1.000,     1.499,     3.237,  2513.887,    27.768,     0.122,     0.042,     1.732,    41.614,     0.251,     0.353,     0.251,     1.997,     7.583,     7.573,     0.009,     0.000,     8.580,
     q2.2 hyper     ,   983.365,     1.000,     1.809,     3.239,  1127.196,    17.590,     0.076,     0.009,     0.957,    31.822,     0.072,     0.100,     0.072,     0.031,    14.257,     4.082,     0.002,     0.000,     5.430,
     q2.2 vectorwise,   860.751,     1.000,     2.361,     3.240,  1300.017,    15.398,     0.075,     0.011,     1.224,    36.353,     0.092,     0.101,     0.092,     1.431,     6.115,     3.033,     0.002,     0.000,     4.753,
     q2.3 hyper     ,   680.515,     1.000,     2.575,     3.240,  1150.324,    12.175,     0.066,     0.002,     0.126,    31.351,     0.053,     0.071,     0.053,     0.015,    14.099,     1.114,     0.000,     0.000,     3.758,
     q2.3 vectorwise,   618.673,     1.000,     3.116,     3.240,  1279.204,    11.069,     0.066,     0.001,     0.204,    34.485,     0.061,     0.072,     0.061,     1.173,     5.517,     0.991,     0.000,     0.000,     3.416,
     q3.1 hyper     ,  2468.645,     1.000,     1.005,     3.232,  3475.902,    44.081,     0.188,     0.036,     1.151,    44.293,     0.229,     0.777,     0.229,     1.448,    17.786,    15.337,     0.008,     0.000,    13.638,
     q3.1 vectorwise,  2643.879,     1.000,     1.398,     3.234,  3555.150,    47.230,     0.205,     0.055,     1.796,    66.049,     0.436,     0.851,     0.436,     4.262,    14.198,    13.063,     0.025,     0.000,    14.606,
     q3.2 hyper     ,  1043.281,     1.000,     1.802,     3.236,  2021.965,    18.649,     0.103,     0.007,     0.462,    33.601,     0.058,     0.191,     0.058,     1.023,    14.525,     4.256,     0.003,     0.000,     5.764,
     q3.2 vectorwise,  1055.111,     1.000,     2.072,     3.238,  2035.761,    18.874,     0.096,     0.011,     0.646,    39.110,     0.093,     0.194,     0.093,     1.754,     6.881,     4.853,     0.005,     0.000,     5.829,
     q3.3 hyper     ,   685.390,     1.000,     2.658,     3.239,  1386.809,    12.267,     0.072,     0.002,     0.303,    32.604,     0.023,     0.086,     0.023,     1.008,    14.188,     0.965,     0.001,     0.000,     3.787,
     q3.3 vectorwise,   617.946,     1.000,     3.168,     3.241,  1503.551,    11.064,     0.070,     0.002,     0.467,    35.046,     0.035,     0.084,     0.035,     1.243,     5.695,     1.326,     0.001,     0.000,     3.414,
     q3.4 hyper     ,   635.347,     1.000,     2.867,     3.238,  1505.353,    11.367,     0.072,     0.002,     0.302,    32.588,     0.023,     0.087,     0.023,     1.007,    14.192,     0.916,     0.001,     0.000,     3.510,
     q3.4 vectorwise,   610.967,     1.000,     3.199,     3.242,  1523.941,    10.942,     0.070,     0.002,     0.461,    35.004,     0.035,     0.084,     0.035,     1.232,     5.671,     1.248,     0.001,     0.000,     3.376,
     q4.1 hyper     ,  3333.615,     1.000,     0.760,     3.227,  1977.256,    59.107,     0.268,     0.100,     1.801,    44.899,     0.368,     0.593,     0.368,     0.185,    19.844,    26.868,     0.044,     0.000,    18.315,
     q4.1 vectorwise,  2968.197,     1.000,     1.092,     3.225,  2432.480,    52.594,     0.262,     0.090,     2.687,    57.448,     0.648,     0.650,     0.648,     3.441,    11.962,    15.805,     0.040,     0.000,    16.307,
     q4.2 hyper     ,  3254.697,     1.000,     0.742,     3.227,  2004.923,    57.700,     0.228,     0.077,     1.739,    42.795,     0.368,     0.588,     0.368,     0.107,    20.569,    25.712,     0.034,     0.000,    17.881,
     q4.2 vectorwise,  2785.812,     1.000,     1.150,     3.225,  2732.119,    49.351,     0.226,     0.063,     2.709,    56.743,     0.607,     0.685,     0.607,     3.444,    11.727,    14.707,     0.028,     0.000,    15.305,
     q4.3 hyper     ,  1531.281,     1.000,     1.345,     3.233,  1345.714,    27.200,     0.127,     0.020,     0.623,    36.593,     0.161,     0.186,     0.161,     0.021,    18.497,     8.943,     0.009,     0.000,     8.413,
     q4.3 vectorwise,  1219.666,     1.000,     1.816,     3.231,  1655.554,    21.650,     0.120,     0.033,     1.055,    39.319,     0.222,     0.182,     0.222,     1.744,     6.948,     5.029,     0.015,     0.000,     6.701,

############################################
### vectorSize=1024
############################################
                name,      time,      CPUs,       IPC,       GHz, Bandwidth,    cycles,LLC-misses,LLC-misses2, l1-misses,    instr.,br. misses,    all_rd,br. misses,    stores,     loads, mem_stall,local_dram,remote_dram,task-clock,
     q1.1 hyper     ,  1700.951,     1.000,     0.689,     3.244,  2007.384,    30.653,     0.309,     0.009,     0.332,    21.128,     0.689,     0.311,     0.689,     0.151,     8.258,     6.058,     0.002,     0.000,     9.449,
     q1.1 vectorwise,   601.787,     1.000,     2.049,     3.232,  5329.577,    10.804,     0.290,     0.042,     0.443,    22.136,     0.049,     0.292,     0.049,     2.239,     4.166,     2.954,     0.009,     0.000,     3.343,
     q1.2 hyper     ,   763.637,     1.000,     1.520,     3.240,  3630.077,    13.744,     0.251,     0.004,     0.230,    20.896,     0.204,     0.252,     0.204,     0.055,     8.733,     2.466,     0.001,     0.000,     4.242,
     q1.2 vectorwise,   526.087,     1.000,     2.077,     3.232,  5271.936,     9.447,     0.250,     0.080,     0.253,    19.623,     0.012,     0.252,     0.012,     2.149,     3.571,     3.260,     0.018,     0.000,     2.923,
     q1.3 hyper     ,   701.075,     1.000,     1.652,     3.239,  3929.425,    12.614,     0.249,     0.003,     0.228,    20.836,     0.172,     0.251,     0.172,     0.055,     8.690,     2.099,     0.001,     0.000,     3.895,
     q1.3 vectorwise,   513.697,     1.000,     2.106,     3.233,  5361.671,     9.226,     0.249,     0.082,     0.236,    19.427,     0.010,     0.251,     0.010,     2.120,     3.516,     3.175,     0.018,     0.000,     2.854,
     q2.1 hyper     ,  1975.189,     1.000,     0.953,     3.239,  1894.847,    35.336,     0.122,     0.030,     1.311,    33.691,     0.178,     0.339,     0.178,     0.093,    14.857,    13.798,     0.007,     0.000,    10.909,
     q2.1 vectorwise,  1414.395,     1.000,     1.600,     3.236,  2807.849,    25.278,     0.131,     0.041,     1.736,    40.446,     0.233,     0.359,     0.233,     1.798,     7.168,     6.099,     0.009,     0.000,     7.811,
     q2.2 hyper     ,   968.312,     1.000,     1.837,     3.240,  1132.040,    17.326,     0.076,     0.009,     0.957,    31.827,     0.072,     0.099,     0.072,     0.033,    14.255,     3.976,     0.002,     0.000,     5.348,
     q2.2 vectorwise,   813.868,     1.000,     2.451,     3.239,  1356.140,    14.557,     0.075,     0.011,     1.283,    35.682,     0.089,     0.100,     0.089,     1.319,     5.874,     2.592,     0.002,     0.000,     4.495,
     q2.3 hyper     ,   680.011,     1.000,     2.578,     3.239,  1151.049,    12.166,     0.066,     0.001,     0.127,    31.364,     0.053,     0.071,     0.053,     0.014,    14.099,     1.104,     0.000,     0.000,     3.756,
     q2.3 vectorwise,   606.590,     1.000,     3.151,     3.240,  1306.293,    10.853,     0.066,     0.001,     0.284,    34.202,     0.058,     0.072,     0.058,     1.131,     5.414,     0.905,     0.000,     0.000,     3.350,
     q3.1 hyper     ,  2442.689,     1.000,     1.015,     3.234,  3495.708,    43.652,     0.187,     0.036,     1.151,    44.309,     0.229,     0.773,     0.229,     1.448,    17.781,    14.980,     0.008,     0.000,    13.498,
     q3.1 vectorwise,  2448.816,     1.000,     1.481,     3.232,  3904.624,    43.737,     0.212,     0.054,     1.835,    64.768,     0.396,     0.866,     0.396,     4.040,    13.737,    11.057,     0.012,     0.000,    13.532,
     q3.2 hyper     ,  1033.175,     1.000,     1.821,     3.233,  2073.240,    18.458,     0.104,     0.008,     0.465,    33.618,     0.058,     0.194,     0.058,     1.022,    14.555,     4.136,     0.002,     0.000,     5.709,
     q3.2 vectorwise,   991.292,     1.000,     2.169,     3.236,  2186.843,    17.727,     0.102,     0.011,     0.743,    38.447,     0.087,     0.196,     0.087,     1.641,     6.642,     4.176,     0.004,     0.000,     5.478,
     q3.3 hyper     ,   684.150,     1.000,     2.665,     3.238,  1384.472,    12.242,     0.072,     0.002,     0.302,    32.621,     0.023,     0.086,     0.023,     1.007,    14.197,     0.942,     0.001,     0.000,     3.781,
     q3.3 vectorwise,   600.407,     1.000,     3.234,     3.239,  1559.342,    10.747,     0.070,     0.002,     0.539,    34.750,     0.032,     0.085,     0.032,     1.192,     5.562,     1.196,     0.001,     0.000,     3.318,
     q3.4 hyper     ,   633.399,     1.000,     2.880,     3.237,  1505.261,    11.331,     0.073,     0.002,     0.302,    32.629,     0.023,     0.086,     0.023,     1.005,    14.191,     0.886,     0.001,     0.000,     3.500,
     q3.4 vectorwise,   593.410,     1.000,     3.269,     3.239,  1581.021,    10.619,     0.070,     0.002,     0.534,    34.718,     0.032,     0.085,     0.032,     1.185,     5.554,     1.106,     0.001,     0.000,     3.279,
     q4.1 hyper     ,  3309.412,     1.000,     0.766,     3.225,  2009.484,    58.641,     0.267,     0.100,     1.796,    44.898,     0.369,     0.599,     0.369,     0.185,    19.861,    26.490,     0.033,     0.000,    18.182,
     q4.1 vectorwise,  2766.446,     1.000,     1.142,     3.224,  2664.166,    49.021,     0.275,     0.086,     2.681,    55.990,     0.614,     0.664,     0.614,     3.185,    11.439,    13.816,     0.029,     0.000,    15.203,
     q4.2 hyper     ,  3237.380,     1.000,     0.746,     3.226,  2022.018,    57.388,     0.228,     0.077,     1.740,    42.790,     0.368,     0.589,     0.368,     0.107,    20.568,    25.468,     0.026,     0.000,    17.791,
     q4.2 vectorwise,  2570.357,     1.000,     1.216,     3.222,  3036.085,    45.512,     0.240,     0.059,     2.757,    55.357,     0.583,     0.703,     0.583,     3.204,    11.215,    12.365,     0.020,     0.000,    14.125,
     q4.3 hyper     ,  1525.916,     1.000,     1.350,     3.232,  1348.883,    27.103,     0.127,     0.020,     0.623,    36.596,     0.161,     0.185,     0.161,     0.021,    18.510,     8.859,     0.007,     0.000,     8.386,
     q4.3 vectorwise,  1154.981,     1.000,     1.880,     3.231,  1799.479,    20.510,     0.125,     0.034,     1.094,    38.563,     0.209,     0.187,     0.209,     1.625,     6.665,     4.499,     0.011,     0.000,     6.347,

############################################
### vectorSize=2048
############################################
                name,      time,      CPUs,       IPC,       GHz, Bandwidth,    cycles,LLC-misses,LLC-misses2, l1-misses,    instr.,br. misses,    all_rd,br. misses,    stores,     loads, mem_stall,local_dram,remote_dram,task-clock,
     q1.1 hyper     ,  1697.443,     1.000,     0.691,     3.244,  2010.893,    30.590,     0.309,     0.009,     0.332,    21.130,     0.689,     0.311,     0.689,     0.151,     8.258,     5.999,     0.002,     0.000,     9.430,
     q1.1 vectorwise,   598.694,     1.000,     2.035,     3.233,  5271.579,    10.751,     0.286,     0.044,     0.477,    21.880,     0.044,     0.287,     0.044,     2.200,     4.071,     3.028,     0.010,     0.000,     3.326,
     q1.2 hyper     ,   762.475,     1.000,     1.523,     3.240,  3634.024,    13.724,     0.250,     0.004,     0.230,    20.903,     0.204,     0.252,     0.204,     0.055,     8.733,     2.454,     0.001,     0.000,     4.236,
     q1.2 vectorwise,   515.882,     1.000,     2.098,     3.233,  5366.839,     9.265,     0.250,     0.082,     0.317,    19.434,     0.009,     0.252,     0.009,     2.122,     3.495,     3.176,     0.018,     0.000,     2.866,
     q1.3 hyper     ,   700.231,     1.000,     1.654,     3.239,  3933.440,    12.601,     0.249,     0.003,     0.228,    20.837,     0.172,     0.251,     0.172,     0.055,     8.690,     2.088,     0.001,     0.000,     3.890,
     q1.3 vectorwise,   507.442,     1.000,     2.111,     3.233,  5424.758,     9.115,     0.249,     0.083,     0.304,    19.239,     0.007,     0.251,     0.007,     2.096,     3.445,     3.119,     0.018,     0.000,     2.819,
     q2.1 hyper     ,  1907.490,     1.000,     0.987,     3.240,  1774.542,    34.135,     0.123,     0.030,     1.311,    33.706,     0.178,     0.306,     0.178,     0.092,    14.837,    12.828,     0.007,     0.000,    10.535,
     q2.1 vectorwise,  1353.658,     1.000,     1.649,     3.237,  3064.370,    24.196,     0.131,     0.041,     1.734,    39.896,     0.219,     0.375,     0.219,     1.703,     6.966,     5.648,     0.009,     0.000,     7.476,
     q2.2 hyper     ,   956.575,     1.000,     1.859,     3.240,  1142.189,    17.119,     0.076,     0.009,     0.957,    31.830,     0.071,     0.099,     0.071,     0.032,    14.253,     3.847,     0.002,     0.000,     5.283,
     q2.2 vectorwise,   771.383,     1.000,     2.553,     3.239,  1432.553,    13.799,     0.075,     0.011,     1.296,    35.227,     0.086,     0.100,     0.086,     1.241,     5.707,     2.162,     0.002,     0.000,     4.260,
     q2.3 hyper     ,   679.159,     1.000,     2.580,     3.240,  1152.584,    12.152,     0.066,     0.001,     0.126,    31.358,     0.053,     0.071,     0.053,     0.014,    14.100,     1.091,     0.000,     0.000,     3.751,
     q2.3 vectorwise,   598.515,     1.000,     3.173,     3.241,  1316.523,    10.712,     0.066,     0.001,     0.447,    33.986,     0.056,     0.071,     0.056,     1.103,     5.349,     0.851,     0.000,     0.000,     3.306,
     q3.1 hyper     ,  2397.908,     1.000,     1.034,     3.234,  3625.249,    42.847,     0.187,     0.037,     1.164,    44.299,     0.229,     0.787,     0.229,     1.449,    17.789,    14.391,     0.008,     0.000,    13.250,
     q3.1 vectorwise,  2355.257,     1.000,     1.524,     3.232,  4161.261,    42.067,     0.212,     0.053,     1.968,    64.114,     0.373,     0.887,     0.373,     3.927,    13.498,    10.095,     0.012,     0.000,    13.015,
     q3.2 hyper     ,  1019.642,     1.000,     1.846,     3.235,  2112.937,    18.230,     0.104,     0.008,     0.466,    33.645,     0.058,     0.195,     0.058,     1.022,    14.537,     3.966,     0.002,     0.000,     5.634,
     q3.2 vectorwise,   942.298,     1.000,     2.255,     3.236,  2328.955,    16.852,     0.102,     0.011,     0.849,    37.996,     0.083,     0.199,     0.083,     1.561,     6.469,     3.656,     0.002,     0.000,     5.207,
     q3.3 hyper     ,   682.027,     1.000,     2.673,     3.239,  1392.853,    12.206,     0.072,     0.002,     0.303,    32.628,     0.023,     0.086,     0.023,     1.006,    14.184,     0.920,     0.000,     0.000,     3.769,
     q3.3 vectorwise,   589.226,     1.000,     3.277,     3.239,  1554.373,    10.546,     0.070,     0.002,     0.668,    34.561,     0.030,     0.083,     0.030,     1.165,     5.513,     1.119,     0.000,     0.000,     3.256,
     q3.4 hyper     ,   632.529,     1.000,     2.883,     3.237,  1508.357,    11.314,     0.073,     0.002,     0.302,    32.616,     0.023,     0.086,     0.023,     1.005,    14.179,     0.871,     0.000,     0.000,     3.495,
     q3.4 vectorwise,   582.166,     1.000,     3.312,     3.239,  1579.629,    10.419,     0.070,     0.002,     0.664,    34.508,     0.030,     0.083,     0.030,     1.154,     5.483,     1.039,     0.000,     0.000,     3.217,
     q4.1 hyper     ,  3276.041,     1.000,     0.774,     3.225,  2055.033,    58.066,     0.267,     0.099,     1.797,    44.936,     0.368,     0.606,     0.368,     0.184,    19.845,    25.946,     0.022,     0.000,    18.003,
     q4.1 vectorwise,  2663.068,     1.000,     1.171,     3.224,  2842.795,    47.184,     0.275,     0.084,     2.688,    55.236,     0.589,     0.682,     0.589,     3.060,    11.167,    12.907,     0.019,     0.000,    14.635,
     q4.2 hyper     ,  3188.961,     1.000,     0.757,     3.225,  2055.604,    56.526,     0.228,     0.077,     1.737,    42.809,     0.368,     0.590,     0.368,     0.106,    20.559,    24.713,     0.017,     0.000,    17.525,
     q4.2 vectorwise,  2473.028,     1.000,     1.246,     3.222,  3203.500,    43.789,     0.239,     0.057,     2.915,    54.564,     0.565,     0.713,     0.565,     3.070,    10.922,    11.410,     0.013,     0.000,    13.590,
     q4.3 hyper     ,  1511.021,     1.000,     1.362,     3.234,  1364.017,    26.853,     0.127,     0.020,     0.622,    36.576,     0.161,     0.186,     0.161,     0.019,    18.506,     8.616,     0.004,     0.000,     8.304,
     q4.3 vectorwise,  1104.851,     1.000,     1.942,     3.233,  1931.385,    19.632,     0.125,     0.034,     1.073,    38.132,     0.201,     0.192,     0.201,     1.558,     6.502,     4.002,     0.007,     0.000,     6.072,

############################################
### vectorSize=4096
############################################
                name,      time,      CPUs,       IPC,       GHz, Bandwidth,    cycles,LLC-misses,LLC-misses2, l1-misses,    instr.,br. misses,    all_rd,br. misses,    stores,     loads, mem_stall,local_dram,remote_dram,task-clock,
     q1.1 hyper     ,  1697.771,     1.000,     0.691,     3.244,  2011.004,    30.594,     0.309,     0.009,     0.331,    21.127,     0.689,     0.311,     0.689,     0.151,     8.258,     5.996,     0.002,     0.000,     9.432,
     q1.1 vectorwise,   591.375,     1.000,     2.047,     3.232,  5298.324,    10.619,     0.283,     0.045,     0.621,    21.740,     0.043,     0.285,     0.043,     2.180,     4.023,     2.944,     0.010,     0.000,     3.285,
     q1.2 hyper     ,   763.055,     1.000,     1.521,     3.240,  3632.332,    13.736,     0.250,     0.004,     0.230,    20.896,     0.204,     0.252,     0.204,     0.055,     8.733,     2.455,     0.001,     0.000,     4.239,
     q1.2 vectorwise,   506.056,     1.000,     2.125,     3.232,  5469.700,     9.085,     0.250,     0.085,     0.362,    19.306,     0.008,     0.252,     0.008,     2.106,     3.453,     3.101,     0.019,     0.000,     2.811,
     q1.3 hyper     ,   700.288,     1.000,     1.653,     3.239,  3932.705,    12.602,     0.249,     0.003,     0.228,    20.833,     0.172,     0.251,     0.172,     0.055,     8.690,     2.084,     0.001,     0.000,     3.890,
     q1.3 vectorwise,   499.496,     1.000,     2.133,     3.232,  5510.143,     8.969,     0.249,     0.085,     0.348,    19.133,     0.006,     0.251,     0.006,     2.084,     3.411,     3.054,     0.019,     0.000,     2.775,
     q2.1 hyper     ,  1974.499,     1.000,     0.954,     3.239,  1902.834,    35.316,     0.122,     0.030,     1.310,    33.688,     0.178,     0.340,     0.178,     0.092,    14.852,    13.619,     0.007,     0.000,    10.905,
     q2.1 vectorwise,  1316.323,     1.000,     1.682,     3.236,  3115.724,    23.528,     0.131,     0.041,     1.734,    39.585,     0.209,     0.371,     0.209,     1.650,     6.854,     5.291,     0.009,     0.000,     7.270,
     q2.2 hyper     ,   974.828,     1.000,     1.825,     3.240,  1128.673,    17.442,     0.076,     0.009,     0.957,    31.827,     0.072,     0.100,     0.072,     0.034,    14.252,     3.974,     0.002,     0.000,     5.384,
     q2.2 vectorwise,   751.175,     1.000,     2.604,     3.237,  1576.171,    13.430,     0.079,     0.011,     1.279,    34.967,     0.084,     0.107,     0.084,     1.194,     5.610,     1.991,     0.002,     0.000,     4.149,
     q2.3 hyper     ,   679.542,     1.000,     2.578,     3.241,  1151.951,    12.164,     0.066,     0.002,     0.127,    31.356,     0.053,     0.071,     0.053,     0.014,    14.101,     1.101,     0.000,     0.000,     3.753,
     q2.3 vectorwise,   585.380,     1.000,     3.234,     3.241,  1340.021,    10.478,     0.066,     0.001,     0.471,    33.887,     0.055,     0.071,     0.055,     1.083,     5.304,     0.743,     0.000,     0.000,     3.233,
     q3.1 hyper     ,  2406.271,     1.000,     1.031,     3.233,  3544.772,    42.984,     0.188,     0.037,     1.147,    44.305,     0.229,     0.772,     0.229,     1.448,    17.782,    14.426,     0.008,     0.000,    13.297,
     q3.1 vectorwise,  2310.289,     1.000,     1.546,     3.232,  4455.701,    41.257,     0.216,     0.053,     2.137,    63.766,     0.360,     0.932,     0.360,     3.872,    13.380,     9.619,     0.012,     0.000,    12.766,
     q3.2 hyper     ,  1031.736,     1.000,     1.825,     3.235,  2070.969,    18.442,     0.104,     0.008,     0.463,    33.648,     0.058,     0.193,     0.058,     1.022,    14.533,     4.058,     0.002,     0.000,     5.701,
     q3.2 vectorwise,   921.590,     1.000,     2.287,     3.236,  2488.553,    16.477,     0.102,     0.011,     0.874,    37.686,     0.080,     0.208,     0.080,     1.510,     6.364,     3.492,     0.002,     0.000,     5.093,
     q3.3 hyper     ,   683.800,     1.000,     2.666,     3.240,  1389.241,    12.242,     0.072,     0.002,     0.303,    32.634,     0.023,     0.086,     0.023,     1.007,    14.173,     0.947,     0.000,     0.000,     3.779,
     q3.3 vectorwise,   574.372,     1.000,     3.347,     3.240,  1643.351,    10.282,     0.071,     0.002,     0.708,    34.419,     0.029,     0.085,     0.029,     1.139,     5.454,     0.956,     0.000,     0.000,     3.174,
     q3.4 hyper     ,   632.275,     1.000,     2.882,     3.239,  1509.967,    11.317,     0.072,     0.002,     0.302,    32.616,     0.023,     0.086,     0.023,     1.005,    14.181,     0.875,     0.000,     0.000,     3.494,
     q3.4 vectorwise,   567.086,     1.000,     3.385,     3.241,  1660.178,    10.157,     0.071,     0.002,     0.704,    34.380,     0.028,     0.085,     0.028,     1.136,     5.441,     0.876,     0.000,     0.000,     3.134,
     q4.1 hyper     ,  3265.130,     1.000,     0.776,     3.226,  2024.451,    57.888,     0.267,     0.099,     1.802,    44.915,     0.368,     0.595,     0.368,     0.184,    19.837,    25.785,     0.022,     0.000,    17.943,
     q4.1 vectorwise,  2618.560,     1.000,     1.183,     3.223,  3059.685,    46.376,     0.277,     0.083,     2.746,    54.855,     0.575,     0.721,     0.575,     2.995,    11.031,    12.498,     0.018,     0.000,    14.390,
     q4.2 hyper     ,  3192.706,     1.000,     0.756,     3.226,  2062.929,    56.601,     0.227,     0.077,     1.740,    42.796,     0.368,     0.593,     0.368,     0.106,    20.555,    24.735,     0.017,     0.000,    17.545,
     q4.2 vectorwise,  2436.011,     1.000,     1.254,     3.223,  3428.654,    43.151,     0.238,     0.056,     2.998,    54.125,     0.550,     0.752,     0.550,     3.004,    10.781,    11.084,     0.013,     0.000,    13.387,
     q4.3 hyper     ,  1513.006,     1.000,     1.362,     3.232,  1363.620,    26.870,     0.127,     0.020,     0.623,    36.593,     0.161,     0.186,     0.161,     0.018,    18.518,     8.645,     0.004,     0.000,     8.315,
     q4.3 vectorwise,  1080.319,     1.000,     1.982,     3.230,  1966.192,    19.174,     0.124,     0.033,     1.038,    37.994,     0.197,     0.191,     0.197,     1.533,     6.463,     3.789,     0.007,     0.000,     5.937,

############################################
### vectorSize=8192
############################################
                name,      time,      CPUs,       IPC,       GHz, Bandwidth,    cycles,LLC-misses,LLC-misses2, l1-misses,    instr.,br. misses,    all_rd,br. misses,    stores,     loads, mem_stall,local_dram,remote_dram,task-clock,
     q1.1 hyper     ,  1701.539,     1.000,     0.689,     3.242,  2006.558,    30.642,     0.309,     0.009,     0.332,    21.128,     0.689,     0.311,     0.689,     0.151,     8.258,     6.046,     0.002,     0.000,     9.451,
     q1.1 vectorwise,   601.960,     1.000,     2.007,     3.229,  5164.419,    10.800,     0.281,     0.048,     0.639,    21.679,     0.041,     0.283,     0.041,     2.170,     3.999,     3.145,     0.011,     0.000,     3.344,
     q1.2 hyper     ,   764.866,     1.000,     1.519,     3.238,  3622.940,    13.759,     0.250,     0.004,     0.230,    20.898,     0.204,     0.252,     0.204,     0.055,     8.733,     2.486,     0.001,     0.000,     4.249,
     q1.2 vectorwise,   514.310,     1.000,     2.086,     3.229,  5383.344,     9.226,     0.250,     0.090,     0.519,    19.242,     0.007,     0.252,     0.007,     2.097,     3.430,     3.237,     0.020,     0.000,     2.857,
     q1.3 hyper     ,   702.144,     1.000,     1.650,     3.237,  3922.847,    12.626,     0.249,     0.003,     0.228,    20.832,     0.172,     0.251,     0.172,     0.055,     8.691,     2.113,     0.001,     0.000,     3.901,
     q1.3 vectorwise,   505.770,     1.000,     2.103,     3.229,  5447.998,     9.074,     0.249,     0.090,     0.504,    19.082,     0.005,     0.251,     0.005,     2.077,     3.392,     3.157,     0.020,     0.000,     2.810,
     q2.1 hyper     ,  2019.135,     1.000,     0.933,     3.237,  1847.857,    36.101,     0.122,     0.029,     1.311,    33.689,     0.178,     0.338,     0.178,     0.093,    14.855,    14.323,     0.007,     0.000,    11.151,
     q2.1 vectorwise,  1329.478,     1.000,     1.660,     3.233,  3353.753,    23.739,     0.132,     0.041,     1.760,    39.417,     0.203,     0.403,     0.203,     1.625,     6.800,     5.548,     0.009,     0.000,     7.342,
     q2.2 hyper     ,   982.458,     1.000,     1.811,     3.238,  1119.694,    17.571,     0.076,     0.009,     0.957,    31.829,     0.072,     0.100,     0.072,     0.033,    14.253,     4.079,     0.002,     0.000,     5.426,
     q2.2 vectorwise,   738.230,     1.000,     2.639,     3.237,  1626.886,    13.197,     0.080,     0.010,     1.259,    34.822,     0.080,     0.109,     0.080,     1.169,     5.559,     1.909,     0.002,     0.000,     4.077,
     q2.3 hyper     ,   680.253,     1.000,     2.576,     3.239,  1150.443,    12.169,     0.066,     0.001,     0.126,    31.351,     0.053,     0.071,     0.053,     0.014,    14.102,     1.109,     0.000,     0.000,     3.757,
     q2.3 vectorwise,   585.600,     1.000,     3.229,     3.237,  1312.198,    10.468,     0.065,     0.001,     0.439,    33.804,     0.054,     0.070,     0.054,     1.069,     5.275,     0.811,     0.000,     0.000,     3.234,
     q3.1 hyper     ,  2479.433,     1.000,     1.001,     3.231,  3458.489,    44.267,     0.188,     0.036,     1.151,    44.312,     0.229,     0.776,     0.229,     1.448,    17.780,    15.485,     0.008,     0.000,    13.701,
     q3.1 vectorwise,  2337.492,     1.000,     1.525,     3.229,  4663.064,    41.712,     0.230,     0.050,     2.245,    63.620,     0.351,     0.987,     0.351,     3.843,    13.315,    10.002,     0.011,     0.000,    12.917,
     q3.2 hyper     ,  1055.238,     1.000,     1.782,     3.234,  2039.250,    18.855,     0.104,     0.008,     0.464,    33.591,     0.058,     0.195,     0.058,     1.021,    14.536,     4.402,     0.002,     0.000,     5.831,
     q3.2 vectorwise,   927.389,     1.000,     2.263,     3.234,  2660.559,    16.574,     0.102,     0.011,     0.861,    37.510,     0.076,     0.223,     0.076,     1.483,     6.301,     3.651,     0.002,     0.000,     5.125,
     q3.3 hyper     ,   685.133,     1.000,     2.660,     3.238,  1389.409,    12.260,     0.072,     0.002,     0.303,    32.619,     0.023,     0.086,     0.023,     1.005,    14.193,     0.960,     0.000,     0.000,     3.786,
     q3.3 vectorwise,   573.917,     1.000,     3.347,     3.237,  1623.473,    10.267,     0.071,     0.002,     0.696,    34.364,     0.027,     0.084,     0.027,     1.130,     5.427,     0.976,     0.000,     0.000,     3.171,
     q3.4 hyper     ,   634.431,     1.000,     2.873,     3.238,  1509.605,    11.350,     0.072,     0.002,     0.302,    32.614,     0.023,     0.087,     0.023,     1.005,    14.175,     0.900,     0.000,     0.000,     3.506,
     q3.4 vectorwise,   565.814,     1.000,     3.390,     3.237,  1630.485,    10.122,     0.071,     0.002,     0.693,    34.313,     0.027,     0.084,     0.027,     1.127,     5.423,     0.876,     0.000,     0.000,     3.127,
     q4.1 hyper     ,  3336.723,     1.000,     0.759,     3.226,  2003.320,    59.146,     0.267,     0.099,     1.802,    44.899,     0.368,     0.602,     0.368,     0.184,    19.855,    26.876,     0.022,     0.000,    18.337,
     q4.1 vectorwise,  2624.280,     1.000,     1.177,     3.220,  3440.752,    46.442,     0.292,     0.080,     2.815,    54.654,     0.566,     0.813,     0.566,     2.962,    10.962,    12.464,     0.018,     0.000,    14.422,
     q4.2 hyper     ,  3243.204,     1.000,     0.744,     3.225,  2017.406,    57.469,     0.228,     0.077,     1.736,    42.764,     0.368,     0.589,     0.368,     0.101,    20.570,    25.480,     0.017,     0.000,    17.818,
     q4.2 vectorwise,  2481.788,     1.000,     1.230,     3.218,  3723.481,    43.889,     0.243,     0.056,     3.040,    53.967,     0.542,     0.832,     0.542,     2.970,    10.707,    11.701,     0.013,     0.000,    13.639,
     q4.3 hyper     ,  1533.489,     1.000,     1.344,     3.231,  1343.897,    27.230,     0.127,     0.020,     0.623,    36.610,     0.161,     0.186,     0.161,     0.021,    18.500,     8.971,     0.004,     0.000,     8.427,
     q4.3 vectorwise,  1073.954,     1.000,     1.984,     3.226,  1974.710,    19.038,     0.125,     0.033,     1.032,    37.768,     0.193,     0.191,     0.193,     1.509,     6.409,     3.750,     0.007,     0.000,     5.902,

############################################
### vectorSize=16384
############################################
                name,      time,      CPUs,       IPC,       GHz, Bandwidth,    cycles,LLC-misses,LLC-misses2, l1-misses,    instr.,br. misses,    all_rd,br. misses,    stores,     loads, mem_stall,local_dram,remote_dram,task-clock,
     q1.1 hyper     ,  1701.371,     1.000,     0.689,     3.243,  2006.829,    30.649,     0.309,     0.009,     0.332,    21.127,     0.689,     0.311,     0.689,     0.151,     8.258,     6.053,     0.002,     0.000,     9.452,
     q1.1 vectorwise,   622.719,     1.000,     1.937,     3.230,  5069.122,    11.174,     0.285,     0.048,     0.636,    21.643,     0.040,     0.287,     0.040,     2.165,     3.987,     3.572,     0.011,     0.000,     3.459,
     q1.2 hyper     ,   765.214,     1.000,     1.518,     3.238,  3621.270,    13.765,     0.251,     0.004,     0.230,    20.894,     0.204,     0.252,     0.204,     0.055,     8.737,     2.484,     0.001,     0.000,     4.251,
     q1.2 vectorwise,   506.720,     1.000,     2.114,     3.229,  5465.151,     9.088,     0.250,     0.092,     0.517,    19.209,     0.006,     0.252,     0.006,     2.092,     3.417,     3.137,     0.020,     0.000,     2.815,
     q1.3 hyper     ,   702.004,     1.000,     1.650,     3.237,  3924.105,    12.625,     0.249,     0.003,     0.228,    20.836,     0.172,     0.251,     0.172,     0.055,     8.690,     2.108,     0.001,     0.000,     3.900,
     q1.3 vectorwise,   499.897,     1.000,     2.124,     3.229,  5514.147,     8.968,     0.249,     0.091,     0.504,    19.052,     0.004,     0.251,     0.004,     2.074,     3.381,     3.088,     0.020,     0.000,     2.777,
     q2.1 hyper     ,  2010.338,     1.000,     0.937,     3.237,  1813.673,    35.942,     0.122,     0.029,     1.311,    33.690,     0.178,     0.330,     0.178,     0.093,    14.853,    14.190,     0.007,     0.000,    11.103,
     q2.1 vectorwise,  1350.839,     1.000,     1.631,     3.231,  4262.422,    24.108,     0.142,     0.042,     1.789,    39.324,     0.199,     0.521,     0.199,     1.613,     6.779,     5.922,     0.009,     0.000,     7.460,
     q2.2 hyper     ,   982.618,     1.000,     1.810,     3.239,  1121.359,    17.579,     0.076,     0.009,     0.957,    31.824,     0.072,     0.100,     0.072,     0.032,    14.253,     4.082,     0.002,     0.000,     5.427,
     q2.2 vectorwise,   732.406,     1.000,     2.655,     3.234,  1589.932,    13.081,     0.075,     0.010,     1.246,    34.726,     0.078,     0.105,     0.078,     1.155,     5.524,     1.861,     0.002,     0.000,     4.045,
     q2.3 hyper     ,   680.168,     1.000,     2.577,     3.240,  1150.795,    12.169,     0.066,     0.001,     0.126,    31.357,     0.053,     0.071,     0.053,     0.015,    14.097,     1.106,     0.000,     0.000,     3.757,
     q2.3 vectorwise,   586.047,     1.000,     3.220,     3.236,  1298.668,    10.474,     0.065,     0.001,     0.418,    33.730,     0.053,     0.069,     0.053,     1.059,     5.255,     0.863,     0.000,     0.000,     3.237,
     q3.1 hyper     ,  2476.833,     1.000,     1.002,     3.231,  3448.478,    44.224,     0.188,     0.036,     1.151,    44.304,     0.229,     0.773,     0.229,     1.449,    17.784,    15.456,     0.008,     0.000,    13.687,
     q3.1 vectorwise,  2373.044,     1.000,     1.501,     3.228,  4890.183,    42.334,     0.233,     0.052,     2.313,    63.538,     0.345,     1.051,     0.345,     3.829,    13.285,    10.631,     0.011,     0.000,    13.113,
     q3.2 hyper     ,  1051.793,     1.000,     1.789,     3.234,  2032.167,    18.793,     0.104,     0.007,     0.463,    33.623,     0.058,     0.194,     0.058,     1.021,    14.533,     4.359,     0.002,     0.000,     5.812,
     q3.2 vectorwise,   930.437,     1.000,     2.253,     3.233,  2859.899,    16.624,     0.103,     0.011,     0.866,    37.451,     0.072,     0.241,     0.072,     1.469,     6.276,     3.729,     0.002,     0.000,     5.141,
     q3.3 hyper     ,   684.600,     1.000,     2.663,     3.239,  1384.869,    12.252,     0.072,     0.002,     0.302,    32.628,     0.023,     0.086,     0.023,     1.006,    14.187,     0.951,     0.000,     0.000,     3.783,
     q3.3 vectorwise,   587.271,     1.000,     3.265,     3.238,  1588.416,    10.509,     0.069,     0.002,     0.687,    34.313,     0.027,     0.084,     0.027,     1.121,     5.396,     1.224,     0.000,     0.000,     3.245,
     q3.4 hyper     ,   634.297,     1.000,     2.875,     3.237,  1501.708,    11.346,     0.072,     0.002,     0.302,    32.614,     0.023,     0.086,     0.023,     1.005,    14.176,     0.898,     0.000,     0.000,     3.505,
     q3.4 vectorwise,   582.760,     1.000,     3.289,     3.236,  1590.150,    10.422,     0.069,     0.002,     0.686,    34.277,     0.026,     0.084,     0.026,     1.120,     5.408,     1.184,     0.000,     0.000,     3.220,
     q4.1 hyper     ,  3336.946,     1.000,     0.760,     3.224,  1998.281,    59.129,     0.268,     0.099,     1.802,    44.934,     0.369,     0.600,     0.369,     0.187,    19.849,    26.892,     0.022,     0.000,    18.338,
     q4.1 vectorwise,  2671.387,     1.000,     1.155,     3.219,  4033.148,    47.254,     0.291,     0.082,     2.869,    54.576,     0.561,     0.970,     0.561,     2.947,    10.932,    12.954,     0.018,     0.000,    14.681,
     q4.2 hyper     ,  3255.836,     1.000,     0.742,     3.225,  2016.333,    57.702,     0.228,     0.077,     1.741,    42.816,     0.368,     0.591,     0.368,     0.108,    20.568,    25.721,     0.017,     0.000,    17.892,
     q4.2 vectorwise,  2536.320,     1.000,     1.200,     3.219,  4327.400,    44.869,     0.254,     0.060,     3.065,    53.846,     0.536,     0.988,     0.536,     2.952,    10.668,    12.357,     0.013,     0.000,    13.938,
     q4.3 hyper     ,  1532.790,     1.000,     1.345,     3.231,  1345.112,    27.220,     0.127,     0.020,     0.623,    36.598,     0.161,     0.186,     0.161,     0.020,    18.503,     8.966,     0.004,     0.000,     8.423,
     q4.3 vectorwise,  1066.118,     1.000,     1.997,     3.226,  2012.750,    18.900,     0.127,     0.033,     1.036,    37.749,     0.191,     0.193,     0.191,     1.498,     6.380,     3.672,     0.007,     0.000,     5.859,

############################################
### vectorSize=32768
############################################
                name,      time,      CPUs,       IPC,       GHz, Bandwidth,    cycles,LLC-misses,LLC-misses2, l1-misses,    instr.,br. misses,    all_rd,br. misses,    stores,     loads, mem_stall,local_dram,remote_dram,task-clock,
     q1.1 hyper     ,  1697.207,     1.000,     0.691,     3.244,  2011.701,    30.583,     0.309,     0.009,     0.331,    21.129,     0.689,     0.311,     0.689,     0.151,     8.258,     5.989,     0.002,     0.000,     9.429,
     q1.1 vectorwise,   620.865,     1.000,     1.942,     3.228,  5011.347,    11.135,     0.281,     0.048,     0.633,    21.619,     0.039,     0.283,     0.039,     2.161,     3.980,     3.575,     0.011,     0.000,     3.449,
     q1.2 hyper     ,   763.798,     1.000,     1.520,     3.239,  3628.504,    13.745,     0.251,     0.004,     0.230,    20.895,     0.204,     0.252,     0.204,     0.055,     8.735,     2.466,     0.001,     0.000,     4.243,
     q1.2 vectorwise,   511.776,     1.000,     2.091,     3.228,  5434.947,     9.179,     0.252,     0.090,     0.515,    19.189,     0.005,     0.253,     0.005,     2.090,     3.410,     3.255,     0.020,     0.000,     2.843,
     q1.3 hyper     ,   700.777,     1.000,     1.653,     3.239,  3930.293,    12.608,     0.249,     0.003,     0.228,    20.835,     0.172,     0.251,     0.172,     0.055,     8.691,     2.093,     0.001,     0.000,     3.893,
     q1.3 vectorwise,   497.044,     1.000,     2.136,     3.227,  5569.877,     8.912,     0.251,     0.090,     0.502,    19.034,     0.004,     0.252,     0.004,     2.071,     3.374,     3.058,     0.020,     0.000,     2.761,
     q2.1 hyper     ,  1948.925,     1.000,     0.967,     3.239,  1840.052,    34.858,     0.122,     0.030,     1.311,    33.695,     0.178,     0.325,     0.178,     0.093,    14.855,    13.406,     0.007,     0.000,    10.764,
     q2.1 vectorwise,  1349.688,     1.000,     1.634,     3.230,  5178.885,    24.073,     0.154,     0.051,     1.796,    39.329,     0.197,     0.633,     0.197,     1.602,     6.749,     5.939,     0.011,     0.000,     7.454,
     q2.2 hyper     ,   966.043,     1.000,     1.842,     3.240,  1134.734,    17.284,     0.076,     0.009,     0.957,    31.832,     0.072,     0.099,     0.072,     0.033,    14.252,     3.931,     0.002,     0.000,     5.335,
     q2.2 vectorwise,   732.781,     1.000,     2.656,     3.230,  1758.734,    13.072,     0.078,     0.010,     1.248,    34.721,     0.076,     0.117,     0.076,     1.151,     5.525,     1.842,     0.002,     0.000,     4.047,
     q2.3 hyper     ,   679.467,     1.000,     2.581,     3.239,  1151.956,    12.154,     0.066,     0.001,     0.126,    31.365,     0.053,     0.071,     0.053,     0.014,    14.098,     1.094,     0.000,     0.000,     3.753,
     q2.3 vectorwise,   592.316,     1.000,     3.186,     3.233,  1286.108,    10.577,     0.065,     0.001,     0.405,    33.696,     0.053,     0.069,     0.053,     1.053,     5.242,     1.000,     0.000,     0.000,     3.271,
     q3.1 hyper     ,  2430.660,     1.000,     1.020,     3.233,  3535.192,    43.427,     0.187,     0.036,     1.150,    44.305,     0.229,     0.778,     0.229,     1.449,    17.786,    14.767,     0.008,     0.000,    13.431,
     q3.1 vectorwise,  2396.291,     1.000,     1.485,     3.228,  5001.209,    42.739,     0.245,     0.063,     2.339,    63.479,     0.341,     1.085,     0.341,     3.823,    13.270,    11.268,     0.014,     0.000,    13.241,
     q3.2 hyper     ,  1028.652,     1.000,     1.828,     3.235,  2072.268,    18.387,     0.104,     0.008,     0.465,    33.619,     0.058,     0.193,     0.058,     1.022,    14.539,     4.066,     0.002,     0.000,     5.684,
     q3.2 vectorwise,   933.243,     1.000,     2.247,     3.229,  3632.749,    16.651,     0.108,     0.012,     0.880,    37.407,     0.070,     0.307,     0.070,     1.462,     6.260,     3.731,     0.003,     0.000,     5.157,
     q3.3 hyper     ,   683.563,     1.000,     2.669,     3.238,  1388.594,    12.229,     0.072,     0.002,     0.302,    32.645,     0.023,     0.086,     0.023,     1.007,    14.179,     0.933,     0.000,     0.000,     3.777,
     q3.3 vectorwise,   583.964,     1.000,     3.289,     3.232,  1595.041,    10.430,     0.068,     0.002,     0.687,    34.304,     0.026,     0.084,     0.026,     1.122,     5.413,     1.190,     0.001,     0.000,     3.227,
     q3.4 hyper     ,   632.936,     1.000,     2.880,     3.238,  1507.516,    11.325,     0.073,     0.002,     0.302,    32.619,     0.023,     0.086,     0.023,     1.005,    14.184,     0.877,     0.000,     0.000,     3.498,
     q3.4 vectorwise,   580.241,     1.000,     3.305,     3.233,  1592.975,    10.366,     0.068,     0.002,     0.684,    34.259,     0.026,     0.084,     0.026,     1.117,     5.397,     1.165,     0.000,     0.000,     3.206,
     q4.1 hyper     ,  3299.492,     1.000,     0.768,     3.226,  2037.036,    58.495,     0.267,     0.100,     1.799,    44.906,     0.368,     0.605,     0.368,     0.184,    19.852,    26.259,     0.022,     0.000,    18.132,
     q4.1 vectorwise,  2627.441,     1.000,     1.173,     3.218,  3802.828,    46.458,     0.319,     0.093,     2.885,    54.511,     0.557,     0.900,     0.557,     2.938,    10.910,    12.753,     0.021,     0.000,    14.439,
     q4.2 hyper     ,  3244.463,     1.000,     0.744,     3.224,  2041.945,    57.490,     0.232,     0.080,     1.739,    42.784,     0.367,     0.597,     0.367,     0.102,    20.562,    25.484,     0.018,     0.000,    17.830,
     q4.2 vectorwise,  2485.747,     1.000,     1.225,     3.215,  4315.475,    43.924,     0.294,     0.070,     3.074,    53.794,     0.533,     0.966,     0.533,     2.944,    10.648,    11.980,     0.015,     0.000,    13.660,
     q4.3 hyper     ,  1526.496,     1.000,     1.350,     3.231,  1350.109,    27.105,     0.127,     0.021,     0.622,    36.594,     0.161,     0.186,     0.161,     0.020,    18.495,     8.855,     0.005,     0.000,     8.389,
     q4.3 vectorwise,  1049.751,     1.000,     2.028,     3.220,  2168.091,    18.575,     0.133,     0.032,     1.029,    37.667,     0.189,     0.205,     0.189,     1.489,     6.363,     3.439,     0.007,     0.000,     5.769,

############################################
### vectorSize=65536
############################################
                name,      time,      CPUs,       IPC,       GHz, Bandwidth,    cycles,LLC-misses,LLC-misses2, l1-misses,    instr.,br. misses,    all_rd,br. misses,    stores,     loads, mem_stall,local_dram,remote_dram,task-clock,
     q1.1 hyper     ,  1704.375,     1.000,     0.689,     3.239,  2002.002,    30.664,     0.309,     0.009,     0.331,    21.129,     0.689,     0.311,     0.689,     0.151,     8.257,     6.071,     0.002,     0.000,     9.467,
     q1.1 vectorwise,   631.230,     1.000,     1.913,     3.223,  5248.400,    11.302,     0.284,     0.053,     0.630,    21.622,     0.039,     0.302,     0.039,     2.161,     3.978,     3.698,     0.012,     0.000,     3.507,
     q1.2 hyper     ,   767.364,     1.000,     1.514,     3.236,  3610.715,    13.797,     0.251,     0.004,     0.230,    20.891,     0.204,     0.252,     0.204,     0.055,     8.732,     2.519,     0.001,     0.000,     4.263,
     q1.2 vectorwise,   537.704,     1.000,     1.994,     3.221,  5665.606,     9.621,     0.267,     0.101,     0.515,    19.188,     0.005,     0.277,     0.005,     2.089,     3.408,     3.612,     0.022,     0.000,     2.987,
     q1.3 hyper     ,   704.201,     1.000,     1.647,     3.235,  3910.852,    12.657,     0.249,     0.003,     0.228,    20.842,     0.172,     0.251,     0.172,     0.055,     8.689,     2.143,     0.001,     0.000,     3.912,
     q1.3 vectorwise,   524.478,     1.000,     2.027,     3.222,  5744.108,     9.388,     0.265,     0.100,     0.502,    19.028,     0.003,     0.274,     0.003,     2.071,     3.373,     3.451,     0.022,     0.000,     2.914,
     q2.1 hyper     ,  2000.714,     1.000,     0.943,     3.235,  1814.731,    35.746,     0.122,     0.029,     1.311,    33.693,     0.178,     0.329,     0.178,     0.091,    14.845,    14.075,     0.007,     0.000,    11.049,
