=== Job info ===
Job ID:   3163333
Node:     adroit-13
Start:    2026-04-29T14:56:41-04:00
Project:  /scratch/network/hp6068/db-engine-paradigms

=== CPU ===
Model name:                              Intel(R) Xeon(R) Gold 6142 CPU @ 2.60GHz
Thread(s) per core:                      1
Core(s) per socket:                      16
Socket(s):                               2
CPU(s) scaling MHz:                      84%
CPU max MHz:                             3700.0000
CPU min MHz:                             1000.0000

=== NUMA ===
available: 2 nodes (0-1)
node 0 cpus: 0 2 4 6 8 10 12 14 16 18 20 22 24 26 28 30
node 0 size: 191395 MB
node 0 free: 67168 MB
node 1 cpus: 1 3 5 7 9 11 13 15 17 19 21 23 25 27 29 31
node 1 size: 193528 MB
node 1 free: 139289 MB
node distances:
node     0    1 
   0:   10   21 
   1:   21   10 

=== Kernel ===
randomize_va_space: 2
================

Derived CPU bindings:
  socket 0 (first 8): 0,2,4,6,8,10,12,14
  socket 1 (first 8): 1,3,5,7,9,11,13,15
  16-thread split:    0,2,4,6,8,10,12,14,1,3,5,7,9,11,13,15

############################################
### A. 16 threads, socket 0 only, local memory
############################################
                name,      time,      CPUs,       IPC,       GHz, Bandwidth,    cycles,LLC-misses,LLC-misses2, l1-misses,    instr.,br. misses,    all_rd,br. misses,    stores,     loads, mem_stall,local_dram,remote_dram,task-clock,
       q1 hyper     ,    39.772,    15.920,     2.279,     3.081, 55215.103,    32.524,     0.596,     0.006,     0.650,    74.132,     0.015,     0.600,     0.015,     7.880,    38.433,     2.472,     0.001,     0.000,    10.555,
       q1 vectorwise,    73.515,    15.864,     2.663,     3.062, 30690.327,    59.527,     0.599,     0.015,     2.145,   158.549,     0.030,     0.616,     0.030,    15.710,    46.047,     6.687,     0.003,     0.000,    19.442,
       q3 hyper     ,    64.247,    15.129,     0.726,     2.644, 33784.183,    33.603,     0.209,     0.039,     0.587,    24.386,     0.276,     0.465,     0.276,     0.524,    11.171,    17.072,     0.009,     0.000,    12.708,
       q3 vectorwise,    56.274,    15.254,     1.315,     2.574, 41317.515,    28.885,     0.220,     0.039,     1.017,    37.972,     0.096,     0.498,     0.096,     3.423,     8.376,    12.195,     0.009,     0.000,    11.223,
       q5 hyper     ,    55.181,    15.489,     0.867,     2.572, 41853.209,    28.699,     0.142,     0.029,     0.613,    24.892,     0.180,     0.494,     0.180,     0.143,     8.464,    12.950,     0.006,     0.000,    11.160,

--- monitor snapshot (pid=1921551) ---
thread -> CPU placement (tid, psr=running CPU):
    TID PSR COMMAND
1921551  12 run_tpch
1921554  10 workerPool 2
1921555   0 workerPool 8
1921556  18 workerPool 5
1921557  24 workerPool 9
1921558  14 workerPool 11
1921559  26 workerPool 6
1921560  22 workerPool 12
1921561  16 workerPool 3
1921562  30 workerPool 0
1921563   6 workerPool 10
1921564   4 workerPool 7
1921565   2 workerPool 4
1921566  28 workerPool 13
1921567  20 workerPool 1
1921568   8 workerPool 14

memory placement per NUMA node:

Per-node process memory usage (in MBs) for PID 1921551 (run_tpch)
                           Node 0          Node 1           Total
                  --------------- --------------- ---------------
Huge                         0.00            0.00            0.00
Heap                         0.90            0.00            0.90
Stack                        0.03            0.00            0.03
Private                   3060.55            0.01         3060.56
----------------  --------------- --------------- ---------------
Total                     3061.48            0.01         3061.49
--- end snapshot ---

       q5 vectorwise,    54.892,    14.029,     1.446,     2.446, 40857.721,    24.591,     0.152,     0.029,     0.839,    35.569,     0.076,     0.480,     0.076,     1.787,     6.141,     9.907,     0.007,     0.000,    10.055,
       q6 hyper     ,    16.039,    16.002,     1.298,     3.091, 81413.398,    13.226,     0.355,     0.015,     0.336,    17.170,     0.059,     0.357,     0.059,     0.004,     3.043,     6.411,     0.003,     0.000,     4.278,
       q6 vectorwise,    15.082,    16.000,     1.187,     3.094, 75469.139,    12.445,     0.309,     0.077,     0.202,    14.776,     0.006,     0.311,     0.006,     1.748,     2.588,     7.664,     0.017,     0.000,     4.023,
       q9 hyper     ,   181.307,    15.244,     0.560,     2.655, 42632.386,    86.245,     0.761,     0.285,     2.068,    48.290,     0.269,     1.488,     0.269,     2.125,    14.396,    52.081,     0.063,     0.000,    32.483,
       q9 vectorwise,   153.314,    15.132,     0.982,     2.588, 52030.268,    70.575,     0.760,     0.211,     2.595,    69.271,     0.297,     1.536,     0.297,     4.317,    12.436,    33.311,     0.047,     0.000,    27.266,
      q18 hyper     ,   171.044,    14.716,     1.050,     2.501, 22429.574,    46.123,     0.458,     0.074,     0.827,    48.407,     0.167,     0.461,     0.167,     4.622,    20.871,    16.244,     0.016,     0.000,    18.444,
      q18 vectorwise,   214.175,    15.127,     1.630,     2.606, 14330.805,    61.857,     0.466,     0.087,     2.183,   100.803,     0.372,     0.368,     0.372,    10.138,    26.640,    15.197,     0.020,     0.000,    23.740,

############################################
### B. 16 threads, 8+8 across sockets, interleaved memory
###    physcpubind=0,2,4,6,8,10,12,14,1,3,5,7,9,11,13,15
############################################
                name,      time,      CPUs,       IPC,       GHz, Bandwidth,    cycles,LLC-misses,LLC-misses2, l1-misses,    instr.,br. misses,    all_rd,br. misses,    stores,     loads, mem_stall,local_dram,remote_dram,task-clock,
       q1 hyper     ,    42.285,    15.927,     2.092,     3.165, 52051.367,    35.539,     0.594,     0.005,     0.641,    74.363,     0.015,     0.601,     0.015,     7.896,    38.252,     5.196,     0.000,     0.001,    11.227,
       q1 vectorwise,    76.531,    15.836,     2.522,     3.136, 28991.297,    63.367,     0.599,     0.020,     2.152,   159.817,     0.030,     0.606,     0.030,    15.887,    46.522,    10.663,     0.001,     0.005,    20.203,
       q3 hyper     ,    80.463,    15.034,     0.594,     2.585, 27903.263,    40.883,     0.241,     0.055,     0.598,    24.296,     0.271,     0.481,     0.271,     0.530,    10.470,    23.639,     0.003,     0.007,    15.816,
       q3 vectorwise,    70.484,    15.236,     1.080,     2.496, 33178.992,    35.041,     0.241,     0.053,     1.004,    37.841,     0.095,     0.501,     0.095,     3.434,     8.422,    17.697,     0.003,     0.008,    14.041,
       q5 hyper     ,    70.653,    15.203,     0.706,     2.520, 32445.894,    35.349,     0.162,     0.040,     0.608,    24.951,     0.182,     0.490,     0.182,     0.147,     8.434,    19.541,     0.002,     0.007,    14.026,
       q5 vectorwise,    63.043,    15.325,     1.103,     2.481, 37051.049,    31.293,     0.172,     0.038,     0.821,    34.502,     0.073,     0.500,     0.073,     1.707,     6.001,    14.312,     0.002,     0.006,    12.615,

--- monitor snapshot (pid=1921581) ---
thread -> CPU placement (tid, psr=running CPU):
    TID PSR COMMAND
1921581   4 run_tpch
1921584   6 workerPool 8
1921585   7 workerPool 4
1921586   9 workerPool 12
1921587   1 workerPool 0
1921588  15 workerPool 9
1921589  13 workerPool 5
1921590  12 workerPool 11
1921591  10 workerPool 13
1921592  11 workerPool 1
1921593   0 workerPool 2
1921594   3 workerPool 10
1921595   2 workerPool 3
1921596   5 workerPool 6
1921597   8 workerPool 7
1921598  14 workerPool 14

memory placement per NUMA node:

Per-node process memory usage (in MBs) for PID 1921581 (run_tpch)
                           Node 0          Node 1           Total
                  --------------- --------------- ---------------
Huge                         0.00            0.00            0.00
Heap                         0.46            0.45            0.91
Stack                        0.02            0.01            0.03
Private                   2894.91            3.48         2898.39
----------------  --------------- --------------- ---------------
Total                     2895.38            3.95         2899.32
--- end snapshot ---

       q6 hyper     ,    23.075,    16.002,     0.867,     3.218, 56361.089,    19.814,     0.352,     0.015,     0.336,    17.172,     0.059,     0.355,     0.059,     0.004,     3.042,    12.952,     0.001,     0.004,     6.156,
       q6 vectorwise,    22.837,    15.999,     0.775,     3.132, 49865.402,    19.075,     0.310,     0.076,     0.202,    14.779,     0.006,     0.311,     0.006,     1.749,     2.589,    14.186,     0.005,     0.017,     6.091,
       q9 hyper     ,   225.855,    15.131,     0.463,     2.590, 34269.584,   104.026,     0.772,     0.280,     2.058,    48.112,     0.269,     1.490,     0.269,     2.125,    14.417,    69.829,     0.020,     0.055,    40.165,
       q9 vectorwise,   186.772,    15.136,     0.833,     2.522, 42750.506,    83.793,     0.778,     0.216,     2.596,    69.761,     0.299,     1.537,     0.299,     4.342,    12.473,    45.129,     0.015,     0.044,    33.226,
      q18 hyper     ,   182.101,    14.431,     1.117,     2.275, 20733.558,    43.803,     0.387,     0.056,     0.817,    48.930,     0.167,     0.453,     0.167,     4.650,    20.883,    14.217,     0.006,     0.008,    19.256,
      q18 vectorwise,   230.993,    14.918,     1.577,     2.524, 13274.908,    63.726,     0.415,     0.080,     2.172,   100.489,     0.370,     0.368,     0.370,    10.081,    26.468,    16.086,     0.009,     0.013,    25.250,

############################################
### C. 32 threads, both sockets, interleaved memory
############################################
                name,      time,      CPUs,       IPC,       GHz, Bandwidth,    cycles,LLC-misses,LLC-misses2, l1-misses,    instr.,br. misses,    all_rd,br. misses,    stores,     loads, mem_stall,local_dram,remote_dram,task-clock,
       q1 hyper     ,    37.372,    31.612,     1.218,     3.074, 58863.328,    60.533,     0.596,     0.009,     0.626,    73.701,     0.015,     0.601,     0.015,     7.873,    38.500,    28.739,     0.001,     0.002,    19.695,
       q1 vectorwise,    50.018,    30.792,     2.052,     2.959, 44433.632,    75.963,     0.588,     0.019,     2.093,   155.887,     0.030,     0.607,     0.030,    15.765,    47.248,    21.709,     0.001,     0.005,    25.675,
       q3 hyper     ,    58.348,    26.658,     0.553,     2.159, 38486.313,    43.915,     0.240,     0.054,     0.601,    24.280,     0.271,     0.481,     0.271,     0.536,    10.514,    26.335,     0.003,     0.007,    20.337,
       q3 vectorwise,    55.414,    28.810,     0.905,     1.947, 42290.296,    40.643,     0.245,     0.052,     0.968,    36.781,     0.097,     0.502,     0.097,     3.195,     7.912,    20.940,     0.003,     0.008,    20.873,
       q5 hyper     ,    46.323,    28.448,     0.675,     2.157, 49638.757,    37.113,     0.162,     0.039,     0.612,    25.053,     0.183,     0.492,     0.183,     0.157,     8.453,    20.526,     0.002,     0.006,    17.206,
       q5 vectorwise,    47.755,    29.542,     0.921,     2.080, 48089.032,    38.312,     0.169,     0.036,     0.831,    35.293,     0.076,     0.491,     0.076,     1.753,     6.094,    16.683,     0.002,     0.007,    18.421,
       q6 hyper     ,    20.220,    32.007,     0.500,     3.195, 64177.016,    34.478,     0.353,     0.016,     0.338,    17.225,     0.060,     0.354,     0.060,     0.009,     3.049,    27.386,     0.001,     0.003,    10.789,

--- monitor snapshot (pid=1921601) ---
thread -> CPU placement (tid, psr=running CPU):
    TID PSR COMMAND
1921601  19 run_tpch
1921604  21 workerPool 16
1921605  16 workerPool 5
1921606   0 workerPool 7
1921607  23 workerPool 30
1921608   1 workerPool 25
1921609  18 workerPool 6
1921610  25 workerPool 9
1921611   2 workerPool 0
1921612  20 workerPool 0
1921613  26 workerPool 25
1921614  22 workerPool 1
1921615   3 workerPool 12
1921616  27 workerPool 22
1921617  11 workerPool 21
1921618   7 workerPool 18
1921619  31 workerPool 17
1921620  28 workerPool 11
1921621  17 workerPool 27
1921622   4 workerPool 7
1921623   5 workerPool 24
1921624   9 workerPool 9
1921625  30 workerPool 2
1921626  29 workerPool 13
1921627   6 workerPool 6
1921628  10 workerPool 4
1921629   8 workerPool 5
1921630  13 workerPool 14
1921631  12 workerPool 28
1921632  14 workerPool 26
1921633  24 workerPool 15
1921634  15 workerPool 10

memory placement per NUMA node:

Per-node process memory usage (in MBs) for PID 1921601 (run_tpch)
                           Node 0          Node 1           Total
                  --------------- --------------- ---------------
Huge                         0.00            0.00            0.00
Heap                         0.44            0.45            0.89
Stack                        0.02            0.01            0.03
Private                   2926.55           38.82         2965.38
----------------  --------------- --------------- ---------------
Total                     2927.01           39.28         2966.29
--- end snapshot ---

       q6 vectorwise,    18.775,    31.848,     0.484,     3.069, 60428.872,    30.593,     0.308,     0.075,     0.204,    14.802,     0.007,     0.310,     0.007,     1.751,     2.592,    25.365,     0.007,     0.014,     9.968,
       q9 hyper     ,   150.120,    28.682,     0.424,     2.252, 51580.262,   113.983,     0.766,     0.273,     2.071,    48.374,     0.271,     1.491,     0.271,     2.133,    14.330,    78.787,     0.021,     0.052,    50.604,
       q9 vectorwise,   132.663,    28.914,     0.700,     2.212, 60351.183,    99.706,     0.777,     0.212,     2.599,    69.748,     0.298,     1.542,     0.298,     4.325,    12.442,    56.687,     0.015,     0.042,    45.082,
      q18 hyper     ,   132.252,    26.717,     0.972,     1.929, 27417.930,    49.951,     0.372,     0.038,     0.871,    48.539,     0.176,     0.435,     0.176,     4.648,    20.852,    16.647,     0.004,     0.006,    25.891,
      q18 vectorwise,   138.129,    28.073,     1.539,     2.273, 20085.637,    64.595,     0.322,     0.039,     2.170,    99.435,     0.379,     0.333,     0.379,     9.858,    26.185,    15.276,     0.004,     0.006,    28.414,

End: 2026-04-29T14:57:13-04:00
