=== Job info ===
Job ID:   3161190
Node:     adroit-16
Start:    2026-04-29T01:30:31-04:00
Project:  /scratch/network/hp6068/db-engine-paradigms

=== CPU ===
Model name:                              Intel(R) Xeon(R) Gold 6142 CPU @ 2.60GHz
Thread(s) per core:                      1
Core(s) per socket:                      16
Socket(s):                               2
CPU(s) scaling MHz:                      86%
CPU max MHz:                             3700.0000
CPU min MHz:                             1000.0000

=== NUMA ===
available: 2 nodes (0-1)
node 0 cpus: 0 2 4 6 8 10 12 14 16 18 20 22 24 26 28 30
node 0 size: 191440 MB
node 0 free: 18058 MB
node 1 cpus: 1 3 5 7 9 11 13 15 17 19 21 23 25 27 29 31
node 1 size: 193482 MB
node 1 free: 128449 MB
node distances:
node     0    1 
   0:   10   21 
   1:   21   10 

=== Kernel ===
randomize_va_space: 2
================

                name,      time,      CPUs,       IPC,       GHz, Bandwidth,    cycles,LLC-misses,LLC-misses2, l1-misses,    instr.,br. misses,    all_rd,br. misses,    stores,     loads, mem_stall,task-clock,
       q1 hyper     ,    58.744,     1.000,     2.357,     3.212,  3727.068,    31.442,     0.595,     0.005,     0.648,    74.107,     0.015,     0.598,     0.015,     7.893,    38.504,     1.651,     9.790,
       q1 vectorwise,   108.735,     1.000,     2.742,     3.216,  2012.833,    58.269,     0.596,     0.015,     2.150,   159.775,     0.029,     0.598,     0.029,    15.926,    46.627,     6.325,    18.120,
       q3 hyper     ,    63.061,     1.000,     0.975,     3.026,  2772.940,    24.942,     0.163,     0.016,     0.516,    24.324,     0.275,     0.374,     0.275,     0.535,    10.538,     8.674,     8.243,
       q3 vectorwise,    52.117,     1.000,     1.859,     3.017,  3235.965,    20.551,     0.161,     0.018,     0.904,    38.211,     0.086,     0.361,     0.086,     3.527,     8.568,     5.498,     6.812,
       q5 hyper     ,    54.632,     1.000,     1.147,     3.066,  2633.992,    21.866,     0.103,     0.012,     0.486,    25.075,     0.194,     0.308,     0.194,     0.145,     8.515,     6.965,     7.132,
       q5 vectorwise,    44.746,     1.000,     1.941,     3.071,  3053.687,    17.938,     0.108,     0.014,     0.646,    34.812,     0.070,     0.292,     0.070,     1.737,     6.005,     4.524,     5.841,
       q6 hyper     ,    19.760,     1.000,     1.618,     3.216,  6611.755,    10.591,     0.356,     0.015,     0.336,    17.139,     0.059,     0.357,     0.059,     0.001,     3.040,     3.844,     3.293,
       q6 vectorwise,    18.363,     1.000,     1.502,     3.209,  6099.618,     9.821,     0.306,     0.080,     0.198,    14.752,     0.006,     0.306,     0.006,     1.746,     2.587,     5.272,     3.060,
       q9 hyper     ,   166.302,     1.000,     0.818,     3.018,  2810.347,    58.972,     0.417,     0.128,     1.709,    48.248,     0.313,     0.900,     0.313,     2.081,    14.459,    26.280,    19.540,
       q9 vectorwise,   138.904,     1.000,     1.419,     3.027,  3352.056,    49.402,     0.438,     0.129,     2.169,    70.117,     0.348,     0.896,     0.348,     4.349,    12.623,    14.521,    16.321,
      q18 hyper     ,   137.810,     1.000,     1.762,     2.756,  2861.264,    27.815,     0.179,     0.002,     0.766,    48.998,     0.157,     0.473,     0.157,     4.720,    21.007,     4.151,    10.095,
      q18 vectorwise,   218.260,     1.000,     2.076,     3.003,  1376.700,    48.008,     0.165,     0.004,     2.053,    99.655,     0.374,     0.361,     0.374,     9.930,    26.208,     6.127,    15.987,

End: 2026-04-29T01:30:41-04:00
