=== Job info ===
Job ID:   3161297
Node:     adroit-16
Start:    2026-04-29T02:00:24-04:00
Project:  /scratch/network/hp6068/db-engine-paradigms

=== CPU ===
Model name:                              Intel(R) Xeon(R) Gold 6142 CPU @ 2.60GHz
Thread(s) per core:                      1
Core(s) per socket:                      16
Socket(s):                               2
CPU(s) scaling MHz:                      84%
CPU max MHz:                             3700.0000
CPU min MHz:                             1000.0000

=== NUMA ===
available: 2 nodes (0-1)
node 0 cpus: 0 2 4 6 8 10 12 14 16 18 20 22 24 26 28 30
node 0 size: 191440 MB
node 0 free: 18533 MB
node 1 cpus: 1 3 5 7 9 11 13 15 17 19 21 23 25 27 29 31
node 1 size: 193482 MB
node 1 free: 128452 MB
node distances:
node     0    1 
   0:   10   21 
   1:   21   10 

=== Kernel ===
randomize_va_space: 2
================

Derived CPU bindings:
  socket 0 (first 8): 0,2,4,6,8,10,12,14
  socket 1 (first 8): 1,3,5,7,9,11,13,15
  16-thread split:    0,2,4,6,8,10,12,14,1,3,5,7,9,11,13,15

############################################
### A. 16 threads, socket 0 only, local memory
############################################
                name,      time,      CPUs,       IPC,       GHz, Bandwidth,    cycles,LLC-misses,LLC-misses2, l1-misses,    instr.,br. misses,    all_rd,br. misses,    stores,     loads, mem_stall,task-clock,
       q1 hyper     ,    38.743,    15.917,     2.302,     3.132, 56927.974,    32.195,     0.598,     0.007,     0.640,    74.103,     0.015,     0.602,     0.015,     7.891,    38.519,     2.465,    10.280,
       q1 vectorwise,    71.518,    15.863,     2.701,     3.135, 31201.798,    59.285,     0.595,     0.015,     2.148,   160.122,     0.029,     0.609,     0.029,    15.963,    46.721,     7.038,    18.912,
       q3 hyper     ,    66.785,    15.028,     0.691,     2.678, 33434.310,    35.138,     0.217,     0.047,     0.601,    24.298,     0.265,     0.478,     0.265,     0.534,    10.501,    18.211,    13.122,
       q3 vectorwise,    56.509,    15.251,     1.296,     2.589, 41218.668,    29.172,     0.224,     0.041,     1.011,    37.821,     0.096,     0.499,     0.096,     3.431,     8.407,    12.461,    11.268,
       q5 hyper     ,    54.368,    15.471,     0.858,     2.644, 42388.649,    29.041,     0.145,     0.031,     0.614,    24.916,     0.181,     0.493,     0.181,     0.148,     8.452,    13.390,    10.983,
       q5 vectorwise,    48.922,    15.331,     1.401,     2.559, 47268.556,    25.057,     0.152,     0.028,     0.833,    35.117,     0.075,     0.495,     0.075,     1.739,     6.047,     9.391,     9.793,

--- monitor snapshot (pid=622453) ---
thread -> CPU placement (tid, psr=running CPU):
    TID PSR COMMAND
 622453  30 run_tpch
 622456  14 workerPool 8
 622457  16 workerPool 4
 622458  22 workerPool 0
 622459  24 workerPool 10
 622460  26 workerPool 5
 622461  28 workerPool 9
 622462   0 workerPool 14
 622463  20 workerPool 13
 622464   4 workerPool 7
 622465   6 workerPool 3
 622466   8 workerPool 1
 622467  10 workerPool 6
 622468  12 workerPool 12
 622469   2 workerPool 11
 622470  18 workerPool 2

memory placement per NUMA node:
       q6 hyper     ,    16.160,    15.994,     1.280,     3.110, 80712.960,    13.404,     0.355,     0.016,     0.336,    17.155,     0.059,     0.356,     0.059,     0.004,     3.045,     6.818,     4.309,

Per-node process memory usage (in MBs) for PID 622453 (run_tpch)
                           Node 0          Node 1           Total
                  --------------- --------------- ---------------
Huge                         0.00            0.00            0.00
Heap                         0.88            0.00            0.88
Stack                        0.03            0.00            0.03
Private                   2898.35            0.02         2898.37
----------------  --------------- --------------- ---------------
Total                     2899.26            0.02         2899.28
--- end snapshot ---

       q6 vectorwise,    15.052,    15.999,     1.189,     3.098, 75685.715,    12.437,     0.309,     0.077,     0.202,    14.788,     0.006,     0.311,     0.006,     1.747,     2.590,     7.668,     4.014,
       q9 hyper     ,   179.748,    15.205,     0.558,     2.696, 42961.735,    86.605,     0.763,     0.286,     2.071,    48.361,     0.272,     1.487,     0.272,     2.115,    14.356,    52.394,    32.121,
       q9 vectorwise,   149.841,    15.138,     0.977,     2.664, 53210.146,    71.019,     0.763,     0.212,     2.592,    69.385,     0.296,     1.535,     0.296,     4.327,    12.457,    32.858,    26.659,
      q18 hyper     ,   171.558,    14.638,     1.055,     2.514, 22296.751,    46.260,     0.457,     0.073,     0.829,    48.805,     0.173,     0.459,     0.173,     4.666,    20.901,    16.494,    18.402,
      q18 vectorwise,   213.691,    15.176,     1.610,     2.637, 14398.500,    62.669,     0.467,     0.087,     2.185,   100.929,     0.374,     0.369,     0.374,    10.150,    26.636,    15.237,    23.763,

############################################
### B. 16 threads, 8+8 across sockets, interleaved memory
###    physcpubind=0,2,4,6,8,10,12,14,1,3,5,7,9,11,13,15
############################################
                name,      time,      CPUs,       IPC,       GHz, Bandwidth,    cycles,LLC-misses,LLC-misses2, l1-misses,    instr.,br. misses,    all_rd,br. misses,    stores,     loads, mem_stall,task-clock,
       q1 hyper     ,    42.694,    15.901,     2.082,     3.147, 51613.660,    35.617,     0.598,     0.008,     0.633,    74.155,     0.015,     0.602,     0.015,     7.906,    38.457,     5.702,    11.317,
       q1 vectorwise,    76.289,    15.842,     2.526,     3.139, 29107.031,    63.237,     0.598,     0.020,     2.143,   159.760,     0.029,     0.606,     0.029,    15.941,    46.682,    10.454,    20.148,
       q3 hyper     ,    85.057,    14.946,     0.549,     2.637, 26611.184,    43.823,     0.242,     0.062,     0.590,    24.058,     0.261,     0.485,     0.261,     0.535,    10.481,    26.510,    16.620,
       q3 vectorwise,    70.994,    15.205,     1.073,     2.497, 32956.502,    35.236,     0.244,     0.054,     1.006,    37.806,     0.095,     0.501,     0.095,     3.428,     8.411,    17.822,    14.113,
       q5 hyper     ,    71.854,    15.221,     0.690,     2.529, 31988.261,    36.108,     0.163,     0.042,     0.608,    24.913,     0.181,     0.492,     0.181,     0.149,     8.462,    20.187,    14.280,
       q5 vectorwise,    63.983,    15.332,     1.114,     2.462, 36224.648,    31.540,     0.169,     0.037,     0.830,    35.143,     0.075,     0.496,     0.075,     1.742,     6.055,    14.222,    12.809,

--- monitor snapshot (pid=622474) ---
thread -> CPU placement (tid, psr=running CPU):
    TID PSR COMMAND
 622474   9 run_tpch
 622477  11 workerPool 9
 622478   8 workerPool 2
 622479   0 workerPool 12
 622480  13 workerPool 13
 622481  10 workerPool 8
 622482   2 workerPool 3
 622483   3 workerPool 0
 622484   1 workerPool 11
 622485   4 workerPool 5
 622486  12 workerPool 14
 622487   5 workerPool 6
 622488   6 workerPool 10
 622489  15 workerPool 4
 622490   7 workerPool 7
 622491  14 workerPool 1

memory placement per NUMA node:

Per-node process memory usage (in MBs) for PID 622474 (run_tpch)
                           Node 0          Node 1           Total
                  --------------- --------------- ---------------
Huge                         0.00            0.00            0.00
Heap                         0.44            0.44            0.88
Stack                        0.02            0.01            0.03
Private                   2894.91            3.48         2898.40
----------------  --------------- --------------- ---------------
Total                     2895.37            3.93         2899.30
--- end snapshot ---

       q6 hyper     ,    22.336,    16.002,     0.895,     3.218, 58227.115,    19.179,     0.354,     0.017,     0.336,    17.160,     0.059,     0.355,     0.059,     0.004,     3.044,    12.565,     5.958,
       q6 vectorwise,    22.322,    15.995,     0.794,     3.125, 50950.854,    18.600,     0.309,     0.076,     0.202,    14.768,     0.006,     0.311,     0.006,     1.749,     2.590,    13.781,     5.952,
       q9 hyper     ,   226.968,    15.120,     0.461,     2.590, 34060.985,   104.445,     0.772,     0.283,     2.062,    48.115,     0.269,     1.489,     0.269,     2.112,    14.352,    69.968,    40.333,
       q9 vectorwise,   187.604,    15.116,     0.824,     2.526, 42497.150,    84.175,     0.778,     0.216,     2.600,    69.371,     0.296,     1.535,     0.296,     4.335,    12.490,    44.491,    33.329,
      q18 hyper     ,   185.232,    14.363,     1.099,     2.281, 20344.290,    44.469,     0.388,     0.056,     0.819,    48.883,     0.174,     0.452,     0.174,     4.658,    20.880,    14.410,    19.495,
      q18 vectorwise,   234.171,    14.902,     1.568,     2.517, 13012.126,    64.352,     0.415,     0.079,     2.181,   100.910,     0.374,     0.366,     0.374,    10.146,    26.663,    16.073,    25.570,

############################################
### C. 32 threads, both sockets, interleaved memory
############################################
                name,      time,      CPUs,       IPC,       GHz, Bandwidth,    cycles,LLC-misses,LLC-misses2, l1-misses,    instr.,br. misses,    all_rd,br. misses,    stores,     loads, mem_stall,task-clock,
       q1 hyper     ,    37.008,    31.364,     1.249,     3.065, 59631.547,    59.302,     0.597,     0.015,     0.626,    74.041,     0.015,     0.603,     0.015,     7.906,    38.499,    28.013,    19.350,
       q1 vectorwise,    48.916,    30.764,     2.145,     2.971, 45730.391,    74.530,     0.600,     0.020,     2.151,   159.878,     0.029,     0.611,     0.029,    15.943,    46.644,    19.546,    25.087,
       q3 hyper     ,    60.631,    26.656,     0.523,     2.198, 37035.890,    46.451,     0.243,     0.061,     0.604,    24.288,     0.264,     0.481,     0.264,     0.534,    10.499,    28.807,    21.131,
       q3 vectorwise,    56.371,    28.948,     0.886,     1.937, 41698.968,    41.335,     0.247,     0.053,     0.967,    36.603,     0.096,     0.504,     0.096,     3.194,     7.946,    20.978,    21.335,
       q5 hyper     ,    50.931,    27.714,     0.662,     2.056, 45082.178,    37.889,     0.167,     0.040,     0.613,    25.069,     0.181,     0.491,     0.181,     0.155,     8.481,    21.361,    18.430,
       q5 vectorwise,    50.248,    29.633,     0.880,     2.058, 46128.687,    40.011,     0.170,     0.036,     0.832,    35.199,     0.076,     0.496,     0.076,     1.751,     6.072,    16.440,    19.442,
       q6 hyper     ,    19.763,    31.997,     0.510,     3.194, 65544.980,    33.676,     0.352,     0.018,     0.337,    17.182,     0.059,     0.354,     0.059,     0.008,     3.055,    26.869,    10.542,

--- monitor snapshot (pid=622494) ---
thread -> CPU placement (tid, psr=running CPU):
    TID PSR COMMAND
 622494  20 run_tpch
 622497  22 workerPool 12
 622498  29 workerPool 5
 622499  19 workerPool 2
 622500  24 workerPool 14
 622501  31 workerPool 3
 622502  21 workerPool 29
 622503   0 workerPool 7
 622504  23 workerPool 8
 622505   2 workerPool 11
 622506   1 workerPool 23
 622507  16 workerPool 25
 622508   4 workerPool 9
 622509   3 workerPool 28
 622510  26 workerPool 27
 622511   5 workerPool 17
 622512  25 workerPool 16
 622513   6 workerPool 15
 622514   8 workerPool 10
 622515   7 workerPool 30
 622516   9 workerPool 20
 622517  27 workerPool 1
 622518  10 workerPool 26
 622519  28 workerPool 22
 622520  11 workerPool 13
 622521  14 workerPool 6
 622522  18 workerPool 24
 622523  30 workerPool 21
 622524  13 workerPool 4
 622526  15 workerPool 19
 622525  12 workerPool 18
 622527  17 workerPool 0

memory placement per NUMA node:

Per-node process memory usage (in MBs) for PID 622494 (run_tpch)
                           Node 0          Node 1           Total
                  --------------- --------------- ---------------
Huge                         0.00            0.00            0.00
Heap                         0.45            0.44            0.88
Stack                        0.01            0.02            0.03
Private                   2896.50            6.75         2903.25
----------------  --------------- --------------- ---------------
Total                     2896.96            7.20         2904.16
--- end snapshot ---

       q6 vectorwise,    19.328,    30.507,     0.491,     3.068, 58553.989,    30.156,     0.308,     0.075,     0.204,    14.801,     0.007,     0.309,     0.007,     1.750,     2.598,    24.751,     9.830,
       q9 hyper     ,   153.526,    28.368,     0.426,     2.217, 50434.054,   113.496,     0.768,     0.275,     2.068,    48.296,     0.270,     1.491,     0.270,     2.123,    14.331,    78.461,    51.187,
       q9 vectorwise,   134.335,    28.948,     0.700,     2.182, 59506.013,    99.706,     0.774,     0.212,     2.596,    69.763,     0.300,     1.539,     0.300,     4.349,    12.524,    55.073,    45.704,
      q18 hyper     ,   133.284,    26.639,     0.972,     1.934, 27186.207,    50.323,     0.375,     0.038,     0.876,    48.907,     0.182,     0.435,     0.182,     4.664,    20.885,    16.922,    26.017,
      q18 vectorwise,   139.529,    28.176,     1.517,     2.278, 19790.907,    65.635,     0.325,     0.038,     2.182,    99.553,     0.382,     0.332,     0.382,     9.890,    26.164,    15.033,    28.807,

End: 2026-04-29T02:00:54-04:00
