=== Job info ===
Job ID:   3161196
Node:     adroit-16
Start:    2026-04-29T01:46:10-04:00
Project:  /scratch/network/hp6068/db-engine-paradigms

=== CPU ===
Model name:                              Intel(R) Xeon(R) Gold 6142 CPU @ 2.60GHz
Thread(s) per core:                      1
Core(s) per socket:                      16
Socket(s):                               2
CPU(s) scaling MHz:                      84%
CPU max MHz:                             3700.0000
CPU min MHz:                             1000.0000

=== NUMA ===
available: 2 nodes (0-1)
node 0 cpus: 0 2 4 6 8 10 12 14 16 18 20 22 24 26 28 30
node 0 size: 191440 MB
node 0 free: 17824 MB
node 1 cpus: 1 3 5 7 9 11 13 15 17 19 21 23 25 27 29 31
node 1 size: 193482 MB
node 1 free: 128441 MB
node distances:
node     0    1 
   0:   10   21 
   1:   21   10 

=== Kernel ===
randomize_va_space: 2
================

                name,      time,      CPUs,       IPC,       GHz, Bandwidth,    cycles,LLC-misses,LLC-misses2, l1-misses,    instr.,br. misses,    all_rd,br. misses,    stores,     loads, mem_stall,task-clock,
     q1.1 hyper     ,    55.142,     1.000,     0.711,     3.235,  2042.947,    29.708,     0.301,     0.010,     0.330,    21.131,     0.659,     0.307,     0.659,     0.152,     8.265,     7.272,     9.185,
     q1.1 vectorwise,    21.170,     1.000,     1.951,     3.217,  5047.859,    11.345,     0.277,     0.039,     0.446,    22.135,     0.049,     0.292,     0.049,     2.241,     4.171,     3.424,     3.527,
     q1.2 hyper     ,    26.182,     1.000,     1.483,     3.231,  3532.493,    14.091,     0.235,     0.004,     0.230,    20.897,     0.199,     0.252,     0.199,     0.057,     8.752,     2.052,     4.361,
     q1.2 vectorwise,    17.690,     1.000,     2.072,     3.216,  5227.704,     9.478,     0.229,     0.074,     0.255,    19.640,     0.012,     0.252,     0.012,     2.153,     3.579,     3.328,     2.947,
     q1.3 hyper     ,    24.843,     1.000,     1.559,     3.230,  3699.824,    13.365,     0.225,     0.003,     0.228,    20.830,     0.172,     0.251,     0.172,     0.056,     8.712,     1.943,     4.138,
     q1.3 vectorwise,    17.216,     1.000,     2.106,     3.218,  5340.038,     9.227,     0.222,     0.072,     0.239,    19.430,     0.010,     0.251,     0.010,     2.123,     3.525,     3.171,     2.868,
     q2.1 hyper     ,    44.137,     1.000,     1.473,     3.196,  1536.216,    22.734,     0.136,     0.012,     1.124,    33.481,     0.151,     0.179,     0.151,     0.129,    14.703,     5.535,     7.113,
     q2.1 vectorwise,    39.748,     1.000,     1.940,     3.199,  1503.795,    20.488,     0.110,     0.033,     1.526,    39.740,     0.198,     0.158,     0.198,     1.778,     7.060,     4.194,     6.406,
     q2.2 hyper     ,    28.009,     1.000,     2.228,     3.194,  1329.082,    14.418,     0.062,     0.005,     0.403,    32.128,     0.065,     0.098,     0.065,     0.103,    14.273,     2.252,     4.514,
     q2.2 vectorwise,    25.635,     1.000,     2.736,     3.175,  1411.908,    13.115,     0.054,     0.006,     0.814,    35.882,     0.084,     0.096,     0.084,     1.359,     6.020,     1.568,     4.131,
     q2.3 hyper     ,    23.539,     1.000,     2.566,     3.215,  1160.979,    12.194,     0.021,     0.000,     0.078,    31.287,     0.045,     0.072,     0.045,     0.062,    13.998,     0.649,     3.793,
     q2.3 vectorwise,    19.677,     1.000,     3.370,     3.179,  1388.118,    10.079,     0.022,     0.000,     0.105,    33.963,     0.053,     0.072,     0.053,     1.146,     5.413,     0.533,     3.171,
     q3.1 hyper     ,    55.898,     1.000,     1.513,     3.208,  1993.428,    29.713,     0.233,     0.022,     0.861,    44.950,     0.239,     0.302,     0.239,     1.512,    17.941,     6.910,     9.262,
     q3.1 vectorwise,    64.959,     1.000,     1.872,     3.204,  1621.971,    34.485,     0.216,     0.046,     1.640,    64.572,     0.379,     0.286,     0.379,     4.070,    13.747,     6.405,    10.763,
     q3.2 hyper     ,    24.942,     1.000,     2.560,     3.181,  1927.130,    13.146,     0.099,     0.004,     0.190,    33.659,     0.061,     0.130,     0.061,     1.035,    14.576,     1.706,     4.133,
     q3.2 vectorwise,    28.183,     1.000,     2.628,     3.179,  1591.227,    14.845,     0.086,     0.008,     0.484,    39.019,     0.095,     0.122,     0.095,     1.708,     6.812,     2.239,     4.670,
     q3.3 hyper     ,    19.350,     1.000,     3.210,     3.181,  1482.758,    10.197,     0.038,     0.001,     0.079,    32.728,     0.027,     0.078,     0.027,     1.015,    14.237,     0.530,     3.206,
     q3.3 vectorwise,    19.295,     1.000,     3.467,     3.157,  1449.976,    10.093,     0.034,     0.001,     0.104,    34.989,     0.037,     0.076,     0.037,     1.217,     5.643,     0.611,     3.197,
     q3.4 hyper     ,    21.814,     1.000,     2.808,     3.220,  1290.600,    11.639,     0.029,     0.001,     0.078,    32.684,     0.026,     0.076,     0.026,     1.011,    14.227,     0.464,     3.615,
     q3.4 vectorwise,    18.890,     1.000,     3.501,     3.184,  1464.756,     9.966,     0.029,     0.001,     0.099,    34.896,     0.037,     0.075,     0.037,     1.205,     5.621,     0.541,     3.130,
     q4.1 hyper     ,    82.292,     1.000,     1.086,     3.173,  1503.521,    41.880,     0.190,     0.040,     0.714,    45.467,     0.436,     0.325,     0.436,     0.334,    19.917,    12.729,    13.198,
     q4.1 vectorwise,    77.106,     1.000,     1.410,     3.171,  1674.195,    39.204,     0.187,     0.060,     1.278,    55.280,     0.570,     0.339,     0.570,     3.158,    11.301,     8.952,    12.366,
     q4.2 hyper     ,    84.278,     1.000,     1.015,     3.170,  1306.060,    42.846,     0.171,     0.029,     0.703,    43.488,     0.430,     0.289,     0.430,     0.254,    20.652,    12.996,    13.517,
     q4.2 vectorwise,    72.827,     1.000,     1.482,     3.162,  1558.313,    36.931,     0.171,     0.043,     1.366,    54.748,     0.541,     0.298,     0.541,     3.191,    11.147,     8.141,    11.680,
     q4.3 hyper     ,    42.019,     1.000,     1.702,     3.185,  1413.302,    21.463,     0.098,     0.011,     0.169,    36.526,     0.154,     0.156,     0.154,     0.066,    18.306,     4.954,     6.739,
     q4.3 vectorwise,    35.872,     1.000,     2.124,     3.168,  1574.180,    18.223,     0.090,     0.023,     0.320,    38.705,     0.199,     0.148,     0.199,     1.666,     6.789,     3.294,     5.753,

End: 2026-04-29T01:46:28-04:00
