=== Job info ===
Job ID:   3161197
Node:     adroit-16
Start:    2026-04-29T01:46:40-04:00
Project:  /scratch/network/hp6068/db-engine-paradigms

=== CPU ===
Model name:                              Intel(R) Xeon(R) Gold 6142 CPU @ 2.60GHz
Thread(s) per core:                      1
Core(s) per socket:                      16
Socket(s):                               2
CPU(s) scaling MHz:                      82%
CPU max MHz:                             3700.0000
CPU min MHz:                             1000.0000

=== NUMA ===
available: 2 nodes (0-1)
node 0 cpus: 0 2 4 6 8 10 12 14 16 18 20 22 24 26 28 30
node 0 size: 191440 MB
node 0 free: 17827 MB
node 1 cpus: 1 3 5 7 9 11 13 15 17 19 21 23 25 27 29 31
node 1 size: 193482 MB
node 1 free: 128438 MB
node distances:
node     0    1 
   0:   10   21 
   1:   21   10 

=== Kernel ===
randomize_va_space: 2
================

                name,      time,      CPUs,       IPC,       GHz, Bandwidth,    cycles,LLC-misses,LLC-misses2, l1-misses,    instr.,br. misses,    all_rd,br. misses,    stores,     loads, mem_stall,task-clock,
     q1.1 hyper     ,  1653.318,     1.000,     0.710,     3.237,  2040.513,    29.734,     0.307,     0.010,     0.329,    21.124,     0.659,     0.307,     0.659,     0.151,     8.263,     7.308,     9.185,
     q1.1 vectorwise,   629.977,     1.000,     1.962,     3.222,  5090.025,    11.276,     0.291,     0.041,     0.446,    22.128,     0.049,     0.292,     0.049,     2.240,     4.170,     3.453,     3.500,
     q1.2 hyper     ,   787.427,     1.000,     1.477,     3.233,  3518.144,    14.143,     0.252,     0.004,     0.230,    20.887,     0.199,     0.252,     0.199,     0.055,     8.749,     2.126,     4.374,
     q1.2 vectorwise,   537.626,     1.000,     2.038,     3.224,  5153.632,     9.629,     0.251,     0.078,     0.255,    19.626,     0.012,     0.252,     0.012,     2.151,     3.576,     3.520,     2.987,
     q1.3 hyper     ,   748.661,     1.000,     1.548,     3.234,  3676.460,    13.451,     0.250,     0.003,     0.228,    20.827,     0.171,     0.251,     0.171,     0.055,     8.710,     2.045,     4.159,
     q1.3 vectorwise,   527.586,     1.000,     2.054,     3.227,  5220.157,     9.458,     0.250,     0.077,     0.239,    19.424,     0.010,     0.251,     0.010,     2.123,     3.522,     3.422,     2.931,
     q2.1 hyper     ,  1970.710,     1.000,     0.956,     3.237,  1912.527,    35.226,     0.121,     0.030,     1.310,    33.679,     0.177,     0.341,     0.177,     0.093,    14.867,    13.696,    10.884,
     q2.1 vectorwise,  1419.052,     1.000,     1.597,     3.234,  2884.832,    25.342,     0.131,     0.041,     1.736,    40.468,     0.233,     0.370,     0.233,     1.801,     7.175,     6.191,     7.837,
     q2.2 hyper     ,   948.045,     1.000,     1.879,     3.235,  1145.291,    16.940,     0.077,     0.009,     0.956,    31.826,     0.072,     0.098,     0.072,     0.033,    14.271,     3.853,     5.236,
     q2.2 vectorwise,   818.284,     1.000,     2.441,     3.236,  1346.180,    14.623,     0.076,     0.011,     1.285,    35.692,     0.090,     0.100,     0.090,     1.320,     5.878,     2.627,     4.519,
     q2.3 hyper     ,   733.798,     1.000,     2.391,     3.236,  1065.808,    13.114,     0.067,     0.002,     0.129,    31.354,     0.053,     0.071,     0.053,     0.014,    14.118,     1.102,     4.053,
     q2.3 vectorwise,   608.052,     1.000,     3.146,     3.237,  1302.239,    10.870,     0.067,     0.001,     0.289,    34.201,     0.058,     0.072,     0.058,     1.133,     5.422,     0.918,     3.358,
     q3.1 hyper     ,  2396.760,     1.000,     1.035,     3.231,  3598.621,    42.793,     0.186,     0.038,     1.161,    44.297,     0.229,     0.781,     0.229,     1.448,    17.797,    15.283,    13.244,
     q3.1 vectorwise,  2452.277,     1.000,     1.479,     3.230,  3905.025,    43.773,     0.212,     0.053,     1.839,    64.761,     0.397,     0.867,     0.397,     4.039,    13.739,    11.096,    13.551,
     q3.2 hyper     ,  1022.341,     1.000,     1.842,     3.231,  2095.932,    18.252,     0.103,     0.008,     0.466,    33.618,     0.058,     0.194,     0.058,     1.023,    14.558,     4.149,     5.649,
     q3.2 vectorwise,   993.720,     1.000,     2.165,     3.234,  2176.630,    17.757,     0.102,     0.011,     0.742,    38.438,     0.088,     0.196,     0.088,     1.642,     6.645,     4.174,     5.491,
     q3.3 hyper     ,   640.088,     1.000,     2.855,     3.230,  1476.662,    11.425,     0.073,     0.002,     0.303,    32.625,     0.024,     0.086,     0.024,     1.007,    14.200,     0.958,     3.537,
     q3.3 vectorwise,   602.126,     1.000,     3.231,     3.233,  1552.070,    10.758,     0.071,     0.002,     0.538,    34.762,     0.033,     0.085,     0.033,     1.195,     5.579,     1.200,     3.327,
     q3.4 hyper     ,   683.495,     1.000,     2.672,     3.232,  1388.017,    12.207,     0.073,     0.002,     0.301,    32.613,     0.023,     0.086,     0.023,     1.007,    14.204,     0.918,     3.777,
     q3.4 vectorwise,   595.399,     1.000,     3.262,     3.234,  1572.454,    10.640,     0.072,     0.002,     0.535,    34.710,     0.032,     0.085,     0.032,     1.187,     5.562,     1.120,     3.290,
     q4.1 hyper     ,  3341.963,     1.000,     0.759,     3.223,  2019.457,    59.188,     0.269,     0.102,     1.798,    44.914,     0.370,     0.608,     0.370,     0.185,    19.864,    26.877,    18.366,
     q4.1 vectorwise,  2791.605,     1.000,     1.133,     3.221,  2652.586,    49.409,     0.278,     0.086,     2.680,    55.994,     0.620,     0.667,     0.620,     3.188,    11.447,    14.060,    15.341,
     q4.2 hyper     ,  3412.625,     1.000,     0.708,     3.224,  1945.199,    60.457,     0.230,     0.085,     1.734,    42.795,     0.359,     0.598,     0.359,     0.104,    20.579,    27.718,    18.754,
     q4.2 vectorwise,  2598.941,     1.000,     1.204,     3.219,  3027.747,    45.982,     0.242,     0.059,     2.753,    55.351,     0.591,     0.709,     0.591,     3.206,    11.221,    12.559,    14.282,
     q4.3 hyper     ,  1516.738,     1.000,     1.360,     3.229,  1360.654,    26.913,     0.128,     0.020,     0.623,    36.607,     0.161,     0.186,     0.161,     0.021,    18.518,     8.686,     8.335,
     q4.3 vectorwise,  1161.961,     1.000,     1.870,     3.228,  1787.703,    20.610,     0.125,     0.034,     1.091,    38.543,     0.211,     0.187,     0.211,     1.624,     6.668,     4.562,     6.386,

End: 2026-04-29T01:50:15-04:00
