=== Job info ===
Job ID:   3178228
Node:     adroit-15
Start:    2026-05-02T20:30:04-04:00
Project:  /scratch/network/hp6068/db-engine-paradigms

=== CPU ===
Model name:                              Intel(R) Xeon(R) Gold 6142 CPU @ 2.60GHz
Thread(s) per core:                      1
Core(s) per socket:                      16
Socket(s):                               2
CPU(s) scaling MHz:                      83%
CPU max MHz:                             3700.0000
CPU min MHz:                             1000.0000

=== NUMA ===
available: 2 nodes (0-1)
node 0 cpus: 0 2 4 6 8 10 12 14 16 18 20 22 24 26 28 30
node 0 size: 191395 MB
node 0 free: 49355 MB
node 1 cpus: 1 3 5 7 9 11 13 15 17 19 21 23 25 27 29 31
node 1 size: 193528 MB
node 1 free: 59487 MB
node distances:
node     0    1 
   0:   10   21 
   1:   21   10 

=== Kernel ===
randomize_va_space: 2
================
                name,      time,      CPUs,       IPC,       GHz, Bandwidth,    cycles,LLC-misses,LLC-misses2, l1-misses,    instr.,br. misses,    all_rd,br. misses,    stores,     loads, mem_stall,local_dram,remote_dram,task-clock,
       q1 hyper     ,  1745.626,     1.000,     2.360,     3.236,  3761.245,    31.383,     0.595,     0.005,     0.634,    74.064,     0.015,     0.598,     0.015,     7.863,    38.363,     1.668,     0.001,     0.000,     9.698,
       q1 vectorwise,  3188.331,     1.000,     2.780,     3.243,  2061.984,    57.433,     0.595,     0.014,     2.143,   159.669,     0.031,     0.598,     0.031,    15.888,    46.522,     5.648,     0.003,     0.000,    17.712,
       q3 hyper     ,  3319.688,     1.000,     0.534,     3.148,  2146.163,    45.539,     0.381,     0.153,     0.694,    24.333,     0.271,     0.509,     0.271,     0.532,    10.510,    28.332,     0.034,     0.000,    14.464,
       q3 vectorwise,  2333.398,     1.000,     1.226,     3.112,  3189.576,    31.644,     0.391,     0.126,     1.184,    38.783,     0.083,     0.531,     0.083,     3.662,     8.818,    15.927,     0.028,     0.000,    10.167,
       q5 hyper     ,  2577.356,     1.000,     0.702,     3.172,  2813.759,    35.580,     0.227,     0.088,     0.693,    24.989,     0.186,     0.517,     0.186,     0.138,     8.475,    19.816,     0.020,     0.000,    11.215,
       q5 vectorwise,  2019.165,     1.000,     1.279,     3.155,  3682.630,    27.718,     0.234,     0.069,     0.952,    35.461,     0.083,     0.530,     0.083,     1.762,     6.148,    13.020,     0.015,     0.000,     8.786,
       q6 hyper     ,   584.218,     1.000,     1.633,     3.235,  6702.164,    10.499,     0.356,     0.014,     0.335,    17.145,     0.059,     0.356,     0.059,     0.000,     3.037,     3.757,     0.003,     0.000,     3.246,
       q6 vectorwise,   523.190,     1.000,     1.572,     3.233,  6440.495,     9.396,     0.305,     0.080,     0.197,    14.771,     0.006,     0.307,     0.006,     1.747,     2.587,     4.851,     0.018,     0.000,     2.907,
       q9 hyper     ,  8337.490,     1.000,     0.473,     3.133,  2992.688,   102.307,     0.988,     0.450,     2.325,    48.348,     0.310,     1.601,     0.310,     2.106,    14.439,    65.436,     0.099,     0.000,    32.656,
       q9 vectorwise,  5917.072,     1.000,     0.980,     3.091,  4378.909,    71.640,     0.978,     0.297,     2.900,    70.208,     0.343,     1.663,     0.343,     4.379,    12.662,    34.776,     0.066,     0.000,    23.176,
      q18 hyper     ,  5531.335,     1.000,     1.204,     2.977,  2460.227,    40.215,     0.495,     0.126,     0.979,    48.417,     0.172,     0.544,     0.172,     4.559,    20.705,    15.667,     0.028,     0.000,    13.507,
      q18 vectorwise,  7163.273,     1.000,     1.838,     3.083,  1507.050,    53.934,     0.440,     0.092,     2.321,    99.118,     0.392,     0.432,     0.392,     9.777,    25.922,    11.717,     0.020,     0.000,    17.492,

End: 2026-05-02T20:39:54-04:00
