=== Job info ===
Job ID:   3161193
Node:     adroit-16
Start:    2026-04-29T01:35:07-04:00
Project:  /scratch/network/hp6068/db-engine-paradigms

=== CPU ===
Model name:                              Intel(R) Xeon(R) Gold 6142 CPU @ 2.60GHz
Thread(s) per core:                      1
Core(s) per socket:                      16
Socket(s):                               2
CPU(s) scaling MHz:                      84%
CPU max MHz:                             3700.0000
CPU min MHz:                             1000.0000

=== NUMA ===
available: 2 nodes (0-1)
node 0 cpus: 0 2 4 6 8 10 12 14 16 18 20 22 24 26 28 30
node 0 size: 191440 MB
node 0 free: 17827 MB
node 1 cpus: 1 3 5 7 9 11 13 15 17 19 21 23 25 27 29 31
node 1 size: 193482 MB
node 1 free: 128446 MB
node distances:
node     0    1 
   0:   10   21 
   1:   21   10 

=== Kernel ===
randomize_va_space: 2
================

                name,      time,      CPUs,       IPC,       GHz, Bandwidth,    cycles,LLC-misses,LLC-misses2, l1-misses,    instr.,br. misses,    all_rd,br. misses,    stores,     loads, mem_stall,task-clock,
       q1 hyper     ,   601.397,     1.000,     2.304,     3.210,  3656.211,    32.166,     0.596,     0.007,     0.629,    74.124,     0.015,     0.601,     0.015,     7.886,    38.483,     2.069,    10.022,
       q1 vectorwise,  1077.924,     1.000,     2.749,     3.233,  2030.542,    58.088,     0.595,     0.014,     2.145,   159.695,     0.029,     0.598,     0.029,    15.927,    46.640,     6.317,    17.969,
       q3 hyper     ,   816.339,     1.000,     0.729,     3.117,  2733.958,    33.272,     0.221,     0.054,     0.588,    24.253,     0.268,     0.478,     0.268,     0.534,    10.487,    16.664,    10.673,
       q3 vectorwise,   667.574,     1.000,     1.438,     3.106,  3461.792,    27.112,     0.222,     0.048,     1.056,    38.982,     0.094,     0.495,     0.094,     3.673,     8.887,    10.769,     8.728,
       q5 hyper     ,   676.160,     1.000,     0.901,     3.128,  3390.737,    27.611,     0.142,     0.033,     0.600,    24.871,     0.180,     0.490,     0.180,     0.138,     8.435,    12.254,     8.828,
       q5 vectorwise,   555.024,     1.000,     1.551,     3.119,  4139.217,    22.605,     0.148,     0.030,     0.816,    35.071,     0.075,     0.491,     0.075,     1.734,     6.032,     8.275,     7.247,
       q6 hyper     ,   200.033,     1.000,     1.597,     3.222,  6512.034,    10.744,     0.356,     0.015,     0.333,    17.155,     0.059,     0.356,     0.059,     0.000,     3.036,     3.967,     3.335,
       q6 vectorwise,   183.081,     1.000,     1.505,     3.214,  6126.199,     9.809,     0.306,     0.080,     0.198,    14.766,     0.006,     0.306,     0.006,     1.748,     2.588,     5.280,     3.052,
       q9 hyper     ,  2221.896,     1.000,     0.600,     3.065,  3459.781,    80.046,     0.758,     0.305,     2.045,    48.031,     0.266,     1.480,     0.266,     2.102,    14.348,    46.454,    26.112,
       q9 vectorwise,  1747.576,     1.000,     1.115,     3.033,  4527.763,    62.282,     0.747,     0.223,     2.576,    69.452,     0.297,     1.524,     0.297,     4.322,    12.442,    27.181,    20.538,
      q18 hyper     ,  1664.725,     1.000,     1.378,     2.897,  2401.430,    35.337,     0.404,     0.100,     0.845,    48.704,     0.144,     0.480,     0.144,     4.651,    20.846,    12.107,    12.198,
      q18 vectorwise,  2475.349,     1.000,     1.840,     3.021,  1338.210,    54.796,     0.434,     0.101,     2.226,   100.821,     0.373,     0.398,     0.373,    10.135,    26.629,    11.784,    18.137,

End: 2026-04-29T01:36:25-04:00
