=== Job info ===
Job ID:   3170615
Node:     adroit-15
Start:    2026-05-01T22:00:31-04:00
Project:  /scratch/network/hp6068/db-engine-paradigms

=== CPU ===
Model name:                              Intel(R) Xeon(R) Gold 6142 CPU @ 2.60GHz
Thread(s) per core:                      1
Core(s) per socket:                      16
Socket(s):                               2
CPU(s) scaling MHz:                      89%
CPU max MHz:                             3700.0000
CPU min MHz:                             1000.0000

=== NUMA ===
available: 2 nodes (0-1)
node 0 cpus: 0 2 4 6 8 10 12 14 16 18 20 22 24 26 28 30
node 0 size: 191395 MB
node 0 free: 138383 MB
node 1 cpus: 1 3 5 7 9 11 13 15 17 19 21 23 25 27 29 31
node 1 size: 193528 MB
node 1 free: 64414 MB
node distances:
node     0    1 
   0:   10   21 
   1:   21   10 

=== Kernel ===
randomize_va_space: 2
================
                name,      time,      CPUs,       IPC,       GHz, Bandwidth,    cycles,LLC-misses,LLC-misses2, l1-misses,    instr.,br. misses,    all_rd,br. misses,    stores,     loads, mem_stall,local_dram,remote_dram,task-clock,
       q1 hyper     ,   174.773,     1.000,     2.362,     3.230,  3755.214,    31.365,     0.592,     0.005,     0.648,    74.076,     0.015,     0.598,     0.015,     7.868,    38.383,     1.611,     0.001,     0.000,     9.712,
       q1 vectorwise,   319.573,     1.000,     2.778,     3.237,  2057.378,    57.477,     0.588,     0.014,     2.147,   159.675,     0.031,     0.599,     0.031,    15.887,    46.530,     5.702,     0.003,     0.000,    17.757,
       q3 hyper     ,   213.180,     1.000,     0.859,     3.050,  2908.146,    28.330,     0.181,     0.025,     0.557,    24.328,     0.279,     0.443,     0.279,     0.542,    10.538,    11.335,     0.006,     0.000,     9.291,
       q3 vectorwise,   170.832,     1.000,     1.701,     3.049,  3645.843,    22.696,     0.174,     0.025,     0.977,    38.594,     0.092,     0.445,     0.092,     3.613,     8.762,     7.104,     0.005,     0.000,     7.445,
       q5 hyper     ,   183.206,     1.000,     1.018,     3.107,  3272.155,    24.773,     0.104,     0.015,     0.531,    25.212,     0.199,     0.427,     0.199,     0.133,     8.567,     9.152,     0.003,     0.000,     7.974,
       q5 vectorwise,   143.457,     1.000,     1.789,     3.139,  3953.727,    19.596,     0.111,     0.015,     0.686,    35.051,     0.079,     0.404,     0.079,     1.749,     6.103,     5.605,     0.003,     0.000,     6.244,
       q6 hyper     ,    58.808,     1.000,     1.624,     3.231,  6658.287,    10.559,     0.354,     0.014,     0.335,    17.149,     0.059,     0.356,     0.059,     0.000,     3.038,     3.817,     0.003,     0.000,     3.268,
       q6 vectorwise,    53.182,     1.000,     1.549,     3.228,  6356.591,     9.539,     0.302,     0.079,     0.198,    14.776,     0.006,     0.308,     0.006,     1.748,     2.588,     4.951,     0.018,     0.000,     2.956,
       q9 hyper     ,   576.324,     1.000,     0.693,     3.056,  3579.323,    68.996,     0.551,     0.184,     1.829,    47.786,     0.290,     1.324,     0.290,     2.102,    14.309,    34.848,     0.041,     0.000,    22.577,
       q9 vectorwise,   462.075,     1.000,     1.275,     3.013,  4464.032,    54.546,     0.536,     0.165,     2.315,    69.551,     0.316,     1.324,     0.316,     4.336,    12.551,    20.537,     0.037,     0.000,    18.101,
      q18 hyper     ,   445.558,     1.000,     1.553,     2.871,  2783.731,    31.245,     0.249,     0.025,     0.795,    48.529,     0.176,     0.496,     0.176,     4.588,    20.791,     6.731,     0.006,     0.000,    10.882,
      q18 vectorwise,   692.928,     1.000,     1.970,     3.020,  1355.521,    51.102,     0.285,     0.046,     2.137,   100.686,     0.377,     0.376,     0.377,    10.107,    26.509,     9.089,     0.011,     0.000,    16.924,

End: 2026-05-01T22:01:27-04:00
